#
# A fatal error has been detected by the Java Runtime Environment:
#
#  SIGSEGV (0xb) at pc=0x00007fb589375793, pid=15058, tid=140417576138496
#
# JRE version: Java(TM) SE Runtime Environment (7.0_45-b18) (build 1.7.0_45-b18)
# Java VM: Java HotSpot(TM) 64-Bit Server VM (24.45-b08 mixed mode linux-amd64 compressed oops)
# Problematic frame:
# C  [libmawt.so+0x1e793]  getX11InputMethodData+0x43
#
# Failed to write core dump. Core dumps have been disabled. To enable core dumping, try "ulimit -c unlimited" before starting Java again
#
# If you would like to submit a bug report, please visit:
#   http://bugreport.sun.com/bugreport/crash.jsp
# The crash happened outside the Java Virtual Machine in native code.
# See problematic frame for where to report the bug.
#

---------------  T H R E A D  ---------------

Current thread (0x00007fb590190000):  JavaThread "AWT-XAWT" daemon [_thread_in_native, id=15079, stack(0x00007fb583aef000,0x00007fb583bf0000)]

siginfo:si_signo=SIGSEGV: si_errno=0, si_code=1 (SEGV_MAPERR), si_addr=0x0000000000000021

Registers:
RAX=0x0000000000000001, RBX=0x0000000000000001, RCX=0x00007fb5965192e0, RDX=0x0000000000000042
RSP=0x00007fb583bee440, RBP=0x00007fb583bee460, RSI=0x00007fb59006b6e0, RDI=0x00007fb5901901e8
R8 =0x0000000000000005, R9 =0x000000077fea27d0, R10=0x000000000000000e, R11=0x00007fb595af4008
R12=0x00007fb5901901e8, R13=0x00007fb59006b6e0, R14=0x00007fb5895aafc0, R15=0x00007fb590190000
RIP=0x00007fb589375793, EFLAGS=0x0000000000010202, CSGSFS=0x0000000000000033, ERR=0x0000000000000004
  TRAPNO=0x000000000000000e

Top of Stack: (sp=0x00007fb583bee440)
0x00007fb583bee440:   00000007802e4d08 00007fb54000ada0
0x00007fb583bee450:   00000007802e4d08 00007fb583bee550
0x00007fb583bee460:   0000000000000000 00007fb588e53cc8
0x00007fb583bee470:   00000007802e4d08 00007fb583bee4a0
0x00007fb583bee480:   0000000000000000 00007fb588e4bba3
0x00007fb583bee490:   00000007802e4d08 00007fb58936b61f
0x00007fb583bee4a0:   00007fb583bee518 00007fb58c7c4cd8
0x00007fb583bee4b0:   0000000000000000 00000007d713d880
0x00007fb583bee4c0:   00000007d713f060 00007fb583bee4c8
0x00007fb583bee4d0:   00000007804c361e 00007fb583bee4d8
0x00007fb583bee4e0:   0000000000000000 00007fb583bee550
0x00007fb583bee4f0:   00000007802eadd0 0000000000000000
0x00007fb583bee500:   00000007802e4d08 0000000000000000
0x00007fb583bee510:   00007fb583bee560 0000000000000000
0x00007fb583bee520:   00007fb58c8685a8 00000007d70c1560
0x00007fb583bee530:   00007fb58c7c0cc0 0000000000000000
0x00007fb583bee540:   0000000000000000 00007fb540002e20
0x00007fb583bee550:   0000000000000000 00007fb58c8685a8
0x00007fb583bee560:   00000007d70c1400 0000000500000000
0x00007fb583bee570:   0000000000000000 00000007d70c2a38
0x00007fb583bee580:   fae18280fae18280 00007fb5fae021a8
0x00007fb583bee590:   fae18280fae18280 00000007d713d880
0x00007fb583bee5a0:   00007fb540002e20 00007fb5fae021a8
0x00007fb583bee5b0:   00007fb540002e20 0000000000000000
0x00007fb583bee5c0:   0000000000000001 0000000000000000
0x00007fb583bee5d0:   00007fb583bee630 00007fb58c7b8058
0x00007fb583bee5e0:   deaddeaf00000000 00000007d70c2a38
0x00007fb583bee5f0:   00007fb583bee5f0 00000007802c8b0d
0x00007fb583bee600:   00007fb583bee640 00000007802d47a8
0x00007fb583bee610:   0000000000000000 00000007802c8b18
0x00007fb583bee620:   00007fb583bee5e0 00007fb583bee640
0x00007fb583bee630:   00007fb583bee688 00007fb58c7b8706 

Instructions: (pc=0x00007fb589375793)
0x00007fb589375773:   8b 07 49 89 f5 49 8b 16 ff 90 28 03 00 00 48 83
0x00007fb589375783:   3d 1f 4b 23 00 00 48 89 c3 75 4a 48 85 c0 74 45
0x00007fb589375793:   48 8b 50 20 4c 8d 05 b2 3b 02 00 48 8d 0d d9 3f
0x00007fb5893757a3:   02 00 31 f6 4c 89 e7 31 c0 e8 87 35 ff ff 49 8b 

Register to memory mapping:

RAX=0x0000000000000001 is an unknown value
RBX=0x0000000000000001 is an unknown value
RCX=0x00007fb5965192e0: <offset 0x2182e0> in /lib/x86_64-linux-gnu/libpthread.so.0 at 0x00007fb596301000
RDX=0x0000000000000042 is an unknown value
RSP=0x00007fb583bee440 is pointing into the stack for thread: 0x00007fb590190000
RBP=0x00007fb583bee460 is pointing into the stack for thread: 0x00007fb590190000
RSI=0x00007fb59006b6e0 is a global jni handle
RDI=0x00007fb5901901e8 is an unknown value
R8 =0x0000000000000005 is an unknown value
R9 =0x000000077fea27d0 is an oop
java.lang.Object 
 - klass: 'java/lang/Object'
R10=0x000000000000000e is an unknown value
R11=0x00007fb595af4008: <offset 0xe3c008> in /usr/lib/jvm/java-7-oracle/jre/lib/amd64/server/libjvm.so at 0x00007fb594cb8000
R12=0x00007fb5901901e8 is an unknown value
R13=0x00007fb59006b6e0 is a global jni handle
R14=0x00007fb5895aafc0: <offset 0x253fc0> in /usr/lib/jvm/java-7-oracle/jre/lib/amd64/xawt/libmawt.so at 0x00007fb589357000
R15=0x00007fb590190000 is a thread


Stack: [0x00007fb583aef000,0x00007fb583bf0000],  sp=0x00007fb583bee440,  free space=1021k
Native frames: (J=compiled Java code, j=interpreted, Vv=VM code, C=native code)
C  [libmawt.so+0x1e793]  getX11InputMethodData+0x43

Java frames: (J=compiled Java code, j=interpreted, Vv=VM code)
j  sun.awt.X11.XlibWrapper.XFilterEvent(JJ)Z+0
J  sun.awt.X11.XToolkit.run(Z)V
j  sun.awt.X11.XToolkit.run()V+5
j  java.lang.Thread.run()V+11
v  ~StubRoutines::call_stub

---------------  P R O C E S S  ---------------

Java Threads: ( => current thread )
  0x00007fb5380d3000 JavaThread "TimerQueue" daemon [_thread_blocked, id=15082, stack(0x00007fb582cbb000,0x00007fb582dbc000)]
  0x00007fb590009800 JavaThread "DestroyJavaVM" [_thread_blocked, id=15060, stack(0x00007fb59661b000,0x00007fb59671c000)]
  0x00007fb5901c9800 JavaThread "AWT-EventQueue-0" [_thread_blocked, id=15081, stack(0x00007fb5838ed000,0x00007fb5839ee000)]
  0x00007fb5901c8000 JavaThread "AWT-Shutdown" [_thread_blocked, id=15080, stack(0x00007fb5839ee000,0x00007fb583aef000)]
=>0x00007fb590190000 JavaThread "AWT-XAWT" daemon [_thread_in_native, id=15079, stack(0x00007fb583aef000,0x00007fb583bf0000)]
  0x00007fb590172000 JavaThread "Java2D Disposer" daemon [_thread_blocked, id=15078, stack(0x00007fb5880a9000,0x00007fb5881aa000)]
  0x00007fb590097000 JavaThread "Service Thread" daemon [_thread_blocked, id=15076, stack(0x00007fb58997f000,0x00007fb589a80000)]
  0x00007fb590094800 JavaThread "C2 CompilerThread1" daemon [_thread_blocked, id=15075, stack(0x00007fb589a80000,0x00007fb589b81000)]
  0x00007fb590091800 JavaThread "C2 CompilerThread0" daemon [_thread_blocked, id=15074, stack(0x00007fb589b81000,0x00007fb589c82000)]
  0x00007fb590087800 JavaThread "Signal Dispatcher" daemon [_thread_blocked, id=15073, stack(0x00007fb589c82000,0x00007fb589d83000)]
  0x00007fb59006f800 JavaThread "Finalizer" daemon [_thread_blocked, id=15071, stack(0x00007fb58a465000,0x00007fb58a566000)]
  0x00007fb59006b800 JavaThread "Reference Handler" daemon [_thread_blocked, id=15070, stack(0x00007fb58a566000,0x00007fb58a667000)]

Other Threads:
  0x00007fb590069800 VMThread [stack: 0x00007fb58a667000,0x00007fb58a768000] [id=15069]
  0x00007fb5900a1800 WatcherThread [stack: 0x00007fb58987e000,0x00007fb58997f000] [id=15077]

VM state:not at safepoint (normal execution)

VM Mutex/Monitor currently owned by a thread: None

Heap
 PSYoungGen      total 36864K, used 10882K [0x00000007d7000000, 0x00000007d9900000, 0x0000000800000000)
  eden space 31744K, 34% used [0x00000007d7000000,0x00000007d7aa0938,0x00000007d8f00000)
  from space 5120K, 0% used [0x00000007d9400000,0x00000007d9400000,0x00000007d9900000)
  to   space 5120K, 0% used [0x00000007d8f00000,0x00000007d8f00000,0x00000007d9400000)
 ParOldGen       total 83968K, used 0K [0x0000000785000000, 0x000000078a200000, 0x00000007d7000000)
  object space 83968K, 0% used [0x0000000785000000,0x0000000785000000,0x000000078a200000)
 PSPermGen       total 21504K, used 12737K [0x000000077fe00000, 0x0000000781300000, 0x0000000785000000)
  object space 21504K, 59% used [0x000000077fe00000,0x0000000780a705e0,0x0000000781300000)

Card table byte_map: [0x00007fb58c3b0000,0x00007fb58c7b2000] byte_map_base: 0x00007fb5887b1000

Polling page: 0x00007fb59673d000

Code Cache  [0x00007fb58c7b2000, 0x00007fb58ca22000, 0x00007fb58f7b2000)
 total_blobs=555 nmethods=75 adapters=433 free_code_cache=48411Kb largest_free_block=49538048

Compilation events (10 events):
Event: 8511.961 Thread 0x00007fb590094800   71             sun.awt.X11.XAnyEvent::get_window (20 bytes)
Event: 8511.964 Thread 0x00007fb590094800 nmethod 71 0x00007fb58c8523d0 code [0x00007fb58c852560, 0x00007fb58c852798]
Event: 9722.739 Thread 0x00007fb590091800   72             sun.awt.X11.XWrapperBase::<init> (5 bytes)
Event: 9722.739 Thread 0x00007fb590091800 nmethod 72 0x00007fb58c8521d0 code [0x00007fb58c852300, 0x00007fb58c852358]
Event: 10546.804 Thread 0x00007fb590094800   73             sun.awt.X11.XEvent::get_xany (22 bytes)
Event: 10546.808 Thread 0x00007fb590091800   74             sun.awt.X11.XAnyEvent::<init> (30 bytes)
Event: 10546.808 Thread 0x00007fb590094800 nmethod 73 0x00007fb58c8589d0 code [0x00007fb58c858ba0, 0x00007fb58c858fd0]
Event: 10546.810 Thread 0x00007fb590091800 nmethod 74 0x00007fb58c851b10 code [0x00007fb58c851c80, 0x00007fb58c851eb8]
Event: 10546.850 Thread 0x00007fb590094800   75   !         sun.awt.X11.XToolkit::windowToXWindow (27 bytes)
Event: 10546.857 Thread 0x00007fb590094800 nmethod 75 0x00007fb58c85a690 code [0x00007fb58c85a800, 0x00007fb58c85ad78]

GC Heap History (0 events):
No events

Deoptimization events (5 events):
Event: 0.403 Thread 0x00007fb5901c9800 Uncommon trap: reason=class_check action=maybe_recompile pc=0x00007fb58c837a74 method=java.util.Properties$LineReader.readLine()I @ 62
Event: 0.403 Thread 0x00007fb5901c9800 Uncommon trap: reason=class_check action=maybe_recompile pc=0x00007fb58c837a74 method=java.util.Properties$LineReader.readLine()I @ 62
Event: 0.404 Thread 0x00007fb5901c9800 Uncommon trap: reason=class_check action=maybe_recompile pc=0x00007fb58c837a74 method=java.util.Properties$LineReader.readLine()I @ 62
Event: 0.404 Thread 0x00007fb5901c9800 Uncommon trap: reason=class_check action=maybe_recompile pc=0x00007fb58c837a74 method=java.util.Properties$LineReader.readLine()I @ 62
Event: 7871.822 Thread 0x00007fb590190000 Uncommon trap: reason=null_check action=make_not_entrant pc=0x00007fb58c85fc70 method=sun.awt.X11.XToolkit.dispatchEvent(Lsun/awt/X11/XEvent;)V @ 99

Internal exceptions (10 events):
Event: 0.326 Thread 0x00007fb590009800 Threw 0x00000007d750c448 at /HUDSON/workspace/7u-2-build-linux-amd64/jdk7u45/229/hotspot/src/share/vm/prims/jvm.cpp:1244
Event: 0.331 Thread 0x00007fb590009800 Threw 0x00000007d75172a8 at /HUDSON/workspace/7u-2-build-linux-amd64/jdk7u45/229/hotspot/src/share/vm/prims/jvm.cpp:1244
Event: 0.331 Thread 0x00007fb590009800 Threw 0x00000007d751dfa0 at /HUDSON/workspace/7u-2-build-linux-amd64/jdk7u45/229/hotspot/src/share/vm/prims/jvm.cpp:1244
Event: 0.334 Thread 0x00007fb590009800 Threw 0x00000007d7528920 at /HUDSON/workspace/7u-2-build-linux-amd64/jdk7u45/229/hotspot/src/share/vm/prims/jvm.cpp:1244
Event: 0.342 Thread 0x00007fb590009800 Threw 0x00000007d753b580 at /HUDSON/workspace/7u-2-build-linux-amd64/jdk7u45/229/hotspot/src/share/vm/prims/jvm.cpp:1244
Event: 0.352 Thread 0x00007fb590009800 Threw 0x00000007d7555630 at /HUDSON/workspace/7u-2-build-linux-amd64/jdk7u45/229/hotspot/src/share/vm/prims/jvm.cpp:1244
Event: 0.353 Thread 0x00007fb590009800 Threw 0x00000007d7559048 at /HUDSON/workspace/7u-2-build-linux-amd64/jdk7u45/229/hotspot/src/share/vm/prims/jvm.cpp:1244
Event: 0.381 Thread 0x00007fb590009800 Threw 0x00000007d75b6ec8 at /HUDSON/workspace/7u-2-build-linux-amd64/jdk7u45/229/hotspot/src/share/vm/prims/jvm.cpp:1244
Event: 0.391 Thread 0x00007fb590009800 Threw 0x00000007d75c67c0 at /HUDSON/workspace/7u-2-build-linux-amd64/jdk7u45/229/hotspot/src/share/vm/prims/jvm.cpp:1244
Event: 7871.822 Thread 0x00007fb590190000 Implicit null exception at 0x00007fb58c85cb7b to 0x00007fb58c85fc55

Events (10 events):
Event: 16.149 loading class 0x00007fb5900f3830 done
Event: 16.150 loading class 0x00007fb5900efe40
Event: 16.150 loading class 0x00007fb5900efe40 done
Event: 7871.822 Thread 0x00007fb590190000 Uncommon trap: trap_request=0xfffffff4 fr.pc=0x00007fb58c85fc70
Event: 7871.822 Thread 0x00007fb590190000 DEOPT PACKING pc=0x00007fb58c85fc70 sp=0x00007fb583bee560
Event: 7871.823 Thread 0x00007fb590190000 DEOPT UNPACKING pc=0x00007fb58c7eb445 sp=0x00007fb583bee4b0 mode 2
Event: 8429.767 loading class 0x00007fb59012b6f0
Event: 8429.815 loading class 0x00007fb59012b6f0 done
Event: 8429.815 loading class 0x00007fb59012b6c0
Event: 8429.898 loading class 0x00007fb59012b6c0 done


Dynamic libraries:
00400000-00401000 r-xp 00000000 08:02 23731676                           /usr/lib/jvm/java-7-oracle/bin/java
00600000-00601000 rw-p 00000000 08:02 23731676                           /usr/lib/jvm/java-7-oracle/bin/java
01f37000-01f58000 rw-p 00000000 00:00 0                                  [heap]
77fe00000-781300000 rw-p 00000000 00:00 0 
781300000-785000000 rw-p 00000000 00:00 0 
785000000-78a200000 rw-p 00000000 00:00 0 
78a200000-7d7000000 rw-p 00000000 00:00 0 
7d7000000-7d9900000 rw-p 00000000 00:00 0 
7d9900000-800000000 rw-p 00000000 00:00 0 
7fb538000000-7fb5380d6000 rw-p 00000000 00:00 0 
7fb5380d6000-7fb53c000000 ---p 00000000 00:00 0 
7fb53c000000-7fb53c021000 rw-p 00000000 00:00 0 
7fb53c021000-7fb540000000 ---p 00000000 00:00 0 
7fb540000000-7fb54002f000 rw-p 00000000 00:00 0 
7fb54002f000-7fb544000000 ---p 00000000 00:00 0 
7fb544000000-7fb544021000 rw-p 00000000 00:00 0 
7fb544021000-7fb548000000 ---p 00000000 00:00 0 
7fb548000000-7fb548021000 rw-p 00000000 00:00 0 
7fb548021000-7fb54c000000 ---p 00000000 00:00 0 
7fb54c000000-7fb54c021000 rw-p 00000000 00:00 0 
7fb54c021000-7fb550000000 ---p 00000000 00:00 0 
7fb550000000-7fb550a8a000 rw-p 00000000 00:00 0 
7fb550a8a000-7fb554000000 ---p 00000000 00:00 0 
7fb554000000-7fb554021000 rw-p 00000000 00:00 0 
7fb554021000-7fb558000000 ---p 00000000 00:00 0 
7fb558000000-7fb558021000 rw-p 00000000 00:00 0 
7fb558021000-7fb55c000000 ---p 00000000 00:00 0 
7fb55c000000-7fb55caec000 rw-p 00000000 00:00 0 
7fb55caec000-7fb560000000 ---p 00000000 00:00 0 
7fb560000000-7fb560021000 rw-p 00000000 00:00 0 
7fb560021000-7fb564000000 ---p 00000000 00:00 0 
7fb564000000-7fb564021000 rw-p 00000000 00:00 0 
7fb564021000-7fb568000000 ---p 00000000 00:00 0 
7fb568000000-7fb568021000 rw-p 00000000 00:00 0 
7fb568021000-7fb56c000000 ---p 00000000 00:00 0 
7fb56fff0000-7fb574000000 rw-p 00000000 00:00 0 
7fb574000000-7fb574021000 rw-p 00000000 00:00 0 
7fb574021000-7fb578000000 ---p 00000000 00:00 0 
7fb578000000-7fb578021000 rw-p 00000000 00:00 0 
7fb578021000-7fb57c000000 ---p 00000000 00:00 0 
7fb57c000000-7fb57c021000 rw-p 00000000 00:00 0 
7fb57c021000-7fb580000000 ---p 00000000 00:00 0 
7fb582cbb000-7fb582cbe000 ---p 00000000 00:00 0 
7fb582cbe000-7fb582dbc000 rw-p 00000000 00:00 0                          [stack:15082]
7fb582dbc000-7fb582e24000 r-xp 00000000 08:02 23730294                   /usr/lib/jvm/java-7-oracle/jre/lib/amd64/libt2k.so
7fb582e24000-7fb583024000 ---p 00068000 08:02 23730294                   /usr/lib/jvm/java-7-oracle/jre/lib/amd64/libt2k.so
7fb583024000-7fb58302b000 rw-p 00068000 08:02 23730294                   /usr/lib/jvm/java-7-oracle/jre/lib/amd64/libt2k.so
7fb58302b000-7fb58303b000 rw-p 00000000 00:00 0 
7fb58303b000-7fb583050000 r-xp 00000000 08:02 6291564                    /lib/x86_64-linux-gnu/libgcc_s.so.1
7fb583050000-7fb58324f000 ---p 00015000 08:02 6291564                    /lib/x86_64-linux-gnu/libgcc_s.so.1
7fb58324f000-7fb583250000 r--p 00014000 08:02 6291564                    /lib/x86_64-linux-gnu/libgcc_s.so.1
7fb583250000-7fb583251000 rw-p 00015000 08:02 6291564                    /lib/x86_64-linux-gnu/libgcc_s.so.1
7fb583251000-7fb5832b1000 r-xp 00000000 08:02 23731572                   /usr/lib/jvm/java-7-oracle/jre/lib/amd64/libfontmanager.so
7fb5832b1000-7fb5834b0000 ---p 00060000 08:02 23731572                   /usr/lib/jvm/java-7-oracle/jre/lib/amd64/libfontmanager.so
7fb5834b0000-7fb5834b4000 rw-p 0005f000 08:02 23731572                   /usr/lib/jvm/java-7-oracle/jre/lib/amd64/libfontmanager.so
7fb5834b4000-7fb5834c5000 rw-p 00000000 00:00 0 
7fb5834c5000-7fb5834db000 r-xp 00000000 08:02 23730296                   /usr/lib/jvm/java-7-oracle/jre/lib/amd64/libnet.so
7fb5834db000-7fb5836db000 ---p 00016000 08:02 23730296                   /usr/lib/jvm/java-7-oracle/jre/lib/amd64/libnet.so
7fb5836db000-7fb5836dc000 rw-p 00016000 08:02 23730296                   /usr/lib/jvm/java-7-oracle/jre/lib/amd64/libnet.so
7fb5836dc000-7fb5836ec000 r-xp 00000000 08:02 23730276                   /usr/lib/jvm/java-7-oracle/jre/lib/amd64/libnio.so
7fb5836ec000-7fb5838ec000 ---p 00010000 08:02 23730276                   /usr/lib/jvm/java-7-oracle/jre/lib/amd64/libnio.so
7fb5838ec000-7fb5838ed000 rw-p 00010000 08:02 23730276                   /usr/lib/jvm/java-7-oracle/jre/lib/amd64/libnio.so
7fb5838ed000-7fb5838f0000 ---p 00000000 00:00 0 
7fb5838f0000-7fb5839ee000 rw-p 00000000 00:00 0                          [stack:15081]
7fb5839ee000-7fb5839f1000 ---p 00000000 00:00 0 
7fb5839f1000-7fb583aef000 rw-p 00000000 00:00 0                          [stack:15080]
7fb583aef000-7fb583af2000 ---p 00000000 00:00 0 
7fb583af2000-7fb583bf0000 rw-p 00000000 00:00 0                          [stack:15079]
7fb583bf0000-7fb583bf5000 r-xp 00000000 08:02 22158856                   /usr/lib/x86_64-linux-gnu/libXfixes.so.3.1.0
7fb583bf5000-7fb583df4000 ---p 00005000 08:02 22158856                   /usr/lib/x86_64-linux-gnu/libXfixes.so.3.1.0
7fb583df4000-7fb583df5000 r--p 00004000 08:02 22158856                   /usr/lib/x86_64-linux-gnu/libXfixes.so.3.1.0
7fb583df5000-7fb583df6000 rw-p 00005000 08:02 22158856                   /usr/lib/x86_64-linux-gnu/libXfixes.so.3.1.0
7fb583df6000-7fb583dff000 r-xp 00000000 08:02 22158848                   /usr/lib/x86_64-linux-gnu/libXcursor.so.1.0.2
7fb583dff000-7fb583ffe000 ---p 00009000 08:02 22158848                   /usr/lib/x86_64-linux-gnu/libXcursor.so.1.0.2
7fb583ffe000-7fb583fff000 r--p 00008000 08:02 22158848                   /usr/lib/x86_64-linux-gnu/libXcursor.so.1.0.2
7fb583fff000-7fb584000000 rw-p 00009000 08:02 22158848                   /usr/lib/x86_64-linux-gnu/libXcursor.so.1.0.2
7fb584000000-7fb584021000 rw-p 00000000 00:00 0 
7fb584021000-7fb588000000 ---p 00000000 00:00 0 
7fb5880a9000-7fb5880ac000 ---p 00000000 00:00 0 
7fb5880ac000-7fb5881aa000 rw-p 00000000 00:00 0                          [stack:15078]
7fb5881aa000-7fb5881af000 r-xp 00000000 08:02 22158852                   /usr/lib/x86_64-linux-gnu/libXdmcp.so.6.0.0
7fb5881af000-7fb5883ae000 ---p 00005000 08:02 22158852                   /usr/lib/x86_64-linux-gnu/libXdmcp.so.6.0.0
7fb5883ae000-7fb5883af000 r--p 00004000 08:02 22158852                   /usr/lib/x86_64-linux-gnu/libXdmcp.so.6.0.0
7fb5883af000-7fb5883b0000 rw-p 00005000 08:02 22158852                   /usr/lib/x86_64-linux-gnu/libXdmcp.so.6.0.0
7fb5883b0000-7fb5883b2000 r-xp 00000000 08:02 22158841                   /usr/lib/x86_64-linux-gnu/libXau.so.6.0.0
7fb5883b2000-7fb5885b2000 ---p 00002000 08:02 22158841                   /usr/lib/x86_64-linux-gnu/libXau.so.6.0.0
7fb5885b2000-7fb5885b3000 r--p 00002000 08:02 22158841                   /usr/lib/x86_64-linux-gnu/libXau.so.6.0.0
7fb5885b3000-7fb5885b4000 rw-p 00003000 08:02 22158841                   /usr/lib/x86_64-linux-gnu/libXau.so.6.0.0
7fb5885b4000-7fb5885d1000 r-xp 00000000 08:02 22159793                   /usr/lib/x86_64-linux-gnu/libxcb.so.1.1.0
7fb5885d1000-7fb5887d0000 ---p 0001d000 08:02 22159793                   /usr/lib/x86_64-linux-gnu/libxcb.so.1.1.0
7fb5887d0000-7fb5887d1000 r--p 0001c000 08:02 22159793                   /usr/lib/x86_64-linux-gnu/libxcb.so.1.1.0
7fb5887d1000-7fb5887d2000 rw-p 0001d000 08:02 22159793                   /usr/lib/x86_64-linux-gnu/libxcb.so.1.1.0
7fb5887d2000-7fb5887e1000 r-xp 00000000 08:02 22158862                   /usr/lib/x86_64-linux-gnu/libXi.so.6.1.0
7fb5887e1000-7fb5889e0000 ---p 0000f000 08:02 22158862                   /usr/lib/x86_64-linux-gnu/libXi.so.6.1.0
7fb5889e0000-7fb5889e1000 r--p 0000e000 08:02 22158862                   /usr/lib/x86_64-linux-gnu/libXi.so.6.1.0
7fb5889e1000-7fb5889e2000 rw-p 0000f000 08:02 22158862                   /usr/lib/x86_64-linux-gnu/libXi.so.6.1.0
7fb5889e2000-7fb5889e7000 r-xp 00000000 08:02 22158880                   /usr/lib/x86_64-linux-gnu/libXtst.so.6.1.0
7fb5889e7000-7fb588be6000 ---p 00005000 08:02 22158880                   /usr/lib/x86_64-linux-gnu/libXtst.so.6.1.0
7fb588be6000-7fb588be7000 r--p 00004000 08:02 22158880                   /usr/lib/x86_64-linux-gnu/libXtst.so.6.1.0
7fb588be7000-7fb588be8000 rw-p 00005000 08:02 22158880                   /usr/lib/x86_64-linux-gnu/libXtst.so.6.1.0
7fb588be8000-7fb588bf1000 r-xp 00000000 08:02 22158876                   /usr/lib/x86_64-linux-gnu/libXrender.so.1.3.0
7fb588bf1000-7fb588df0000 ---p 00009000 08:02 22158876                   /usr/lib/x86_64-linux-gnu/libXrender.so.1.3.0
7fb588df0000-7fb588df1000 r--p 00008000 08:02 22158876                   /usr/lib/x86_64-linux-gnu/libXrender.so.1.3.0
7fb588df1000-7fb588df2000 rw-p 00009000 08:02 22158876                   /usr/lib/x86_64-linux-gnu/libXrender.so.1.3.0
7fb588df2000-7fb588f22000 r-xp 00000000 08:02 22158837                   /usr/lib/x86_64-linux-gnu/libX11.so.6.3.0
7fb588f22000-7fb589122000 ---p 00130000 08:02 22158837                   /usr/lib/x86_64-linux-gnu/libX11.so.6.3.0
7fb589122000-7fb589123000 r--p 00130000 08:02 22158837                   /usr/lib/x86_64-linux-gnu/libX11.so.6.3.0
7fb589123000-7fb589127000 rw-p 00131000 08:02 22158837                   /usr/lib/x86_64-linux-gnu/libX11.so.6.3.0
7fb589127000-7fb589138000 r-xp 00000000 08:02 22158854                   /usr/lib/x86_64-linux-gnu/libXext.so.6.4.0
7fb589138000-7fb589337000 ---p 00011000 08:02 22158854                   /usr/lib/x86_64-linux-gnu/libXext.so.6.4.0
7fb589337000-7fb589338000 r--p 00010000 08:02 22158854                   /usr/lib/x86_64-linux-gnu/libXext.so.6.4.0
7fb589338000-7fb589339000 rw-p 00011000 08:02 22158854                   /usr/lib/x86_64-linux-gnu/libXext.so.6.4.0
7fb589357000-7fb5893a7000 r-xp 00000000 08:02 23731558                   /usr/lib/jvm/java-7-oracle/jre/lib/amd64/xawt/libmawt.so
7fb5893a7000-7fb5895a7000 ---p 00050000 08:02 23731558                   /usr/lib/jvm/java-7-oracle/jre/lib/amd64/xawt/libmawt.so
7fb5895a7000-7fb5895ab000 rw-p 00050000 08:02 23731558                   /usr/lib/jvm/java-7-oracle/jre/lib/amd64/xawt/libmawt.so
7fb5895ab000-7fb5895ac000 rw-p 00000000 00:00 0 
7fb5895ac000-7fb58964e000 r-xp 00000000 08:02 23730275                   /usr/lib/jvm/java-7-oracle/jre/lib/amd64/libawt.so
7fb58964e000-7fb58984e000 ---p 000a2000 08:02 23730275                   /usr/lib/jvm/java-7-oracle/jre/lib/amd64/libawt.so
7fb58984e000-7fb58985a000 rw-p 000a2000 08:02 23730275                   /usr/lib/jvm/java-7-oracle/jre/lib/amd64/libawt.so
7fb58985a000-7fb58987e000 rw-p 00000000 00:00 0 
7fb58987e000-7fb58987f000 ---p 00000000 00:00 0 
7fb58987f000-7fb58997f000 rw-p 00000000 00:00 0                          [stack:15077]
7fb58997f000-7fb589982000 ---p 00000000 00:00 0 
7fb589982000-7fb589a80000 rw-p 00000000 00:00 0                          [stack:15076]
7fb589a80000-7fb589a83000 ---p 00000000 00:00 0 
7fb589a83000-7fb589b81000 rw-p 00000000 00:00 0                          [stack:15075]
7fb589b81000-7fb589b84000 ---p 00000000 00:00 0 
7fb589b84000-7fb589c82000 rw-p 00000000 00:00 0                          [stack:15074]
7fb589c82000-7fb589c85000 ---p 00000000 00:00 0 
7fb589c85000-7fb589d83000 rw-p 00000000 00:00 0                          [stack:15073]
7fb589d83000-7fb58a465000 r--p 00000000 08:02 22157871                   /usr/lib/locale/locale-archive
7fb58a465000-7fb58a468000 ---p 00000000 00:00 0 
7fb58a468000-7fb58a566000 rw-p 00000000 00:00 0                          [stack:15071]
7fb58a566000-7fb58a569000 ---p 00000000 00:00 0 
7fb58a569000-7fb58a667000 rw-p 00000000 00:00 0                          [stack:15070]
7fb58a667000-7fb58a668000 ---p 00000000 00:00 0 
7fb58a668000-7fb58b767000 rw-p 00000000 00:00 0                          [stack:15069]
7fb58b767000-7fb58b923000 r--s 039b2000 08:02 23205090                   /usr/lib/jvm/java-7-oracle/jre/lib/rt.jar
7fb58b923000-7fb58be1d000 rw-p 00000000 00:00 0 
7fb58be1d000-7fb58be1e000 ---p 00000000 00:00 0 
7fb58be1e000-7fb58bf1e000 rw-p 00000000 00:00 0                          [stack:15065]
7fb58bf1e000-7fb58bf1f000 ---p 00000000 00:00 0 
7fb58bf1f000-7fb58c01f000 rw-p 00000000 00:00 0                          [stack:15064]
7fb58c01f000-7fb58c020000 ---p 00000000 00:00 0 
7fb58c020000-7fb58c149000 rw-p 00000000 00:00 0                          [stack:15063]
7fb58c149000-7fb58c3b0000 rw-p 00000000 00:00 0 
7fb58c3b0000-7fb58c3bb000 rw-p 00000000 00:00 0 
7fb58c3bb000-7fb58c3d9000 rw-p 00000000 00:00 0 
7fb58c3d9000-7fb58c402000 rw-p 00000000 00:00 0 
7fb58c402000-7fb58c669000 rw-p 00000000 00:00 0 
7fb58c669000-7fb58c67e000 rw-p 00000000 00:00 0 
7fb58c67e000-7fb58c7b1000 rw-p 00000000 00:00 0 
7fb58c7b1000-7fb58c7b2000 rw-p 00000000 00:00 0 
7fb58c7b2000-7fb58ca22000 rwxp 00000000 00:00 0 
7fb58ca22000-7fb58f7b2000 rw-p 00000000 00:00 0 
7fb58f7b2000-7fb58f7cc000 r-xp 00000000 08:02 23731560                   /usr/lib/jvm/java-7-oracle/jre/lib/amd64/libzip.so
7fb58f7cc000-7fb58f9cc000 ---p 0001a000 08:02 23731560                   /usr/lib/jvm/java-7-oracle/jre/lib/amd64/libzip.so
7fb58f9cc000-7fb58f9cd000 rw-p 0001a000 08:02 23731560                   /usr/lib/jvm/java-7-oracle/jre/lib/amd64/libzip.so
7fb58f9cd000-7fb58f9d9000 r-xp 00000000 08:02 6295399                    /lib/x86_64-linux-gnu/libnss_files-2.17.so
7fb58f9d9000-7fb58fbd8000 ---p 0000c000 08:02 6295399                    /lib/x86_64-linux-gnu/libnss_files-2.17.so
7fb58fbd8000-7fb58fbd9000 r--p 0000b000 08:02 6295399                    /lib/x86_64-linux-gnu/libnss_files-2.17.so
7fb58fbd9000-7fb58fbda000 rw-p 0000c000 08:02 6295399                    /lib/x86_64-linux-gnu/libnss_files-2.17.so
7fb58fbda000-7fb58fbe5000 r-xp 00000000 08:02 6295403                    /lib/x86_64-linux-gnu/libnss_nis-2.17.so
7fb58fbe5000-7fb58fde4000 ---p 0000b000 08:02 6295403                    /lib/x86_64-linux-gnu/libnss_nis-2.17.so
7fb58fde4000-7fb58fde5000 r--p 0000a000 08:02 6295403                    /lib/x86_64-linux-gnu/libnss_nis-2.17.so
7fb58fde5000-7fb58fde6000 rw-p 0000b000 08:02 6295403                    /lib/x86_64-linux-gnu/libnss_nis-2.17.so
7fb58fde6000-7fb58fdfd000 r-xp 00000000 08:02 6295393                    /lib/x86_64-linux-gnu/libnsl-2.17.so
7fb58fdfd000-7fb58fffc000 ---p 00017000 08:02 6295393                    /lib/x86_64-linux-gnu/libnsl-2.17.so
7fb58fffc000-7fb58fffd000 r--p 00016000 08:02 6295393                    /lib/x86_64-linux-gnu/libnsl-2.17.so
7fb58fffd000-7fb58fffe000 rw-p 00017000 08:02 6295393                    /lib/x86_64-linux-gnu/libnsl-2.17.so
7fb58fffe000-7fb590000000 rw-p 00000000 00:00 0 
7fb590000000-7fb590339000 rw-p 00000000 00:00 0 
7fb590339000-7fb594000000 ---p 00000000 00:00 0 
7fb594006000-7fb594010000 r--s 00250000 08:02 23205099                   /usr/lib/jvm/java-7-oracle/jre/lib/resources.jar
7fb594010000-7fb594017000 r--s 00000000 08:02 22545731                   /usr/lib/x86_64-linux-gnu/gconv/gconv-modules.cache
7fb594017000-7fb594040000 rw-p 00000000 00:00 0 
7fb594040000-7fb594041000 ---p 00000000 00:00 0 
7fb594041000-7fb59414c000 rw-p 00000000 00:00 0                          [stack:15062]
7fb59414c000-7fb59416a000 rw-p 00000000 00:00 0 
7fb59416a000-7fb594172000 r-xp 00000000 08:02 6295395                    /lib/x86_64-linux-gnu/libnss_compat-2.17.so
7fb594172000-7fb594371000 ---p 00008000 08:02 6295395                    /lib/x86_64-linux-gnu/libnss_compat-2.17.so
7fb594371000-7fb594372000 r--p 00007000 08:02 6295395                    /lib/x86_64-linux-gnu/libnss_compat-2.17.so
7fb594372000-7fb594373000 rw-p 00008000 08:02 6295395                    /lib/x86_64-linux-gnu/libnss_compat-2.17.so
7fb594373000-7fb59439c000 r-xp 00000000 08:02 23730308                   /usr/lib/jvm/java-7-oracle/jre/lib/amd64/libjava.so
7fb59439c000-7fb59459c000 ---p 00029000 08:02 23730308                   /usr/lib/jvm/java-7-oracle/jre/lib/amd64/libjava.so
7fb59459c000-7fb59459e000 rw-p 00029000 08:02 23730308                   /usr/lib/jvm/java-7-oracle/jre/lib/amd64/libjava.so
7fb59459e000-7fb5945ab000 r-xp 00000000 08:02 23731573                   /usr/lib/jvm/java-7-oracle/jre/lib/amd64/libverify.so
7fb5945ab000-7fb5947aa000 ---p 0000d000 08:02 23731573                   /usr/lib/jvm/java-7-oracle/jre/lib/amd64/libverify.so
7fb5947aa000-7fb5947ac000 rw-p 0000c000 08:02 23731573                   /usr/lib/jvm/java-7-oracle/jre/lib/amd64/libverify.so
7fb5947ac000-7fb5947b3000 r-xp 00000000 08:02 6295446                    /lib/x86_64-linux-gnu/librt-2.17.so
7fb5947b3000-7fb5949b2000 ---p 00007000 08:02 6295446                    /lib/x86_64-linux-gnu/librt-2.17.so
7fb5949b2000-7fb5949b3000 r--p 00006000 08:02 6295446                    /lib/x86_64-linux-gnu/librt-2.17.so
7fb5949b3000-7fb5949b4000 rw-p 00007000 08:02 6295446                    /lib/x86_64-linux-gnu/librt-2.17.so
7fb5949b4000-7fb594ab7000 r-xp 00000000 08:02 6295374                    /lib/x86_64-linux-gnu/libm-2.17.so
7fb594ab7000-7fb594cb6000 ---p 00103000 08:02 6295374                    /lib/x86_64-linux-gnu/libm-2.17.so
7fb594cb6000-7fb594cb7000 r--p 00102000 08:02 6295374                    /lib/x86_64-linux-gnu/libm-2.17.so
7fb594cb7000-7fb594cb8000 rw-p 00103000 08:02 6295374                    /lib/x86_64-linux-gnu/libm-2.17.so
7fb594cb8000-7fb59581a000 r-xp 00000000 08:02 23730284                   /usr/lib/jvm/java-7-oracle/jre/lib/amd64/server/libjvm.so
7fb59581a000-7fb595a1a000 ---p 00b62000 08:02 23730284                   /usr/lib/jvm/java-7-oracle/jre/lib/amd64/server/libjvm.so
7fb595a1a000-7fb595add000 rw-p 00b62000 08:02 23730284                   /usr/lib/jvm/java-7-oracle/jre/lib/amd64/server/libjvm.so
7fb595add000-7fb595b1e000 rw-p 00000000 00:00 0 
7fb595b1e000-7fb595cdb000 r-xp 00000000 08:02 6295323                    /lib/x86_64-linux-gnu/libc-2.17.so
7fb595cdb000-7fb595edb000 ---p 001bd000 08:02 6295323                    /lib/x86_64-linux-gnu/libc-2.17.so
7fb595edb000-7fb595edf000 r--p 001bd000 08:02 6295323                    /lib/x86_64-linux-gnu/libc-2.17.so
7fb595edf000-7fb595ee1000 rw-p 001c1000 08:02 6295323                    /lib/x86_64-linux-gnu/libc-2.17.so
7fb595ee1000-7fb595ee6000 rw-p 00000000 00:00 0 
7fb595ee6000-7fb595ee9000 r-xp 00000000 08:02 6295338                    /lib/x86_64-linux-gnu/libdl-2.17.so
7fb595ee9000-7fb5960e8000 ---p 00003000 08:02 6295338                    /lib/x86_64-linux-gnu/libdl-2.17.so
7fb5960e8000-7fb5960e9000 r--p 00002000 08:02 6295338                    /lib/x86_64-linux-gnu/libdl-2.17.so
7fb5960e9000-7fb5960ea000 rw-p 00003000 08:02 6295338                    /lib/x86_64-linux-gnu/libdl-2.17.so
7fb5960ea000-7fb596100000 r-xp 00000000 08:02 23868441                   /usr/lib/jvm/java-7-oracle/lib/amd64/jli/libjli.so
7fb596100000-7fb596300000 ---p 00016000 08:02 23868441                   /usr/lib/jvm/java-7-oracle/lib/amd64/jli/libjli.so
7fb596300000-7fb596301000 rw-p 00016000 08:02 23868441                   /usr/lib/jvm/java-7-oracle/lib/amd64/jli/libjli.so
7fb596301000-7fb596318000 r-xp 00000000 08:02 6295438                    /lib/x86_64-linux-gnu/libpthread-2.17.so
7fb596318000-7fb596518000 ---p 00017000 08:02 6295438                    /lib/x86_64-linux-gnu/libpthread-2.17.so
7fb596518000-7fb596519000 r--p 00017000 08:02 6295438                    /lib/x86_64-linux-gnu/libpthread-2.17.so
7fb596519000-7fb59651a000 rw-p 00018000 08:02 6295438                    /lib/x86_64-linux-gnu/libpthread-2.17.so
7fb59651a000-7fb59651e000 rw-p 00000000 00:00 0 
7fb59651e000-7fb596541000 r-xp 00000000 08:02 6295299                    /lib/x86_64-linux-gnu/ld-2.17.so
7fb596542000-7fb596546000 r--s 0008a000 08:02 23205078                   /usr/lib/jvm/java-7-oracle/jre/lib/jsse.jar
7fb596546000-7fb59655b000 r--p 00000000 08:02 22550278                   /usr/share/locale-langpack/zh_CN/LC_MESSAGES/libc.mo
7fb59655b000-7fb596565000 rw-p 00000000 00:00 0 
7fb596565000-7fb59661b000 rw-p 00000000 00:00 0 
7fb59661b000-7fb59661e000 ---p 00000000 00:00 0 
7fb59661e000-7fb596720000 rw-p 00000000 00:00 0                          [stack:15060]
7fb596721000-7fb596722000 rw-p 00000000 00:00 0 
7fb596722000-7fb596726000 r--s 000f7000 08:02 23615292                   /usr/lib/jvm/java-7-oracle/jre/lib/ext/localedata.jar
7fb596726000-7fb596729000 r--s 0005e000 08:02 20062051                   /home/mtcle/javawork/mysqldriver.jar
7fb596729000-7fb596734000 r--s 0037c000 08:02 23205070                   /usr/lib/jvm/java-7-oracle/jre/lib/charsets.jar
7fb596734000-7fb59673c000 rw-s 00000000 08:02 25036914                   /tmp/hsperfdata_mtcle/15058
7fb59673c000-7fb59673d000 rw-p 00000000 00:00 0 
7fb59673d000-7fb59673e000 r--p 00000000 00:00 0 
7fb59673e000-7fb596740000 rw-p 00000000 00:00 0 
7fb596740000-7fb596741000 r--p 00022000 08:02 6295299                    /lib/x86_64-linux-gnu/ld-2.17.so
7fb596741000-7fb596743000 rw-p 00023000 08:02 6295299                    /lib/x86_64-linux-gnu/ld-2.17.so
7fffbd1cb000-7fffbd1ec000 rw-p 00000000 00:00 0                          [stack]
7fffbd1fe000-7fffbd200000 r-xp 00000000 00:00 0                          [vdso]
ffffffffff600000-ffffffffff601000 r-xp 00000000 00:00 0                  [vsyscall]

VM Arguments:
jvm_args: -Dfile.encoding=UTF-8 
java_command: Gui.test
Launcher Type: SUN_STANDARD

Environment Variables:
PATH=/usr/lib/lightdm/lightdm:/usr/local/sbin:/usr/local/bin:/usr/sbin:/usr/bin:/sbin:/bin:/usr/games:/usr/local/games
SHELL=/bin/bash
DISPLAY=:0

Signal Handlers:
SIGSEGV: [libjvm.so+0x9935b0], sa_mask[0]=0x7ffbfeff, sa_flags=0x10000004
SIGBUS: [libjvm.so+0x9935b0], sa_mask[0]=0x7ffbfeff, sa_flags=0x10000004
SIGFPE: [libjvm.so+0x810330], sa_mask[0]=0x7ffbfeff, sa_flags=0x10000004
SIGPIPE: [libjvm.so+0x810330], sa_mask[0]=0x7ffbfeff, sa_flags=0x10000004
SIGXFSZ: [libjvm.so+0x810330], sa_mask[0]=0x7ffbfeff, sa_flags=0x10000004
SIGILL: [libjvm.so+0x810330], sa_mask[0]=0x7ffbfeff, sa_flags=0x10000004
SIGUSR1: SIG_DFL, sa_mask[0]=0x00000000, sa_flags=0x00000000
SIGUSR2: [libjvm.so+0x811820], sa_mask[0]=0x00000004, sa_flags=0x10000004
SIGHUP: [libjvm.so+0x812790], sa_mask[0]=0x7ffbfeff, sa_flags=0x10000004
SIGINT: [libjvm.so+0x812790], sa_mask[0]=0x7ffbfeff, sa_flags=0x10000004
SIGTERM: [libjvm.so+0x812790], sa_mask[0]=0x7ffbfeff, sa_flags=0x10000004
SIGQUIT: [libjvm.so+0x812790], sa_mask[0]=0x7ffbfeff, sa_flags=0x10000004


---------------  S Y S T E M  ---------------

OS:wheezy/sid

uname:Linux 3.11.0-15-generic #23-Ubuntu SMP Mon Dec 9 18:17:04 UTC 2013 x86_64
libc:glibc 2.17 NPTL 2.17 
rlimit: STACK 8192k, CORE 0k, NPROC 61233, NOFILE 4096, AS infinity
load average:1.04 0.97 0.87

/proc/meminfo:
MemTotal:        8060072 kB
MemFree:          762756 kB
Buffers:          151716 kB
Cached:          3078720 kB
SwapCached:            0 kB
Active:          2542028 kB
Inactive:        2171856 kB
Active(anon):    1431388 kB
Inactive(anon):   965172 kB
Active(file):    1110640 kB
Inactive(file):  1206684 kB
Unevictable:          32 kB
Mlocked:              32 kB
SwapTotal:       8270844 kB
SwapFree:        8270692 kB
Dirty:               804 kB
Writeback:             0 kB
AnonPages:       1483392 kB
Mapped:          2658040 kB
Shmem:            913196 kB
Slab:             198708 kB
SReclaimable:     137584 kB
SUnreclaim:        61124 kB
KernelStack:        6608 kB
PageTables:        43600 kB
NFS_Unstable:          0 kB
Bounce:                0 kB
WritebackTmp:          0 kB
CommitLimit:    12300880 kB
Committed_AS:   10033856 kB
VmallocTotal:   34359738367 kB
VmallocUsed:      441964 kB
VmallocChunk:   34359292148 kB
HardwareCorrupted:     0 kB
AnonHugePages:         0 kB
HugePages_Total:       0
HugePages_Free:        0
HugePages_Rsvd:        0
HugePages_Surp:        0
Hugepagesize:       2048 kB
DirectMap4k:       66556 kB
DirectMap2M:     8212480 kB


CPU:total 4 (4 cores per cpu, 1 threads per core) family 6 model 58 stepping 9, cmov, cx8, fxsr, mmx, sse, sse2, sse3, ssse3, sse4.1, sse4.2, popcnt, avx, aes, erms, tsc, tscinvbit, tscinv

/proc/cpuinfo:
processor	: 0
vendor_id	: GenuineIntel
cpu family	: 6
model		: 58
model name	: Intel(R) Core(TM) i5-3470 CPU @ 3.20GHz
stepping	: 9
microcode	: 0x19
cpu MHz		: 3201.000
cache size	: 6144 KB
physical id	: 0
siblings	: 4
core id		: 0
cpu cores	: 4
apicid		: 0
initial apicid	: 0
fpu		: yes
fpu_exception	: yes
cpuid level	: 13
wp		: yes
flags		: fpu vme de pse tsc msr pae mce cx8 apic sep mtrr pge mca cmov pat pse36 clflush dts acpi mmx fxsr sse sse2 ss ht tm pbe syscall nx rdtscp lm constant_tsc arch_perfmon pebs bts rep_good nopl xtopology nonstop_tsc aperfmperf eagerfpu pni pclmulqdq dtes64 monitor ds_cpl vmx smx est tm2 ssse3 cx16 xtpr pdcm pcid sse4_1 sse4_2 x2apic popcnt tsc_deadline_timer aes xsave avx f16c rdrand lahf_lm ida arat epb xsaveopt pln pts dtherm tpr_shadow vnmi flexpriority ept vpid fsgsbase smep erms
bogomips	: 6385.37
clflush size	: 64
cache_alignment	: 64
address sizes	: 36 bits physical, 48 bits virtual
power management:

processor	: 1
vendor_id	: GenuineIntel
cpu family	: 6
model		: 58
model name	: Intel(R) Core(TM) i5-3470 CPU @ 3.20GHz
stepping	: 9
microcode	: 0x19
cpu MHz		: 2500.000
cache size	: 6144 KB
physical id	: 0
siblings	: 4
core id		: 1
cpu cores	: 4
apicid		: 2
initial apicid	: 2
fpu		: yes
fpu_exception	: yes
cpuid level	: 13
wp		: yes
flags		: fpu vme de pse tsc msr pae mce cx8 apic sep mtrr pge mca cmov pat pse36 clflush dts acpi mmx fxsr sse sse2 ss ht tm pbe syscall nx rdtscp lm constant_tsc arch_perfmon pebs bts rep_good nopl xtopology nonstop_tsc aperfmperf eagerfpu pni pclmulqdq dtes64 monitor ds_cpl vmx smx est tm2 ssse3 cx16 xtpr pdcm pcid sse4_1 sse4_2 x2apic popcnt tsc_deadline_timer aes xsave avx f16c rdrand lahf_lm ida arat epb xsaveopt pln pts dtherm tpr_shadow vnmi flexpriority ept vpid fsgsbase smep erms
bogomips	: 6385.37
clflush size	: 64
cache_alignment	: 64
address sizes	: 36 bits physical, 48 bits virtual
power management:

processor	: 2
vendor_id	: GenuineIntel
cpu family	: 6
model		: 58
model name	: Intel(R) Core(TM) i5-3470 CPU @ 3.20GHz
stepping	: 9
microcode	: 0x19
cpu MHz		: 3201.000
cache size	: 6144 KB
physical id	: 0
siblings	: 4
core id		: 2
cpu cores	: 4
apicid		: 4
initial apicid	: 4
fpu		: yes
fpu_exception	: yes
cpuid level	: 13
wp		: yes
flags		: fpu vme de pse tsc msr pae mce cx8 apic sep mtrr pge mca cmov pat pse36 clflush dts acpi mmx fxsr sse sse2 ss ht tm pbe syscall nx rdtscp lm constant_tsc arch_perfmon pebs bts rep_good nopl xtopology nonstop_tsc aperfmperf eagerfpu pni pclmulqdq dtes64 monitor ds_cpl vmx smx est tm2 ssse3 cx16 xtpr pdcm pcid sse4_1 sse4_2 x2apic popcnt tsc_deadline_timer aes xsave avx f16c rdrand lahf_lm ida arat epb xsaveopt pln pts dtherm tpr_shadow vnmi flexpriority ept vpid fsgsbase smep erms
bogomips	: 6385.37
clflush size	: 64
cache_alignment	: 64
address sizes	: 36 bits physical, 48 bits virtual
power management:

processor	: 3
vendor_id	: GenuineIntel
cpu family	: 6
model		: 58
model name	: Intel(R) Core(TM) i5-3470 CPU @ 3.20GHz
stepping	: 9
microcode	: 0x19
cpu MHz		: 3201.000
cache size	: 6144 KB
physical id	: 0
siblings	: 4
core id		: 3
cpu cores	: 4
apicid		: 6
initial apicid	: 6
fpu		: yes
fpu_exception	: yes
cpuid level	: 13
wp		: yes
flags		: fpu vme de pse tsc msr pae mce cx8 apic sep mtrr pge mca cmov pat pse36 clflush dts acpi mmx fxsr sse sse2 ss ht tm pbe syscall nx rdtscp lm constant_tsc arch_perfmon pebs bts rep_good nopl xtopology nonstop_tsc aperfmperf eagerfpu pni pclmulqdq dtes64 monitor ds_cpl vmx smx est tm2 ssse3 cx16 xtpr pdcm pcid sse4_1 sse4_2 x2apic popcnt tsc_deadline_timer aes xsave avx f16c rdrand lahf_lm ida arat epb xsaveopt pln pts dtherm tpr_shadow vnmi flexpriority ept vpid fsgsbase smep erms
bogomips	: 6385.37
clflush size	: 64
cache_alignment	: 64
address sizes	: 36 bits physical, 48 bits virtual
power management:



Memory: 4k page, physical 8060072k(762532k free), swap 8270844k(8270692k free)

vm_info: Java HotSpot(TM) 64-Bit Server VM (24.45-b08) for linux-amd64 JRE (1.7.0_45-b18), built on Oct  8 2013 05:44:25 by "java_re" with gcc 4.3.0 20080428 (Red Hat 4.3.0-8)

time: Mon Jan  6 20:36:12 2014
elapsed time: 14658 seconds

