#
# A fatal error has been detected by the Java Runtime Environment:
#
#  SIGSEGV (0xb) at pc=0x00007ff4c05e22fa, pid=21167, tid=140689028318976
#
# JRE version: Java(TM) SE Runtime Environment (7.0_45-b18) (build 1.7.0_45-b18)
# Java VM: Java HotSpot(TM) 64-Bit Server VM (24.45-b08 mixed mode linux-amd64 compressed oops)
# Problematic frame:
# v  ~BufferBlob::jni_fast_GetLongField
#
# Failed to write core dump. Core dumps have been disabled. To enable core dumping, try "ulimit -c unlimited" before starting Java again
#
# If you would like to submit a bug report, please visit:
#   http://bugreport.sun.com/bugreport/crash.jsp
# The crash happened outside the Java Virtual Machine in native code.
# See problematic frame for where to report the bug.
#

---------------  T H R E A D  ---------------

Current thread (0x00007ff4c4187800):  JavaThread "AWT-XAWT" daemon [_thread_in_native, id=21186, stack(0x00007ff4b77e8000,0x00007ff4b78e9000)]

siginfo:si_signo=SIGSEGV: si_errno=0, si_code=1 (SEGV_MAPERR), si_addr=0x0000000000000000

Registers:
RAX=0x00007ff4c972d400, RBX=0x00000007802e64f0, RCX=0x00007ff4ca1862e0, RDX=0x0000000000000042
RSP=0x00007ff4b78e76c8, RBP=0x00007ff4b78e76f0, RSI=0x0000000000000000, RDI=0x00007ff4c41879e8
R8 =0x0000000000000003, R9 =0x0000000000000000, R10=0x000000000000000e, R11=0x00007ff4c91cca90
R12=0x00007ff4c41879e8, R13=0x0000000000000000, R14=0x00007ff4bd22cfc0, R15=0x00007ff4c4187800
RIP=0x00007ff4c05e22fa, EFLAGS=0x0000000000010246, CSGSFS=0x0000000000000033, ERR=0x0000000000000004
  TRAPNO=0x000000000000000e

Top of Stack: (sp=0x00007ff4b78e76c8)
0x00007ff4b78e76c8:   00007ff4bcff7781 00000007802e64f0
0x00007ff4b78e76d8:   00007ff470020630 00000007802e64f0
0x00007ff4b78e76e8:   00007ff4b78e77d8 0000000000000000
0x00007ff4b78e76f8:   00007ff4bcad5cc8 00000007802e64f0
0x00007ff4b78e7708:   00007ff4b78e7730 0000000000000000
0x00007ff4b78e7718:   00007ff4bcacdba3 00000007802e64f0
0x00007ff4b78e7728:   00007ff4bcfed61f 00007ff4b78e77a0
0x00007ff4b78e7738:   00007ff4c0599cd8 00007ff4c058d233
0x00007ff4b78e7748:   0000000000000000 00000007d70c0cb8
0x00007ff4b78e7758:   0000000000000000 00007ff4b78e7760
0x00007ff4b78e7768:   0000000000000000 00007ff4b78e77d8
0x00007ff4b78e7778:   00000007802ec5b8 0000000000000000
0x00007ff4b78e7788:   00000007802e64f0 0000000000000000
0x00007ff4b78e7798:   00007ff4b78e77c0 00007ff4b78e7820
0x00007ff4b78e77a8:   00007ff4c058d350 00000007d70c0e18
0x00007ff4b78e77b8:   00007ff4c0595cc0 0000000000000000
0x00007ff4b78e77c8:   00007ff4b78e7820 00007ff478000e30
0x00007ff4b78e77d8:   00000007d713d8d8 00007ff4b78e77e0
0x00007ff4b78e77e8:   00000007802ca4ec 00007ff4b78e7868
0x00007ff4b78e77f8:   00000007802d5f90 0000000000000000
0x00007ff4b78e7808:   00000007802ca620 00007ff4b78e77c0
0x00007ff4b78e7818:   00007ff4b78e7860 00007ff4b78e78b0
0x00007ff4b78e7828:   00007ff4c058d058 0000000000000000
0x00007ff4b78e7838:   00000007d7fa41f0 0000000000000000
0x00007ff4b78e7848:   0000000000000000 0000000000000000
0x00007ff4b78e7858:   00000007d713d8d8 0000000000000000
0x00007ff4b78e7868:   00000007d70c22f0 00007ff4b78e7870
0x00007ff4b78e7878:   00000007802ca2f5 00007ff4b78e78c0
0x00007ff4b78e7888:   00000007802d5f90 0000000000000000
0x00007ff4b78e7898:   00000007802ca300 00007ff4b78e7860
0x00007ff4b78e78a8:   00007ff4b78e78c0 00007ff4b78e7908
0x00007ff4b78e78b8:   00007ff4c058d706 00000007d70c22f0 

Instructions: (pc=0x00007ff4c05e22fa)
0x00007ff4c05e22da:   00 00 00 00 00 00 44 8b 15 21 ed 17 09 4c 8b ce
0x00007ff4c05e22ea:   41 f6 c2 01 0f 85 2e 00 00 00 4d 33 ca 4d 33 ca
0x00007ff4c05e22fa:   4d 8b 09 4c 8b da 49 c1 eb 02 4b 8b 04 19 49 bb
0x00007ff4c05e230a:   08 10 76 c9 f4 7f 00 00 4c 33 d8 4c 33 d8 45 3b 

Register to memory mapping:

RAX=0x00007ff4c972d400: <offset 0xe08400> in /usr/lib/jvm/java-7-oracle/jre/lib/amd64/server/libjvm.so at 0x00007ff4c8925000
RBX=0x00000007802e64f0 is an oop
{method} 
 - klass: {other class}
RCX=0x00007ff4ca1862e0: <offset 0x2182e0> in /lib/x86_64-linux-gnu/libpthread.so.0 at 0x00007ff4c9f6e000
RDX=0x0000000000000042 is an unknown value
RSP=0x00007ff4b78e76c8 is pointing into the stack for thread: 0x00007ff4c4187800
RBP=0x00007ff4b78e76f0 is pointing into the stack for thread: 0x00007ff4c4187800
RSI=0x0000000000000000 is an unknown value
RDI=0x00007ff4c41879e8 is an unknown value
R8 =0x0000000000000003 is an unknown value
R9 =0x0000000000000000 is an unknown value
R10=0x000000000000000e is an unknown value
R11=0x00007ff4c91cca90: <offset 0x8a7a90> in /usr/lib/jvm/java-7-oracle/jre/lib/amd64/server/libjvm.so at 0x00007ff4c8925000
R12=0x00007ff4c41879e8 is an unknown value
R13=0x0000000000000000 is an unknown value
R14=0x00007ff4bd22cfc0: <offset 0x253fc0> in /usr/lib/jvm/java-7-oracle/jre/lib/amd64/xawt/libmawt.so at 0x00007ff4bcfd9000
R15=0x00007ff4c4187800 is a thread


Stack: [0x00007ff4b77e8000,0x00007ff4b78e9000],  sp=0x00007ff4b78e76c8,  free space=1021k
Native frames: (J=compiled Java code, j=interpreted, Vv=VM code, C=native code)
v  ~BufferBlob::jni_fast_GetLongField

Java frames: (J=compiled Java code, j=interpreted, Vv=VM code)
j  sun.awt.X11.XlibWrapper.XFilterEvent(JJ)Z+0
j  sun.awt.X11.XToolkit.run(Z)V+300
j  sun.awt.X11.XToolkit.run()V+5
j  java.lang.Thread.run()V+11
v  ~StubRoutines::call_stub

---------------  P R O C E S S  ---------------

Java Threads: ( => current thread )
  0x00007ff470024000 JavaThread "TimerQueue" daemon [_thread_blocked, id=21189, stack(0x00007ff4b6539000,0x00007ff4b663a000)]
  0x00007ff4c4009800 JavaThread "DestroyJavaVM" [_thread_blocked, id=21168, stack(0x00007ff4ca288000,0x00007ff4ca389000)]
  0x00007ff4c4361000 JavaThread "AWT-EventQueue-0" [_thread_blocked, id=21188, stack(0x00007ff4b665f000,0x00007ff4b6760000)]
  0x00007ff4c41fd000 JavaThread "AWT-Shutdown" [_thread_blocked, id=21187, stack(0x00007ff4b76e7000,0x00007ff4b77e8000)]
=>0x00007ff4c4187800 JavaThread "AWT-XAWT" daemon [_thread_in_native, id=21186, stack(0x00007ff4b77e8000,0x00007ff4b78e9000)]
  0x00007ff4c4166000 JavaThread "Java2D Disposer" daemon [_thread_blocked, id=21185, stack(0x00007ff4b7cf9000,0x00007ff4b7dfa000)]
  0x00007ff4c4097000 JavaThread "Service Thread" daemon [_thread_blocked, id=21183, stack(0x00007ff4bd601000,0x00007ff4bd702000)]
  0x00007ff4c4094800 JavaThread "C2 CompilerThread1" daemon [_thread_blocked, id=21182, stack(0x00007ff4bd702000,0x00007ff4bd803000)]
  0x00007ff4c4091800 JavaThread "C2 CompilerThread0" daemon [_thread_blocked, id=21181, stack(0x00007ff4bd803000,0x00007ff4bd904000)]
  0x00007ff4c4087800 JavaThread "Signal Dispatcher" daemon [_thread_blocked, id=21180, stack(0x00007ff4bd904000,0x00007ff4bda05000)]
  0x00007ff4c406f800 JavaThread "Finalizer" daemon [_thread_blocked, id=21179, stack(0x00007ff4be0e7000,0x00007ff4be1e8000)]
  0x00007ff4c406b800 JavaThread "Reference Handler" daemon [_thread_blocked, id=21178, stack(0x00007ff4be1e8000,0x00007ff4be2e9000)]

Other Threads:
  0x00007ff4c4069800 VMThread [stack: 0x00007ff4be2e9000,0x00007ff4be3ea000] [id=21177]
  0x00007ff4c40a1800 WatcherThread [stack: 0x00007ff4bd500000,0x00007ff4bd601000] [id=21184]

VM state:not at safepoint (normal execution)

VM Mutex/Monitor currently owned by a thread: None

Heap
 PSYoungGen      total 36864K, used 16719K [0x00000007d7000000, 0x00000007d9900000, 0x0000000800000000)
  eden space 31744K, 52% used [0x00000007d7000000,0x00000007d8053d88,0x00000007d8f00000)
  from space 5120K, 0% used [0x00000007d9400000,0x00000007d9400000,0x00000007d9900000)
  to   space 5120K, 0% used [0x00000007d8f00000,0x00000007d8f00000,0x00000007d9400000)
 ParOldGen       total 83968K, used 0K [0x0000000785000000, 0x000000078a200000, 0x00000007d7000000)
  object space 83968K, 0% used [0x0000000785000000,0x0000000785000000,0x000000078a200000)
 PSPermGen       total 21504K, used 13168K [0x000000077fe00000, 0x0000000781300000, 0x0000000785000000)
  object space 21504K, 61% used [0x000000077fe00000,0x0000000780adc300,0x0000000781300000)

Card table byte_map: [0x00007ff4c0185000,0x00007ff4c0587000] byte_map_base: 0x00007ff4bc586000

Polling page: 0x00007ff4ca3aa000

Code Cache  [0x00007ff4c0587000, 0x00007ff4c07f7000, 0x00007ff4c3587000)
 total_blobs=607 nmethods=111 adapters=449 free_code_cache=48376Kb largest_free_block=49514560

Compilation events (10 events):
Event: 5.110 Thread 0x00007ff4c4091800  106             sun.awt.X11.Native::getInt (8 bytes)
Event: 5.110 Thread 0x00007ff4c4091800 nmethod 106 0x00007ff4c0647910 code [0x00007ff4c0647a40, 0x00007ff4c0647ab8]
Event: 5.120 Thread 0x00007ff4c4094800  107             sun.awt.X11.Native::getLongSize (4 bytes)
Event: 5.120 Thread 0x00007ff4c4094800 nmethod 107 0x00007ff4c0647710 code [0x00007ff4c0647840, 0x00007ff4c0647898]
Event: 5.127 Thread 0x00007ff4c4091800  108   !         sun.awt.X11.UnsafeXDisposerRecord::dispose (246 bytes)
Event: 5.128 Thread 0x00007ff4c4094800  109             sun.awt.X11.XQueryTree::isDisposed (8 bytes)
Event: 5.128 Thread 0x00007ff4c4094800 nmethod 109 0x00007ff4c06474d0 code [0x00007ff4c0647600, 0x00007ff4c0647678]
Event: 5.135 Thread 0x00007ff4c4091800 nmethod 108 0x00007ff4c064d110 code [0x00007ff4c064d320, 0x00007ff4c064dca0]
Event: 232.370 Thread 0x00007ff4c4094800  112             sun.util.logging.PlatformLogger::isLoggable (9 bytes)
Event: 232.375 Thread 0x00007ff4c4094800 nmethod 112 0x00007ff4c0649350 code [0x00007ff4c06494e0, 0x00007ff4c0649818]

GC Heap History (0 events):
No events

Deoptimization events (10 events):
Event: 0.297 Thread 0x00007ff4c4009800 Uncommon trap: reason=class_check action=maybe_recompile pc=0x00007ff4c060fe50 method=java.lang.Character.toLowerCase(I)I @ 5
Event: 0.298 Thread 0x00007ff4c4009800 Uncommon trap: reason=class_check action=maybe_recompile pc=0x00007ff4c060e578 method=java.lang.Character.toLowerCase(I)I @ 5
Event: 0.298 Thread 0x00007ff4c4009800 Uncommon trap: reason=class_check action=maybe_recompile pc=0x00007ff4c060fe50 method=java.lang.Character.toLowerCase(I)I @ 5
Event: 0.298 Thread 0x00007ff4c4009800 Uncommon trap: reason=class_check action=maybe_recompile pc=0x00007ff4c060e578 method=java.lang.Character.toLowerCase(I)I @ 5
Event: 0.299 Thread 0x00007ff4c4009800 Uncommon trap: reason=class_check action=maybe_recompile pc=0x00007ff4c060fe50 method=java.lang.Character.toLowerCase(I)I @ 5
Event: 2.167 Thread 0x00007ff4c4361000 Uncommon trap: reason=unreached action=reinterpret pc=0x00007ff4c063f624 method=java.util.HashMap.put(Ljava/lang/Object;Ljava/lang/Object;)Ljava/lang/Object; @ 19
Event: 3.276 Thread 0x00007ff4c4361000 Uncommon trap: reason=class_check action=maybe_recompile pc=0x00007ff4c0608518 method=java.lang.String.equals(Ljava/lang/Object;)Z @ 8
Event: 3.276 Thread 0x00007ff4c4361000 Uncommon trap: reason=class_check action=maybe_recompile pc=0x00007ff4c0608518 method=java.lang.String.equals(Ljava/lang/Object;)Z @ 8
Event: 3.276 Thread 0x00007ff4c4361000 Uncommon trap: reason=class_check action=maybe_recompile pc=0x00007ff4c0608518 method=java.lang.String.equals(Ljava/lang/Object;)Z @ 8
Event: 5.966 Thread 0x00007ff4c4361000 Uncommon trap: reason=class_check action=maybe_recompile pc=0x00007ff4c0608518 method=java.lang.String.equals(Ljava/lang/Object;)Z @ 8

Internal exceptions (10 events):
Event: 3.296 Thread 0x00007ff4c4361000 Threw 0x00000007d7f22408 at /HUDSON/workspace/7u-2-build-linux-amd64/jdk7u45/229/hotspot/src/share/vm/prims/jvm.cpp:1244
Event: 3.297 Thread 0x00007ff4c4361000 Threw 0x00000007d7f23dc0 at /HUDSON/workspace/7u-2-build-linux-amd64/jdk7u45/229/hotspot/src/share/vm/prims/jvm.cpp:1244
Event: 3.297 Thread 0x00007ff4c4361000 Threw 0x00000007d7f25770 at /HUDSON/workspace/7u-2-build-linux-amd64/jdk7u45/229/hotspot/src/share/vm/prims/jvm.cpp:1244
Event: 3.297 Thread 0x00007ff4c4361000 Threw 0x00000007d7f27128 at /HUDSON/workspace/7u-2-build-linux-amd64/jdk7u45/229/hotspot/src/share/vm/prims/jvm.cpp:1244
Event: 3.297 Thread 0x00007ff4c4361000 Threw 0x00000007d7f28ac8 at /HUDSON/workspace/7u-2-build-linux-amd64/jdk7u45/229/hotspot/src/share/vm/prims/jvm.cpp:1244
Event: 3.298 Thread 0x00007ff4c4361000 Threw 0x00000007d7f2a480 at /HUDSON/workspace/7u-2-build-linux-amd64/jdk7u45/229/hotspot/src/share/vm/prims/jvm.cpp:1244
Event: 3.298 Thread 0x00007ff4c4361000 Threw 0x00000007d7f2bdf8 at /HUDSON/workspace/7u-2-build-linux-amd64/jdk7u45/229/hotspot/src/share/vm/prims/jvm.cpp:1244
Event: 3.298 Thread 0x00007ff4c4361000 Threw 0x00000007d7f2d778 at /HUDSON/workspace/7u-2-build-linux-amd64/jdk7u45/229/hotspot/src/share/vm/prims/jvm.cpp:1244
Event: 3.340 Thread 0x00007ff4c4361000 Threw 0x00000007d7f88f10 at /HUDSON/workspace/7u-2-build-linux-amd64/jdk7u45/229/hotspot/src/share/vm/prims/jni.cpp:743
Event: 5.154 Thread 0x00007ff4c4361000 Threw 0x00000007d8028cb0 at /HUDSON/workspace/7u-2-build-linux-amd64/jdk7u45/229/hotspot/src/share/vm/prims/jni.cpp:743

Events (10 events):
Event: 5.143 Executing VM operation: RevokeBias
Event: 5.143 Executing VM operation: RevokeBias done
Event: 5.149 Executing VM operation: RevokeBias
Event: 5.149 Executing VM operation: RevokeBias done
Event: 5.966 Thread 0x00007ff4c4361000 Uncommon trap: trap_request=0xffffffde fr.pc=0x00007ff4c0608518
Event: 5.966 Thread 0x00007ff4c4361000 DEOPT PACKING pc=0x00007ff4c0608518 sp=0x00007ff4b6759420
Event: 5.966 Thread 0x00007ff4c4361000 DEOPT UNPACKING pc=0x00007ff4c05c0445 sp=0x00007ff4b67593d0 mode 2
Event: 5.969 loading class 0x00007ff484060e00
Event: 5.969 loading class 0x00007ff484060e00 done
Event: 7.164 Thread 0x00007ff4700ce800 Thread exited: 0x00007ff4700ce800


Dynamic libraries:
00400000-00401000 r-xp 00000000 08:02 23731676                           /usr/lib/jvm/java-7-oracle/bin/java
00600000-00601000 rw-p 00000000 08:02 23731676                           /usr/lib/jvm/java-7-oracle/bin/java
00d16000-00d37000 rw-p 00000000 00:00 0                                  [heap]
77fe00000-781300000 rw-p 00000000 00:00 0 
781300000-785000000 rw-p 00000000 00:00 0 
785000000-78a200000 rw-p 00000000 00:00 0 
78a200000-7d7000000 rw-p 00000000 00:00 0 
7d7000000-7d9900000 rw-p 00000000 00:00 0 
7d9900000-800000000 rw-p 00000000 00:00 0 
7ff464000000-7ff464021000 rw-p 00000000 00:00 0 
7ff464021000-7ff468000000 ---p 00000000 00:00 0 
7ff468000000-7ff468021000 rw-p 00000000 00:00 0 
7ff468021000-7ff46c000000 ---p 00000000 00:00 0 
7ff46c000000-7ff46c021000 rw-p 00000000 00:00 0 
7ff46c021000-7ff470000000 ---p 00000000 00:00 0 
7ff470000000-7ff470198000 rw-p 00000000 00:00 0 
7ff470198000-7ff474000000 ---p 00000000 00:00 0 
7ff474000000-7ff474021000 rw-p 00000000 00:00 0 
7ff474021000-7ff478000000 ---p 00000000 00:00 0 
7ff478000000-7ff478021000 rw-p 00000000 00:00 0 
7ff478021000-7ff47c000000 ---p 00000000 00:00 0 
7ff47c000000-7ff47c021000 rw-p 00000000 00:00 0 
7ff47c021000-7ff480000000 ---p 00000000 00:00 0 
7ff480000000-7ff480021000 rw-p 00000000 00:00 0 
7ff480021000-7ff484000000 ---p 00000000 00:00 0 
7ff484000000-7ff4846e1000 rw-p 00000000 00:00 0 
7ff4846e1000-7ff488000000 ---p 00000000 00:00 0 
7ff488000000-7ff48852e000 rw-p 00000000 00:00 0 
7ff48852e000-7ff48c000000 ---p 00000000 00:00 0 
7ff48c000000-7ff48c021000 rw-p 00000000 00:00 0 
7ff48c021000-7ff490000000 ---p 00000000 00:00 0 
7ff490000000-7ff490021000 rw-p 00000000 00:00 0 
7ff490021000-7ff494000000 ---p 00000000 00:00 0 
7ff494000000-7ff494021000 rw-p 00000000 00:00 0 
7ff494021000-7ff498000000 ---p 00000000 00:00 0 
7ff49bff0000-7ff4a0000000 rw-p 00000000 00:00 0 
7ff4a0000000-7ff4a0021000 rw-p 00000000 00:00 0 
7ff4a0021000-7ff4a4000000 ---p 00000000 00:00 0 
7ff4a4000000-7ff4a4021000 rw-p 00000000 00:00 0 
7ff4a4021000-7ff4a8000000 ---p 00000000 00:00 0 
7ff4a8000000-7ff4a8021000 rw-p 00000000 00:00 0 
7ff4a8021000-7ff4ac000000 ---p 00000000 00:00 0 
7ff4b0000000-7ff4b0021000 rw-p 00000000 00:00 0 
7ff4b0021000-7ff4b4000000 ---p 00000000 00:00 0 
7ff4b6388000-7ff4b6389000 r--s 00000000 08:02 17432672                   /var/cache/fontconfig/c05880de57d1f5e948fdfacc138775d9-le64.cache-4
7ff4b6389000-7ff4b6394000 r--s 00000000 08:02 17432665                   /var/cache/fontconfig/945677eb7aeaf62f1d50efc3fb3ec7d8-le64.cache-4
7ff4b6394000-7ff4b6399000 r--s 00000000 08:02 17440985                   /var/cache/fontconfig/99e8ed0e538f840c565b6ed5dad60d56-le64.cache-4
7ff4b6399000-7ff4b63a1000 r--s 00000000 08:02 17445578                   /var/cache/fontconfig/e25ca923d7a08ab6b0777bd7eb77ea77-le64.cache-4
7ff4b63a1000-7ff4b63a7000 r--s 00000000 08:02 17432651                   /var/cache/fontconfig/2cd17615ca594fa2959ae173292e504c-le64.cache-4
7ff4b63a7000-7ff4b63ae000 r--s 00000000 08:02 17432669                   /var/cache/fontconfig/a755afe4a08bf5b97852ceb7400b47bc-le64.cache-4
7ff4b63ae000-7ff4b63b2000 r--s 00000000 08:02 17432660                   /var/cache/fontconfig/6d41288fd70b0be22e8c3a91e032eec0-le64.cache-4
7ff4b63b2000-7ff4b63c6000 r--s 00000000 08:02 17432646                   /var/cache/fontconfig/04aabc0a78ac019cf9454389977116d2-le64.cache-4
7ff4b63c6000-7ff4b63cd000 r--s 00000000 08:02 17432652                   /var/cache/fontconfig/3047814df9a2f067bd2d96a2b9c36e5a-le64.cache-4
7ff4b63cd000-7ff4b63d3000 r--s 00000000 08:02 17432670                   /var/cache/fontconfig/b47c4e1ecd0709278f4910c18777a504-le64.cache-4
7ff4b63d3000-7ff4b63e6000 r--s 00000000 08:02 17432676                   /var/cache/fontconfig/d52a8644073d54c13679302ca1180695-le64.cache-4
7ff4b63e6000-7ff4b63f2000 r--s 00000000 08:02 17442162                   /var/cache/fontconfig/d589a48862398ed80a3d6066f4f56f4c-le64.cache-4
7ff4b6430000-7ff4b6433000 ---p 00000000 00:00 0 
7ff4b6433000-7ff4b6531000 rw-p 00000000 00:00 0 
7ff4b6531000-7ff4b6535000 r--s 0008a000 08:02 23205078                   /usr/lib/jvm/java-7-oracle/jre/lib/jsse.jar
7ff4b6535000-7ff4b6539000 r--s 000f7000 08:02 23615292                   /usr/lib/jvm/java-7-oracle/jre/lib/ext/localedata.jar
7ff4b6539000-7ff4b653c000 ---p 00000000 00:00 0 
7ff4b653c000-7ff4b663a000 rw-p 00000000 00:00 0                          [stack:21189]
7ff4b663a000-7ff4b665f000 rw-s 00000000 00:04 22446093                   /SYSV00000000 (deleted)
7ff4b665f000-7ff4b6662000 ---p 00000000 00:00 0 
7ff4b6662000-7ff4b6760000 rw-p 00000000 00:00 0                          [stack:21188]
7ff4b6760000-7ff4b67c8000 r-xp 00000000 08:02 23730294                   /usr/lib/jvm/java-7-oracle/jre/lib/amd64/libt2k.so
7ff4b67c8000-7ff4b69c8000 ---p 00068000 08:02 23730294                   /usr/lib/jvm/java-7-oracle/jre/lib/amd64/libt2k.so
7ff4b69c8000-7ff4b69cf000 rw-p 00068000 08:02 23730294                   /usr/lib/jvm/java-7-oracle/jre/lib/amd64/libt2k.so
7ff4b69cf000-7ff4b69df000 rw-p 00000000 00:00 0 
7ff4b69df000-7ff4b69e8000 r--s 00000000 08:02 23201047                   /usr/share/fonts/X11/Type1/c0648bt_.pfb
7ff4b69e8000-7ff4b69f2000 r--s 00000000 08:02 23201041                   /usr/share/fonts/X11/Type1/c0611bt_.pfb
7ff4b69f2000-7ff4b6a03000 r--s 00000000 08:02 23201782                   /usr/share/fonts/type1/gsfonts/n019063l.pfb
7ff4b6a03000-7ff4b6a1e000 r--s 00000000 08:02 23201752                   /usr/share/fonts/type1/gsfonts/c059016l.pfb
7ff4b6a1e000-7ff4b6a28000 r--s 00000000 08:02 23201039                   /usr/share/fonts/X11/Type1/c0583bt_.pfb
7ff4b6a28000-7ff4b6a41000 r--s 00000000 08:02 23201803                   /usr/share/fonts/type1/gsfonts/n022004l.pfb
7ff4b6a41000-7ff4b6a57000 r--s 00000000 08:02 23201809                   /usr/share/fonts/type1/gsfonts/n022024l.pfb
7ff4b6a57000-7ff4b6a6a000 r--s 00000000 08:02 23201740                   /usr/share/fonts/type1/gsfonts/b018015l.pfb
7ff4b6a6a000-7ff4b6a74000 r--s 00000000 08:02 23201037                   /usr/share/fonts/X11/Type1/c0582bt_.pfb
7ff4b6a74000-7ff4b6a84000 r--s 00000000 08:02 23201728                   /usr/share/fonts/type1/gsfonts/a010015l.pfb
7ff4b6a84000-7ff4b6a9f000 r--s 00000000 08:02 23201812                   /usr/share/fonts/type1/gsfonts/p052003l.pfb
7ff4b6a9f000-7ff4b6aa8000 r--s 00000000 08:02 23201824                   /usr/share/fonts/type1/gsfonts/s050000l.pfb
7ff4b6aa8000-7ff4b6ac2000 r--s 00000000 08:02 23201749                   /usr/share/fonts/type1/gsfonts/c059013l.pfb
7ff4b6ac2000-7ff4b6ad3000 r--s 00000000 08:02 23201770                   /usr/share/fonts/type1/gsfonts/n019023l.pfb
7ff4b6ad3000-7ff4b6ae5000 r--s 00000000 08:02 23201779                   /usr/share/fonts/type1/gsfonts/n019044l.pfb
7ff4b6ae5000-7ff4b6aef000 r--s 00000000 08:02 23201035                   /usr/share/fonts/X11/Type1/c0419bt_.pfb
7ff4b6aef000-7ff4b6b06000 r--s 00000000 08:02 23201827                   /usr/share/fonts/type1/gsfonts/z003034l.pfb
7ff4b6b06000-7ff4b6b0f000 r--s 00000000 08:02 23201045                   /usr/share/fonts/X11/Type1/c0633bt_.pfb
7ff4b6b0f000-7ff4b6b28000 r--s 00000000 08:02 23201788                   /usr/share/fonts/type1/gsfonts/n021003l.pfb
7ff4b6b28000-7ff4b6b3e000 r--s 00000000 08:02 23201806                   /usr/share/fonts/type1/gsfonts/n022023l.pfb
7ff4b6b3e000-7ff4b6b57000 r--s 00000000 08:02 23201791                   /usr/share/fonts/type1/gsfonts/n021004l.pfb
7ff4b6b57000-7ff4b6b6a000 r--s 00000000 08:02 23201785                   /usr/share/fonts/type1/gsfonts/n019064l.pfb
7ff4b6b6a000-7ff4b6b74000 r--s 00000000 08:02 23201830                   /usr/share/fonts/type1/mathml/Symbol.pfb
7ff4b6b74000-7ff4b6b8c000 r--s 00000000 08:02 23201755                   /usr/share/fonts/type1/gsfonts/c059033l.pfb
7ff4b6b8c000-7ff4b6ba4000 r--s 00000000 08:02 23201800                   /usr/share/fonts/type1/gsfonts/n022003l.pfb
7ff4b6ba4000-7ff4b6bc0000 r--s 00000000 08:02 23201821                   /usr/share/fonts/type1/gsfonts/p052024l.pfb
7ff4b6bc0000-7ff4b6bd8000 r--s 00000000 08:02 23201758                   /usr/share/fonts/type1/gsfonts/c059036l.pfb
7ff4b6bd8000-7ff4b6bea000 r--s 00000000 08:02 23201767                   /usr/share/fonts/type1/gsfonts/n019004l.pfb
7ff4b6bea000-7ff4b6bf6000 r--s 00000000 08:02 23201761                   /usr/share/fonts/type1/gsfonts/d050000l.pfb
7ff4b6bf6000-7ff4b6c11000 r--s 00000000 08:02 23201818                   /usr/share/fonts/type1/gsfonts/p052023l.pfb
7ff4b6c11000-7ff4b6c23000 r--s 00000000 08:02 23201746                   /usr/share/fonts/type1/gsfonts/b018035l.pfb
7ff4b6c23000-7ff4b6c3e000 r--s 00000000 08:02 23201815                   /usr/share/fonts/type1/gsfonts/p052004l.pfb
7ff4b6c3e000-7ff4b6c55000 r--s 00000000 08:02 23201794                   /usr/share/fonts/type1/gsfonts/n021023l.pfb
7ff4b6c55000-7ff4b6c66000 r--s 00000000 08:02 23201734                   /usr/share/fonts/type1/gsfonts/a010035l.pfb
7ff4b6c66000-7ff4b6c7a000 r--s 00000000 08:02 23201764                   /usr/share/fonts/type1/gsfonts/n019003l.pfb
7ff4b6c7a000-7ff4b6c83000 r--s 00000000 08:02 23201049                   /usr/share/fonts/X11/Type1/c0649bt_.pfb
7ff4b6c83000-7ff4b6c99000 r--s 00000000 08:02 23201797                   /usr/share/fonts/type1/gsfonts/n021024l.pfb
7ff4b6c99000-7ff4b6caa000 r--s 00000000 08:02 23201773                   /usr/share/fonts/type1/gsfonts/n019024l.pfb
7ff4b6caa000-7ff4b6cbc000 r--s 00000000 08:02 23201776                   /usr/share/fonts/type1/gsfonts/n019043l.pfb
7ff4b6cbc000-7ff4b6cc5000 r--s 00000000 08:02 23201043                   /usr/share/fonts/X11/Type1/c0632bt_.pfb
7ff4b6cc5000-7ff4b6cd5000 r--s 00000000 08:02 23201731                   /usr/share/fonts/type1/gsfonts/a010033l.pfb
7ff4b6cd5000-7ff4b6cea000 r--s 00000000 08:02 23201743                   /usr/share/fonts/type1/gsfonts/b018032l.pfb
7ff4b6cea000-7ff4b6cfa000 r--s 00000000 08:02 23201725                   /usr/share/fonts/type1/gsfonts/a010013l.pfb
7ff4b6cfa000-7ff4b6d13000 r--s 00000000 08:02 23201737                   /usr/share/fonts/type1/gsfonts/b018012l.pfb
7ff4b6d13000-7ff4b6d17000 r--s 00000000 08:02 17432654                   /var/cache/fontconfig/385c0604a188198f04d133e54aba7fe7-le64.cache-4
7ff4b6d17000-7ff4b6d24000 r--s 00000000 08:02 17440984                   /var/cache/fontconfig/089dead882dea3570ffc31a9898cfb69-le64.cache-4
7ff4b6d24000-7ff4b6d31000 r--s 00000000 08:02 17439711                   /var/cache/fontconfig/e13b20fdb08344e0e664864cc2ede53d-le64.cache-4
7ff4b6d31000-7ff4b6d42000 r--s 00000000 08:02 23201770                   /usr/share/fonts/type1/gsfonts/n019023l.pfb
7ff4b6d42000-7ff4b6d5b000 r--s 00000000 08:02 23201803                   /usr/share/fonts/type1/gsfonts/n022004l.pfb
7ff4b6d5b000-7ff4b6d6c000 r--s 00000000 08:02 23201773                   /usr/share/fonts/type1/gsfonts/n019024l.pfb
7ff4b6d6c000-7ff4b6d7e000 r--s 00000000 08:02 23201767                   /usr/share/fonts/type1/gsfonts/n019004l.pfb
7ff4b6d7e000-7ff4b6d94000 r--s 00000000 08:02 23201809                   /usr/share/fonts/type1/gsfonts/n022024l.pfb
7ff4b6d94000-7ff4b6daa000 r--s 00000000 08:02 23201806                   /usr/share/fonts/type1/gsfonts/n022023l.pfb
7ff4b6daa000-7ff4b6dbe000 r--s 00000000 08:02 23201764                   /usr/share/fonts/type1/gsfonts/n019003l.pfb
7ff4b6dbe000-7ff4b6dd7000 r--s 00000000 08:02 23201791                   /usr/share/fonts/type1/gsfonts/n021004l.pfb
7ff4b6dd7000-7ff4b6def000 r--s 00000000 08:02 23201800                   /usr/share/fonts/type1/gsfonts/n022003l.pfb
7ff4b6def000-7ff4b6e08000 r--s 00000000 08:02 23201788                   /usr/share/fonts/type1/gsfonts/n021003l.pfb
7ff4b6e08000-7ff4b6e1f000 r--s 00000000 08:02 23201794                   /usr/share/fonts/type1/gsfonts/n021023l.pfb
7ff4b6e1f000-7ff4b6e35000 r--s 00000000 08:02 23201797                   /usr/share/fonts/type1/gsfonts/n021024l.pfb
7ff4b6e35000-7ff4b6e45000 r-xp 00000000 08:02 23730276                   /usr/lib/jvm/java-7-oracle/jre/lib/amd64/libnio.so
7ff4b6e45000-7ff4b7045000 ---p 00010000 08:02 23730276                   /usr/lib/jvm/java-7-oracle/jre/lib/amd64/libnio.so
7ff4b7045000-7ff4b7046000 rw-p 00010000 08:02 23730276                   /usr/lib/jvm/java-7-oracle/jre/lib/amd64/libnio.so
7ff4b7046000-7ff4b705c000 r-xp 00000000 08:02 23730296                   /usr/lib/jvm/java-7-oracle/jre/lib/amd64/libnet.so
7ff4b705c000-7ff4b725c000 ---p 00016000 08:02 23730296                   /usr/lib/jvm/java-7-oracle/jre/lib/amd64/libnet.so
7ff4b725c000-7ff4b725d000 rw-p 00016000 08:02 23730296                   /usr/lib/jvm/java-7-oracle/jre/lib/amd64/libnet.so
7ff4b725d000-7ff4b7272000 r-xp 00000000 08:02 6291564                    /lib/x86_64-linux-gnu/libgcc_s.so.1
7ff4b7272000-7ff4b7471000 ---p 00015000 08:02 6291564                    /lib/x86_64-linux-gnu/libgcc_s.so.1
7ff4b7471000-7ff4b7472000 r--p 00014000 08:02 6291564                    /lib/x86_64-linux-gnu/libgcc_s.so.1
7ff4b7472000-7ff4b7473000 rw-p 00015000 08:02 6291564                    /lib/x86_64-linux-gnu/libgcc_s.so.1
7ff4b7473000-7ff4b74d3000 r-xp 00000000 08:02 23731572                   /usr/lib/jvm/java-7-oracle/jre/lib/amd64/libfontmanager.so
7ff4b74d3000-7ff4b76d2000 ---p 00060000 08:02 23731572                   /usr/lib/jvm/java-7-oracle/jre/lib/amd64/libfontmanager.so
7ff4b76d2000-7ff4b76d6000 rw-p 0005f000 08:02 23731572                   /usr/lib/jvm/java-7-oracle/jre/lib/amd64/libfontmanager.so
7ff4b76d6000-7ff4b76e7000 rw-p 00000000 00:00 0 
7ff4b76e7000-7ff4b76ea000 ---p 00000000 00:00 0 
7ff4b76ea000-7ff4b77e8000 rw-p 00000000 00:00 0                          [stack:21187]
7ff4b77e8000-7ff4b77eb000 ---p 00000000 00:00 0 
7ff4b77eb000-7ff4b78e9000 rw-p 00000000 00:00 0                          [stack:21186]
7ff4b78e9000-7ff4b78ee000 r-xp 00000000 08:02 22158856                   /usr/lib/x86_64-linux-gnu/libXfixes.so.3.1.0
7ff4b78ee000-7ff4b7aed000 ---p 00005000 08:02 22158856                   /usr/lib/x86_64-linux-gnu/libXfixes.so.3.1.0
7ff4b7aed000-7ff4b7aee000 r--p 00004000 08:02 22158856                   /usr/lib/x86_64-linux-gnu/libXfixes.so.3.1.0
7ff4b7aee000-7ff4b7aef000 rw-p 00005000 08:02 22158856                   /usr/lib/x86_64-linux-gnu/libXfixes.so.3.1.0
7ff4b7aef000-7ff4b7af8000 r-xp 00000000 08:02 22158848                   /usr/lib/x86_64-linux-gnu/libXcursor.so.1.0.2
7ff4b7af8000-7ff4b7cf7000 ---p 00009000 08:02 22158848                   /usr/lib/x86_64-linux-gnu/libXcursor.so.1.0.2
7ff4b7cf7000-7ff4b7cf8000 r--p 00008000 08:02 22158848                   /usr/lib/x86_64-linux-gnu/libXcursor.so.1.0.2
7ff4b7cf8000-7ff4b7cf9000 rw-p 00009000 08:02 22158848                   /usr/lib/x86_64-linux-gnu/libXcursor.so.1.0.2
7ff4b7cf9000-7ff4b7cfc000 ---p 00000000 00:00 0 
7ff4b7cfc000-7ff4b7dfa000 rw-p 00000000 00:00 0                          [stack:21185]
7ff4b7dfa000-7ff4b7dff000 r-xp 00000000 08:02 22158852                   /usr/lib/x86_64-linux-gnu/libXdmcp.so.6.0.0
7ff4b7dff000-7ff4b7ffe000 ---p 00005000 08:02 22158852                   /usr/lib/x86_64-linux-gnu/libXdmcp.so.6.0.0
7ff4b7ffe000-7ff4b7fff000 r--p 00004000 08:02 22158852                   /usr/lib/x86_64-linux-gnu/libXdmcp.so.6.0.0
7ff4b7fff000-7ff4b8000000 rw-p 00005000 08:02 22158852                   /usr/lib/x86_64-linux-gnu/libXdmcp.so.6.0.0
7ff4b8000000-7ff4b8021000 rw-p 00000000 00:00 0 
7ff4b8021000-7ff4bc000000 ---p 00000000 00:00 0 
7ff4bc000000-7ff4bc001000 r--s 00000000 08:02 17432682                   /var/cache/fontconfig/e7071f4a29fa870f4323321c154eba04-le64.cache-4
7ff4bc001000-7ff4bc032000 rw-p 00000000 00:00 0 
7ff4bc032000-7ff4bc034000 r-xp 00000000 08:02 22158841                   /usr/lib/x86_64-linux-gnu/libXau.so.6.0.0
7ff4bc034000-7ff4bc234000 ---p 00002000 08:02 22158841                   /usr/lib/x86_64-linux-gnu/libXau.so.6.0.0
7ff4bc234000-7ff4bc235000 r--p 00002000 08:02 22158841                   /usr/lib/x86_64-linux-gnu/libXau.so.6.0.0
7ff4bc235000-7ff4bc236000 rw-p 00003000 08:02 22158841                   /usr/lib/x86_64-linux-gnu/libXau.so.6.0.0
7ff4bc236000-7ff4bc253000 r-xp 00000000 08:02 22159793                   /usr/lib/x86_64-linux-gnu/libxcb.so.1.1.0
7ff4bc253000-7ff4bc452000 ---p 0001d000 08:02 22159793                   /usr/lib/x86_64-linux-gnu/libxcb.so.1.1.0
7ff4bc452000-7ff4bc453000 r--p 0001c000 08:02 22159793                   /usr/lib/x86_64-linux-gnu/libxcb.so.1.1.0
7ff4bc453000-7ff4bc454000 rw-p 0001d000 08:02 22159793                   /usr/lib/x86_64-linux-gnu/libxcb.so.1.1.0
7ff4bc454000-7ff4bc463000 r-xp 00000000 08:02 22158862                   /usr/lib/x86_64-linux-gnu/libXi.so.6.1.0
7ff4bc463000-7ff4bc662000 ---p 0000f000 08:02 22158862                   /usr/lib/x86_64-linux-gnu/libXi.so.6.1.0
7ff4bc662000-7ff4bc663000 r--p 0000e000 08:02 22158862                   /usr/lib/x86_64-linux-gnu/libXi.so.6.1.0
7ff4bc663000-7ff4bc664000 rw-p 0000f000 08:02 22158862                   /usr/lib/x86_64-linux-gnu/libXi.so.6.1.0
7ff4bc664000-7ff4bc669000 r-xp 00000000 08:02 22158880                   /usr/lib/x86_64-linux-gnu/libXtst.so.6.1.0
7ff4bc669000-7ff4bc868000 ---p 00005000 08:02 22158880                   /usr/lib/x86_64-linux-gnu/libXtst.so.6.1.0
7ff4bc868000-7ff4bc869000 r--p 00004000 08:02 22158880                   /usr/lib/x86_64-linux-gnu/libXtst.so.6.1.0
7ff4bc869000-7ff4bc86a000 rw-p 00005000 08:02 22158880                   /usr/lib/x86_64-linux-gnu/libXtst.so.6.1.0
7ff4bc86a000-7ff4bc873000 r-xp 00000000 08:02 22158876                   /usr/lib/x86_64-linux-gnu/libXrender.so.1.3.0
7ff4bc873000-7ff4bca72000 ---p 00009000 08:02 22158876                   /usr/lib/x86_64-linux-gnu/libXrender.so.1.3.0
7ff4bca72000-7ff4bca73000 r--p 00008000 08:02 22158876                   /usr/lib/x86_64-linux-gnu/libXrender.so.1.3.0
7ff4bca73000-7ff4bca74000 rw-p 00009000 08:02 22158876                   /usr/lib/x86_64-linux-gnu/libXrender.so.1.3.0
7ff4bca74000-7ff4bcba4000 r-xp 00000000 08:02 22158837                   /usr/lib/x86_64-linux-gnu/libX11.so.6.3.0
7ff4bcba4000-7ff4bcda4000 ---p 00130000 08:02 22158837                   /usr/lib/x86_64-linux-gnu/libX11.so.6.3.0
7ff4bcda4000-7ff4bcda5000 r--p 00130000 08:02 22158837                   /usr/lib/x86_64-linux-gnu/libX11.so.6.3.0
7ff4bcda5000-7ff4bcda9000 rw-p 00131000 08:02 22158837                   /usr/lib/x86_64-linux-gnu/libX11.so.6.3.0
7ff4bcda9000-7ff4bcdba000 r-xp 00000000 08:02 22158854                   /usr/lib/x86_64-linux-gnu/libXext.so.6.4.0
7ff4bcdba000-7ff4bcfb9000 ---p 00011000 08:02 22158854                   /usr/lib/x86_64-linux-gnu/libXext.so.6.4.0
7ff4bcfb9000-7ff4bcfba000 r--p 00010000 08:02 22158854                   /usr/lib/x86_64-linux-gnu/libXext.so.6.4.0
7ff4bcfba000-7ff4bcfbb000 rw-p 00011000 08:02 22158854                   /usr/lib/x86_64-linux-gnu/libXext.so.6.4.0
7ff4bcfbb000-7ff4bcfbc000 r--s 00000000 08:02 17432648                   /var/cache/fontconfig/0d8c3b2ac0904cb8a57a757ad11a4a08-le64.cache-4
7ff4bcfbc000-7ff4bcfbd000 r--s 00000000 08:02 17432650                   /var/cache/fontconfig/1ac9eb803944fde146138c791f5cc56a-le64.cache-4
7ff4bcfbd000-7ff4bcfbe000 r--s 00000000 08:02 17432679                   /var/cache/fontconfig/dc05db6664285cc2f12bf69c139ae4c3-le64.cache-4
7ff4bcfbe000-7ff4bcfc8000 r--s 00000000 08:02 23201830                   /usr/share/fonts/type1/mathml/Symbol.pfb
7ff4bcfc8000-7ff4bcfd2000 r--s 00250000 08:02 23205099                   /usr/lib/jvm/java-7-oracle/jre/lib/resources.jar
7ff4bcfd2000-7ff4bcfd9000 r--s 00000000 08:02 22545731                   /usr/lib/x86_64-linux-gnu/gconv/gconv-modules.cache
7ff4bcfd9000-7ff4bd029000 r-xp 00000000 08:02 23731558                   /usr/lib/jvm/java-7-oracle/jre/lib/amd64/xawt/libmawt.so
7ff4bd029000-7ff4bd229000 ---p 00050000 08:02 23731558                   /usr/lib/jvm/java-7-oracle/jre/lib/amd64/xawt/libmawt.so
7ff4bd229000-7ff4bd22d000 rw-p 00050000 08:02 23731558                   /usr/lib/jvm/java-7-oracle/jre/lib/amd64/xawt/libmawt.so
7ff4bd22d000-7ff4bd22e000 rw-p 00000000 00:00 0 
7ff4bd22e000-7ff4bd2d0000 r-xp 00000000 08:02 23730275                   /usr/lib/jvm/java-7-oracle/jre/lib/amd64/libawt.so
7ff4bd2d0000-7ff4bd4d0000 ---p 000a2000 08:02 23730275                   /usr/lib/jvm/java-7-oracle/jre/lib/amd64/libawt.so
7ff4bd4d0000-7ff4bd4dc000 rw-p 000a2000 08:02 23730275                   /usr/lib/jvm/java-7-oracle/jre/lib/amd64/libawt.so
7ff4bd4dc000-7ff4bd500000 rw-p 00000000 00:00 0 
7ff4bd500000-7ff4bd501000 ---p 00000000 00:00 0 
7ff4bd501000-7ff4bd601000 rw-p 00000000 00:00 0                          [stack:21184]
7ff4bd601000-7ff4bd604000 ---p 00000000 00:00 0 
7ff4bd604000-7ff4bd702000 rw-p 00000000 00:00 0                          [stack:21183]
7ff4bd702000-7ff4bd705000 ---p 00000000 00:00 0 
7ff4bd705000-7ff4bd803000 rw-p 00000000 00:00 0                          [stack:21182]
7ff4bd803000-7ff4bd806000 ---p 00000000 00:00 0 
7ff4bd806000-7ff4bd904000 rw-p 00000000 00:00 0                          [stack:21181]
7ff4bd904000-7ff4bd907000 ---p 00000000 00:00 0 
7ff4bd907000-7ff4bda05000 rw-p 00000000 00:00 0                          [stack:21180]
7ff4bda05000-7ff4be0e7000 r--p 00000000 08:02 22157871                   /usr/lib/locale/locale-archive
7ff4be0e7000-7ff4be0ea000 ---p 00000000 00:00 0 
7ff4be0ea000-7ff4be1e8000 rw-p 00000000 00:00 0                          [stack:21179]
7ff4be1e8000-7ff4be1eb000 ---p 00000000 00:00 0 
7ff4be1eb000-7ff4be2e9000 rw-p 00000000 00:00 0                          [stack:21178]
7ff4be2e9000-7ff4be2ea000 ---p 00000000 00:00 0 
7ff4be2ea000-7ff4bf3e9000 rw-p 00000000 00:00 0                          [stack:21177]
7ff4bf3e9000-7ff4bf5a5000 r--s 039b2000 08:02 23205090                   /usr/lib/jvm/java-7-oracle/jre/lib/rt.jar
7ff4bf5a5000-7ff4bfac8000 rw-p 00000000 00:00 0 
7ff4bfac8000-7ff4bfac9000 ---p 00000000 00:00 0 
7ff4bfac9000-7ff4bfbc9000 rw-p 00000000 00:00 0                          [stack:21176]
7ff4bfbc9000-7ff4bfbca000 ---p 00000000 00:00 0 
7ff4bfbca000-7ff4bfcca000 rw-p 00000000 00:00 0                          [stack:21175]
7ff4bfcca000-7ff4bfccb000 ---p 00000000 00:00 0 
7ff4bfccb000-7ff4bfdcb000 rw-p 00000000 00:00 0                          [stack:21174]
7ff4bfdcb000-7ff4bfdcc000 ---p 00000000 00:00 0 
7ff4bfdcc000-7ff4bfed7000 rw-p 00000000 00:00 0                          [stack:21173]
7ff4bfed7000-7ff4bfef5000 rw-p 00000000 00:00 0 
7ff4bfef5000-7ff4bff1e000 rw-p 00000000 00:00 0 
7ff4bff1e000-7ff4c0185000 rw-p 00000000 00:00 0 
7ff4c0185000-7ff4c0190000 rw-p 00000000 00:00 0 
7ff4c0190000-7ff4c01ae000 rw-p 00000000 00:00 0 
7ff4c01ae000-7ff4c01d7000 rw-p 00000000 00:00 0 
7ff4c01d7000-7ff4c043e000 rw-p 00000000 00:00 0 
7ff4c043e000-7ff4c0453000 rw-p 00000000 00:00 0 
7ff4c0453000-7ff4c0586000 rw-p 00000000 00:00 0 
7ff4c0586000-7ff4c0587000 rw-p 00000000 00:00 0 
7ff4c0587000-7ff4c07f7000 rwxp 00000000 00:00 0 
7ff4c07f7000-7ff4c3587000 rw-p 00000000 00:00 0 
7ff4c3587000-7ff4c35a1000 r-xp 00000000 08:02 23731560                   /usr/lib/jvm/java-7-oracle/jre/lib/amd64/libzip.so
7ff4c35a1000-7ff4c37a1000 ---p 0001a000 08:02 23731560                   /usr/lib/jvm/java-7-oracle/jre/lib/amd64/libzip.so
7ff4c37a1000-7ff4c37a2000 rw-p 0001a000 08:02 23731560                   /usr/lib/jvm/java-7-oracle/jre/lib/amd64/libzip.so
7ff4c37a2000-7ff4c37ae000 r-xp 00000000 08:02 6295399                    /lib/x86_64-linux-gnu/libnss_files-2.17.so
7ff4c37ae000-7ff4c39ad000 ---p 0000c000 08:02 6295399                    /lib/x86_64-linux-gnu/libnss_files-2.17.so
7ff4c39ad000-7ff4c39ae000 r--p 0000b000 08:02 6295399                    /lib/x86_64-linux-gnu/libnss_files-2.17.so
7ff4c39ae000-7ff4c39af000 rw-p 0000c000 08:02 6295399                    /lib/x86_64-linux-gnu/libnss_files-2.17.so
7ff4c39af000-7ff4c39ba000 r-xp 00000000 08:02 6295403                    /lib/x86_64-linux-gnu/libnss_nis-2.17.so
7ff4c39ba000-7ff4c3bb9000 ---p 0000b000 08:02 6295403                    /lib/x86_64-linux-gnu/libnss_nis-2.17.so
7ff4c3bb9000-7ff4c3bba000 r--p 0000a000 08:02 6295403                    /lib/x86_64-linux-gnu/libnss_nis-2.17.so
7ff4c3bba000-7ff4c3bbb000 rw-p 0000b000 08:02 6295403                    /lib/x86_64-linux-gnu/libnss_nis-2.17.so
7ff4c3bbb000-7ff4c3bd2000 r-xp 00000000 08:02 6295393                    /lib/x86_64-linux-gnu/libnsl-2.17.so
7ff4c3bd2000-7ff4c3dd1000 ---p 00017000 08:02 6295393                    /lib/x86_64-linux-gnu/libnsl-2.17.so
7ff4c3dd1000-7ff4c3dd2000 r--p 00016000 08:02 6295393                    /lib/x86_64-linux-gnu/libnsl-2.17.so
7ff4c3dd2000-7ff4c3dd3000 rw-p 00017000 08:02 6295393                    /lib/x86_64-linux-gnu/libnsl-2.17.so
7ff4c3dd3000-7ff4c3dd5000 rw-p 00000000 00:00 0 
7ff4c3dd5000-7ff4c3dfe000 r-xp 00000000 08:02 23730308                   /usr/lib/jvm/java-7-oracle/jre/lib/amd64/libjava.so
7ff4c3dfe000-7ff4c3ffe000 ---p 00029000 08:02 23730308                   /usr/lib/jvm/java-7-oracle/jre/lib/amd64/libjava.so
7ff4c3ffe000-7ff4c4000000 rw-p 00029000 08:02 23730308                   /usr/lib/jvm/java-7-oracle/jre/lib/amd64/libjava.so
7ff4c4000000-7ff4c4363000 rw-p 00000000 00:00 0 
7ff4c4363000-7ff4c8000000 ---p 00000000 00:00 0 
7ff4c8000000-7ff4c8002000 r--s 00000000 08:02 17432662                   /var/cache/fontconfig/767a8244fc0220cfb567a839d0392e0b-le64.cache-4
7ff4c8002000-7ff4c800a000 r-xp 00000000 08:02 6295395                    /lib/x86_64-linux-gnu/libnss_compat-2.17.so
7ff4c800a000-7ff4c8209000 ---p 00008000 08:02 6295395                    /lib/x86_64-linux-gnu/libnss_compat-2.17.so
7ff4c8209000-7ff4c820a000 r--p 00007000 08:02 6295395                    /lib/x86_64-linux-gnu/libnss_compat-2.17.so
7ff4c820a000-7ff4c820b000 rw-p 00008000 08:02 6295395                    /lib/x86_64-linux-gnu/libnss_compat-2.17.so
7ff4c820b000-7ff4c8218000 r-xp 00000000 08:02 23731573                   /usr/lib/jvm/java-7-oracle/jre/lib/amd64/libverify.so
7ff4c8218000-7ff4c8417000 ---p 0000d000 08:02 23731573                   /usr/lib/jvm/java-7-oracle/jre/lib/amd64/libverify.so
7ff4c8417000-7ff4c8419000 rw-p 0000c000 08:02 23731573                   /usr/lib/jvm/java-7-oracle/jre/lib/amd64/libverify.so
7ff4c8419000-7ff4c8420000 r-xp 00000000 08:02 6295446                    /lib/x86_64-linux-gnu/librt-2.17.so
7ff4c8420000-7ff4c861f000 ---p 00007000 08:02 6295446                    /lib/x86_64-linux-gnu/librt-2.17.so
7ff4c861f000-7ff4c8620000 r--p 00006000 08:02 6295446                    /lib/x86_64-linux-gnu/librt-2.17.so
7ff4c8620000-7ff4c8621000 rw-p 00007000 08:02 6295446                    /lib/x86_64-linux-gnu/librt-2.17.so
7ff4c8621000-7ff4c8724000 r-xp 00000000 08:02 6295374                    /lib/x86_64-linux-gnu/libm-2.17.so
7ff4c8724000-7ff4c8923000 ---p 00103000 08:02 6295374                    /lib/x86_64-linux-gnu/libm-2.17.so
7ff4c8923000-7ff4c8924000 r--p 00102000 08:02 6295374                    /lib/x86_64-linux-gnu/libm-2.17.so
7ff4c8924000-7ff4c8925000 rw-p 00103000 08:02 6295374                    /lib/x86_64-linux-gnu/libm-2.17.so
7ff4c8925000-7ff4c9487000 r-xp 00000000 08:02 23730284                   /usr/lib/jvm/java-7-oracle/jre/lib/amd64/server/libjvm.so
7ff4c9487000-7ff4c9687000 ---p 00b62000 08:02 23730284                   /usr/lib/jvm/java-7-oracle/jre/lib/amd64/server/libjvm.so
7ff4c9687000-7ff4c974a000 rw-p 00b62000 08:02 23730284                   /usr/lib/jvm/java-7-oracle/jre/lib/amd64/server/libjvm.so
7ff4c974a000-7ff4c978b000 rw-p 00000000 00:00 0 
7ff4c978b000-7ff4c9948000 r-xp 00000000 08:02 6295323                    /lib/x86_64-linux-gnu/libc-2.17.so
7ff4c9948000-7ff4c9b48000 ---p 001bd000 08:02 6295323                    /lib/x86_64-linux-gnu/libc-2.17.so
7ff4c9b48000-7ff4c9b4c000 r--p 001bd000 08:02 6295323                    /lib/x86_64-linux-gnu/libc-2.17.so
7ff4c9b4c000-7ff4c9b4e000 rw-p 001c1000 08:02 6295323                    /lib/x86_64-linux-gnu/libc-2.17.so
7ff4c9b4e000-7ff4c9b53000 rw-p 00000000 00:00 0 
7ff4c9b53000-7ff4c9b56000 r-xp 00000000 08:02 6295338                    /lib/x86_64-linux-gnu/libdl-2.17.so
7ff4c9b56000-7ff4c9d55000 ---p 00003000 08:02 6295338                    /lib/x86_64-linux-gnu/libdl-2.17.so
7ff4c9d55000-7ff4c9d56000 r--p 00002000 08:02 6295338                    /lib/x86_64-linux-gnu/libdl-2.17.so
7ff4c9d56000-7ff4c9d57000 rw-p 00003000 08:02 6295338                    /lib/x86_64-linux-gnu/libdl-2.17.so
7ff4c9d57000-7ff4c9d6d000 r-xp 00000000 08:02 23868441                   /usr/lib/jvm/java-7-oracle/lib/amd64/jli/libjli.so
7ff4c9d6d000-7ff4c9f6d000 ---p 00016000 08:02 23868441                   /usr/lib/jvm/java-7-oracle/lib/amd64/jli/libjli.so
7ff4c9f6d000-7ff4c9f6e000 rw-p 00016000 08:02 23868441                   /usr/lib/jvm/java-7-oracle/lib/amd64/jli/libjli.so
7ff4c9f6e000-7ff4c9f85000 r-xp 00000000 08:02 6295438                    /lib/x86_64-linux-gnu/libpthread-2.17.so
7ff4c9f85000-7ff4ca185000 ---p 00017000 08:02 6295438                    /lib/x86_64-linux-gnu/libpthread-2.17.so
7ff4ca185000-7ff4ca186000 r--p 00017000 08:02 6295438                    /lib/x86_64-linux-gnu/libpthread-2.17.so
7ff4ca186000-7ff4ca187000 rw-p 00018000 08:02 6295438                    /lib/x86_64-linux-gnu/libpthread-2.17.so
7ff4ca187000-7ff4ca18b000 rw-p 00000000 00:00 0 
7ff4ca18b000-7ff4ca1ae000 r-xp 00000000 08:02 6295299                    /lib/x86_64-linux-gnu/ld-2.17.so
7ff4ca1ae000-7ff4ca1af000 r--s 00000000 08:02 17440157                   /var/cache/fontconfig/4794a0821666d79190d59a36cb4f44b5-le64.cache-4
7ff4ca1af000-7ff4ca1b2000 r--s 00000000 08:02 17432664                   /var/cache/fontconfig/8801497958630a81b71ace7c5f9b32a8-le64.cache-4
7ff4ca1b2000-7ff4ca1b3000 r--s 00000000 08:02 17432657                   /var/cache/fontconfig/56cf4f4769d0f4abc89a4895d7bd3ae1-le64.cache-4
7ff4ca1b3000-7ff4ca1c8000 r--p 00000000 08:02 22550278                   /usr/share/locale-langpack/zh_CN/LC_MESSAGES/libc.mo
7ff4ca1c8000-7ff4ca1d2000 rw-p 00000000 00:00 0 
7ff4ca1d2000-7ff4ca288000 rw-p 00000000 00:00 0 
7ff4ca288000-7ff4ca28b000 ---p 00000000 00:00 0 
7ff4ca28b000-7ff4ca38d000 rw-p 00000000 00:00 0                          [stack:21168]
7ff4ca38d000-7ff4ca38e000 r--s 00000000 08:02 17432671                   /var/cache/fontconfig/b9d506c9ac06c20b433354fa67a72993-le64.cache-4
7ff4ca38e000-7ff4ca38f000 r--s 00000000 08:02 17432647                   /var/cache/fontconfig/0c9eb80ebd1c36541ebe2852d3bb0c49-le64.cache-4
7ff4ca38f000-7ff4ca393000 r--s 00000000 08:02 17445577                   /var/cache/fontconfig/7ef2298fde41cc6eeb7af42e48b7d293-le64.cache-4
7ff4ca393000-7ff4ca396000 r--s 0005e000 08:02 20062051                   /home/mtcle/javawork/mysqldriver.jar
7ff4ca396000-7ff4ca3a1000 r--s 0037c000 08:02 23205070                   /usr/lib/jvm/java-7-oracle/jre/lib/charsets.jar
7ff4ca3a1000-7ff4ca3a9000 rw-s 00000000 08:02 25036925                   /tmp/hsperfdata_mtcle/21167
7ff4ca3a9000-7ff4ca3aa000 rw-p 00000000 00:00 0 
7ff4ca3aa000-7ff4ca3ab000 r--p 00000000 00:00 0 
7ff4ca3ab000-7ff4ca3ad000 rw-p 00000000 00:00 0 
7ff4ca3ad000-7ff4ca3ae000 r--p 00022000 08:02 6295299                    /lib/x86_64-linux-gnu/ld-2.17.so
7ff4ca3ae000-7ff4ca3b0000 rw-p 00023000 08:02 6295299                    /lib/x86_64-linux-gnu/ld-2.17.so
7fff46756000-7fff46777000 rw-p 00000000 00:00 0                          [stack]
7fff467b3000-7fff467b5000 r-xp 00000000 00:00 0                          [vdso]
ffffffffff600000-ffffffffff601000 r-xp 00000000 00:00 0                  [vsyscall]

VM Arguments:
jvm_args: -Dfile.encoding=UTF-8 
java_command: Gui.Main
Launcher Type: SUN_STANDARD

Environment Variables:
PATH=/usr/lib/lightdm/lightdm:/usr/local/sbin:/usr/local/bin:/usr/sbin:/usr/bin:/sbin:/bin:/usr/games:/usr/local/games
SHELL=/bin/bash
DISPLAY=:0

Signal Handlers:
SIGSEGV: [libjvm.so+0x9935b0], sa_mask[0]=0x7ffbfeff, sa_flags=0x10000004
SIGBUS: [libjvm.so+0x9935b0], sa_mask[0]=0x7ffbfeff, sa_flags=0x10000004
SIGFPE: [libjvm.so+0x810330], sa_mask[0]=0x7ffbfeff, sa_flags=0x10000004
SIGPIPE: [libjvm.so+0x810330], sa_mask[0]=0x7ffbfeff, sa_flags=0x10000004
SIGXFSZ: [libjvm.so+0x810330], sa_mask[0]=0x7ffbfeff, sa_flags=0x10000004
SIGILL: [libjvm.so+0x810330], sa_mask[0]=0x7ffbfeff, sa_flags=0x10000004
SIGUSR1: SIG_DFL, sa_mask[0]=0x00000000, sa_flags=0x00000000
SIGUSR2: [libjvm.so+0x811820], sa_mask[0]=0x00000004, sa_flags=0x10000004
SIGHUP: [libjvm.so+0x812790], sa_mask[0]=0x7ffbfeff, sa_flags=0x10000004
SIGINT: [libjvm.so+0x812790], sa_mask[0]=0x7ffbfeff, sa_flags=0x10000004
SIGTERM: [libjvm.so+0x812790], sa_mask[0]=0x7ffbfeff, sa_flags=0x10000004
SIGQUIT: [libjvm.so+0x812790], sa_mask[0]=0x7ffbfeff, sa_flags=0x10000004


---------------  S Y S T E M  ---------------

OS:wheezy/sid

uname:Linux 3.11.0-15-generic #23-Ubuntu SMP Mon Dec 9 18:17:04 UTC 2013 x86_64
libc:glibc 2.17 NPTL 2.17 
rlimit: STACK 8192k, CORE 0k, NPROC 61233, NOFILE 4096, AS infinity
load average:1.04 0.97 0.87

/proc/meminfo:
MemTotal:        8060072 kB
MemFree:          762756 kB
Buffers:          151716 kB
Cached:          3078720 kB
SwapCached:            0 kB
Active:          2542028 kB
Inactive:        2171856 kB
Active(anon):    1431388 kB
Inactive(anon):   965172 kB
Active(file):    1110640 kB
Inactive(file):  1206684 kB
Unevictable:          32 kB
Mlocked:              32 kB
SwapTotal:       8270844 kB
SwapFree:        8270692 kB
Dirty:               804 kB
Writeback:             0 kB
AnonPages:       1483392 kB
Mapped:          2658040 kB
Shmem:            913196 kB
Slab:             198708 kB
SReclaimable:     137584 kB
SUnreclaim:        61124 kB
KernelStack:        6608 kB
PageTables:        43600 kB
NFS_Unstable:          0 kB
Bounce:                0 kB
WritebackTmp:          0 kB
CommitLimit:    12300880 kB
Committed_AS:   10033856 kB
VmallocTotal:   34359738367 kB
VmallocUsed:      441964 kB
VmallocChunk:   34359292148 kB
HardwareCorrupted:     0 kB
AnonHugePages:         0 kB
HugePages_Total:       0
HugePages_Free:        0
HugePages_Rsvd:        0
HugePages_Surp:        0
Hugepagesize:       2048 kB
DirectMap4k:       66556 kB
DirectMap2M:     8212480 kB


CPU:total 4 (4 cores per cpu, 1 threads per core) family 6 model 58 stepping 9, cmov, cx8, fxsr, mmx, sse, sse2, sse3, ssse3, sse4.1, sse4.2, popcnt, avx, aes, erms, tsc, tscinvbit, tscinv

/proc/cpuinfo:
processor	: 0
vendor_id	: GenuineIntel
cpu family	: 6
model		: 58
model name	: Intel(R) Core(TM) i5-3470 CPU @ 3.20GHz
stepping	: 9
microcode	: 0x19
cpu MHz		: 3201.000
cache size	: 6144 KB
physical id	: 0
siblings	: 4
core id		: 0
cpu cores	: 4
apicid		: 0
initial apicid	: 0
fpu		: yes
fpu_exception	: yes
cpuid level	: 13
wp		: yes
flags		: fpu vme de pse tsc msr pae mce cx8 apic sep mtrr pge mca cmov pat pse36 clflush dts acpi mmx fxsr sse sse2 ss ht tm pbe syscall nx rdtscp lm constant_tsc arch_perfmon pebs bts rep_good nopl xtopology nonstop_tsc aperfmperf eagerfpu pni pclmulqdq dtes64 monitor ds_cpl vmx smx est tm2 ssse3 cx16 xtpr pdcm pcid sse4_1 sse4_2 x2apic popcnt tsc_deadline_timer aes xsave avx f16c rdrand lahf_lm ida arat epb xsaveopt pln pts dtherm tpr_shadow vnmi flexpriority ept vpid fsgsbase smep erms
bogomips	: 6385.37
clflush size	: 64
cache_alignment	: 64
address sizes	: 36 bits physical, 48 bits virtual
power management:

processor	: 1
vendor_id	: GenuineIntel
cpu family	: 6
model		: 58
model name	: Intel(R) Core(TM) i5-3470 CPU @ 3.20GHz
stepping	: 9
microcode	: 0x19
cpu MHz		: 2500.000
cache size	: 6144 KB
physical id	: 0
siblings	: 4
core id		: 1
cpu cores	: 4
apicid		: 2
initial apicid	: 2
fpu		: yes
fpu_exception	: yes
cpuid level	: 13
wp		: yes
flags		: fpu vme de pse tsc msr pae mce cx8 apic sep mtrr pge mca cmov pat pse36 clflush dts acpi mmx fxsr sse sse2 ss ht tm pbe syscall nx rdtscp lm constant_tsc arch_perfmon pebs bts rep_good nopl xtopology nonstop_tsc aperfmperf eagerfpu pni pclmulqdq dtes64 monitor ds_cpl vmx smx est tm2 ssse3 cx16 xtpr pdcm pcid sse4_1 sse4_2 x2apic popcnt tsc_deadline_timer aes xsave avx f16c rdrand lahf_lm ida arat epb xsaveopt pln pts dtherm tpr_shadow vnmi flexpriority ept vpid fsgsbase smep erms
bogomips	: 6385.37
clflush size	: 64
cache_alignment	: 64
address sizes	: 36 bits physical, 48 bits virtual
power management:

processor	: 2
vendor_id	: GenuineIntel
cpu family	: 6
model		: 58
model name	: Intel(R) Core(TM) i5-3470 CPU @ 3.20GHz
stepping	: 9
microcode	: 0x19
cpu MHz		: 3201.000
cache size	: 6144 KB
physical id	: 0
siblings	: 4
core id		: 2
cpu cores	: 4
apicid		: 4
initial apicid	: 4
fpu		: yes
fpu_exception	: yes
cpuid level	: 13
wp		: yes
flags		: fpu vme de pse tsc msr pae mce cx8 apic sep mtrr pge mca cmov pat pse36 clflush dts acpi mmx fxsr sse sse2 ss ht tm pbe syscall nx rdtscp lm constant_tsc arch_perfmon pebs bts rep_good nopl xtopology nonstop_tsc aperfmperf eagerfpu pni pclmulqdq dtes64 monitor ds_cpl vmx smx est tm2 ssse3 cx16 xtpr pdcm pcid sse4_1 sse4_2 x2apic popcnt tsc_deadline_timer aes xsave avx f16c rdrand lahf_lm ida arat epb xsaveopt pln pts dtherm tpr_shadow vnmi flexpriority ept vpid fsgsbase smep erms
bogomips	: 6385.37
clflush size	: 64
cache_alignment	: 64
address sizes	: 36 bits physical, 48 bits virtual
power management:

processor	: 3
vendor_id	: GenuineIntel
cpu family	: 6
model		: 58
model name	: Intel(R) Core(TM) i5-3470 CPU @ 3.20GHz
stepping	: 9
microcode	: 0x19
cpu MHz		: 3201.000
cache size	: 6144 KB
physical id	: 0
siblings	: 4
core id		: 3
cpu cores	: 4
apicid		: 6
initial apicid	: 6
fpu		: yes
fpu_exception	: yes
cpuid level	: 13
wp		: yes
flags		: fpu vme de pse tsc msr pae mce cx8 apic sep mtrr pge mca cmov pat pse36 clflush dts acpi mmx fxsr sse sse2 ss ht tm pbe syscall nx rdtscp lm constant_tsc arch_perfmon pebs bts rep_good nopl xtopology nonstop_tsc aperfmperf eagerfpu pni pclmulqdq dtes64 monitor ds_cpl vmx smx est tm2 ssse3 cx16 xtpr pdcm pcid sse4_1 sse4_2 x2apic popcnt tsc_deadline_timer aes xsave avx f16c rdrand lahf_lm ida arat epb xsaveopt pln pts dtherm tpr_shadow vnmi flexpriority ept vpid fsgsbase smep erms
bogomips	: 6385.37
clflush size	: 64
cache_alignment	: 64
address sizes	: 36 bits physical, 48 bits virtual
power management:



Memory: 4k page, physical 8060072k(762756k free), swap 8270844k(8270692k free)

vm_info: Java HotSpot(TM) 64-Bit Server VM (24.45-b08) for linux-amd64 JRE (1.7.0_45-b18), built on Oct  8 2013 05:44:25 by "java_re" with gcc 4.3.0 20080428 (Red Hat 4.3.0-8)

time: Mon Jan  6 20:36:12 2014
elapsed time: 488 seconds

