#
# A fatal error has been detected by the Java Runtime Environment:
#
#  SIGSEGV (0xb) at pc=0x00007f376ae0f793, pid=20871, tid=139875969206016
#
# JRE version: Java(TM) SE Runtime Environment (7.0_45-b18) (build 1.7.0_45-b18)
# Java VM: Java HotSpot(TM) 64-Bit Server VM (24.45-b08 mixed mode linux-amd64 compressed oops)
# Problematic frame:
# C  [libmawt.so+0x1e793]  getX11InputMethodData+0x43
#
# Failed to write core dump. Core dumps have been disabled. To enable core dumping, try "ulimit -c unlimited" before starting Java again
#
# If you would like to submit a bug report, please visit:
#   http://bugreport.sun.com/bugreport/crash.jsp
# The crash happened outside the Java Virtual Machine in native code.
# See problematic frame for where to report the bug.
#

---------------  T H R E A D  ---------------

Current thread (0x00007f377417f800):  JavaThread "AWT-XAWT" daemon [_thread_in_native, id=20892, stack(0x00007f3769650000,0x00007f3769751000)]

siginfo:si_signo=SIGSEGV: si_errno=0, si_code=1 (SEGV_MAPERR), si_addr=0x0000000000000021

Registers:
RAX=0x0000000000000001, RBX=0x0000000000000001, RCX=0x00007f377c0a32e0, RDX=0x0000000000000042
RSP=0x00007f376974f6d0, RBP=0x00007f376974f6f0, RSI=0x00007f37740d3788, RDI=0x00007f377417f9e8
R8 =0x0000000000000003, R9 =0x000000077fea27d0, R10=0x0000000000000058, R11=0x00007f377b67e008
R12=0x00007f377417f9e8, R13=0x00007f37740d3788, R14=0x00007f376b044fc0, R15=0x00007f377417f800
RIP=0x00007f376ae0f793, EFLAGS=0x0000000000010202, CSGSFS=0x0000000000000033, ERR=0x0000000000000004
  TRAPNO=0x000000000000000e

Top of Stack: (sp=0x00007f376974f6d0)
0x00007f376974f6d0:   00000007802e64f0 00007f372c033150
0x00007f376974f6e0:   00000007802e64f0 00007f376974f7d8
0x00007f376974f6f0:   0000000000000000 00007f376a90bcc8
0x00007f376974f700:   00000007802e64f0 00007f376974f730
0x00007f376974f710:   0000000000000000 00007f376a903ba3
0x00007f376974f720:   00000007802e64f0 00007f376ae0561f
0x00007f376974f730:   00007f376974f7a0 00007f3771012cd8
0x00007f376974f740:   0000000000000000 0000000000000000
0x00007f376974f750:   00007f376974f7b0 00007f3771006058
0x00007f376974f760:   00007f376974f760 0000000000000000
0x00007f376974f770:   00007f376974f7d8 00000007802ec5b8
0x00007f376974f780:   0000000000000000 00000007802e64f0
0x00007f376974f790:   0000000000000000 00007f376974f7c0
0x00007f376974f7a0:   00007f376974f820 00007f3771006350
0x00007f376974f7b0:   00000007d70c0e18 00007f377100ecc0
0x00007f376974f7c0:   0000000000000000 00007f376974f820
0x00007f376974f7d0:   00007f372c000e30 00000007d713d8d8
0x00007f376974f7e0:   00007f376974f7e0 00000007802ca4ec
0x00007f376974f7f0:   00007f376974f868 00000007802d5f90
0x00007f376974f800:   0000000780b0a7c8 00000007802ca620
0x00007f376974f810:   00007f376974f7c0 00007f376974f860
0x00007f376974f820:   00007f376974f8b0 00007f3771006058
0x00007f376974f830:   0000000000000000 00000007d87a9598
0x00007f376974f840:   0000000000000000 0000000000000000
0x00007f376974f850:   0000000000000000 00000007d713d8d8
0x00007f376974f860:   0000000000000000 00000007d70c22f0
0x00007f376974f870:   00007f376974f870 00000007802ca2f5
0x00007f376974f880:   00007f376974f8c0 00000007802d5f90
0x00007f376974f890:   0000000000000000 00000007802ca300
0x00007f376974f8a0:   00007f376974f860 00007f376974f8c0
0x00007f376974f8b0:   00007f376974f908 00007f3771006706
0x00007f376974f8c0:   00000007d70c22f0 00007f376974f8c8 

Instructions: (pc=0x00007f376ae0f793)
0x00007f376ae0f773:   8b 07 49 89 f5 49 8b 16 ff 90 28 03 00 00 48 83
0x00007f376ae0f783:   3d 1f 4b 23 00 00 48 89 c3 75 4a 48 85 c0 74 45
0x00007f376ae0f793:   48 8b 50 20 4c 8d 05 b2 3b 02 00 48 8d 0d d9 3f
0x00007f376ae0f7a3:   02 00 31 f6 4c 89 e7 31 c0 e8 87 35 ff ff 49 8b 

Register to memory mapping:

RAX=0x0000000000000001 is an unknown value
RBX=0x0000000000000001 is an unknown value
RCX=0x00007f377c0a32e0: <offset 0x2182e0> in /lib/x86_64-linux-gnu/libpthread.so.0 at 0x00007f377be8b000
RDX=0x0000000000000042 is an unknown value
RSP=0x00007f376974f6d0 is pointing into the stack for thread: 0x00007f377417f800
RBP=0x00007f376974f6f0 is pointing into the stack for thread: 0x00007f377417f800
RSI=0x00007f37740d3788 is a global jni handle
RDI=0x00007f377417f9e8 is an unknown value
R8 =0x0000000000000003 is an unknown value
R9 =0x000000077fea27d0 is an oop
java.lang.Object 
 - klass: 'java/lang/Object'
R10=0x0000000000000058 is an unknown value
R11=0x00007f377b67e008: <offset 0xe3c008> in /usr/lib/jvm/java-7-oracle/jre/lib/amd64/server/libjvm.so at 0x00007f377a842000
R12=0x00007f377417f9e8 is an unknown value
R13=0x00007f37740d3788 is a global jni handle
R14=0x00007f376b044fc0: <offset 0x253fc0> in /usr/lib/jvm/java-7-oracle/jre/lib/amd64/xawt/libmawt.so at 0x00007f376adf1000
R15=0x00007f377417f800 is a thread


Stack: [0x00007f3769650000,0x00007f3769751000],  sp=0x00007f376974f6d0,  free space=1021k
Native frames: (J=compiled Java code, j=interpreted, Vv=VM code, C=native code)
C  [libmawt.so+0x1e793]  getX11InputMethodData+0x43

Java frames: (J=compiled Java code, j=interpreted, Vv=VM code)
j  sun.awt.X11.XlibWrapper.XFilterEvent(JJ)Z+0
j  sun.awt.X11.XToolkit.run(Z)V+300
j  sun.awt.X11.XToolkit.run()V+5
j  java.lang.Thread.run()V+11
v  ~StubRoutines::call_stub

---------------  P R O C E S S  ---------------

Java Threads: ( => current thread )
  0x00007f372400c000 JavaThread "TimerQueue" daemon [_thread_blocked, id=20895, stack(0x00007f3768454000,0x00007f3768555000)]
  0x00007f3774009800 JavaThread "DestroyJavaVM" [_thread_blocked, id=20874, stack(0x00007f377c1a5000,0x00007f377c2a6000)]
  0x00007f37743a9000 JavaThread "AWT-EventQueue-0" [_thread_blocked, id=20894, stack(0x00007f376857a000,0x00007f376867b000)]
  0x00007f3774229800 JavaThread "AWT-Shutdown" [_thread_blocked, id=20893, stack(0x00007f376954f000,0x00007f3769650000)]
=>0x00007f377417f800 JavaThread "AWT-XAWT" daemon [_thread_in_native, id=20892, stack(0x00007f3769650000,0x00007f3769751000)]
  0x00007f377415e000 JavaThread "Java2D Disposer" daemon [_thread_blocked, id=20891, stack(0x00007f3769b61000,0x00007f3769c62000)]
  0x00007f3774097000 JavaThread "Service Thread" daemon [_thread_blocked, id=20889, stack(0x00007f376b419000,0x00007f376b51a000)]
  0x00007f3774094800 JavaThread "C2 CompilerThread1" daemon [_thread_blocked, id=20888, stack(0x00007f376b51a000,0x00007f376b61b000)]
  0x00007f3774091800 JavaThread "C2 CompilerThread0" daemon [_thread_blocked, id=20887, stack(0x00007f376b61b000,0x00007f376b71c000)]
  0x00007f3774087800 JavaThread "Signal Dispatcher" daemon [_thread_blocked, id=20886, stack(0x00007f376b71c000,0x00007f376b81d000)]
  0x00007f377406f800 JavaThread "Finalizer" daemon [_thread_blocked, id=20885, stack(0x00007f376beff000,0x00007f376c000000)]
  0x00007f377406b800 JavaThread "Reference Handler" daemon [_thread_blocked, id=20884, stack(0x00007f37700f1000,0x00007f37701f2000)]

Other Threads:
  0x00007f3774069800 VMThread [stack: 0x00007f37701f2000,0x00007f37702f3000] [id=20883]
  0x00007f37740a1800 WatcherThread [stack: 0x00007f376b318000,0x00007f376b419000] [id=20890]

VM state:not at safepoint (normal execution)

VM Mutex/Monitor currently owned by a thread: None

Heap
 PSYoungGen      total 36864K, used 25697K [0x00000007d7000000, 0x00000007d9900000, 0x0000000800000000)
  eden space 31744K, 80% used [0x00000007d7000000,0x00000007d89187f0,0x00000007d8f00000)
  from space 5120K, 0% used [0x00000007d9400000,0x00000007d9400000,0x00000007d9900000)
  to   space 5120K, 0% used [0x00000007d8f00000,0x00000007d8f00000,0x00000007d9400000)
 ParOldGen       total 83968K, used 0K [0x0000000785000000, 0x000000078a200000, 0x00000007d7000000)
  object space 83968K, 0% used [0x0000000785000000,0x0000000785000000,0x000000078a200000)
 PSPermGen       total 21504K, used 14662K [0x000000077fe00000, 0x0000000781300000, 0x0000000785000000)
  object space 21504K, 68% used [0x000000077fe00000,0x0000000780c51a30,0x0000000781300000)

Card table byte_map: [0x00007f37790a4000,0x00007f37794a6000] byte_map_base: 0x00007f37754a5000

Polling page: 0x00007f377c2c7000

Code Cache  [0x00007f3771000000, 0x00007f3771270000, 0x00007f3774000000)
 total_blobs=708 nmethods=207 adapters=454 free_code_cache=48238Kb largest_free_block=49370880

Compilation events (10 events):
Event: 64.452 Thread 0x00007f3774094800  209             java.security.AccessController::getContext (23 bytes)
Event: 64.453 Thread 0x00007f3774094800 nmethod 209 0x00007f37710e7390 code [0x00007f37710e74e0, 0x00007f37710e7578]
Event: 170.409 Thread 0x00007f3774091800  210   !         sun.awt.X11.XToolkit::callTimeoutTasks (220 bytes)
Event: 170.414 Thread 0x00007f3774091800 nmethod 210 0x00007f37710e4ad0 code [0x00007f37710e4c60, 0x00007f37710e4ed8]
Event: 187.299 Thread 0x00007f3774091800  212             sun.awt.X11.XAnyEvent::<init> (30 bytes)
Event: 187.299 Thread 0x00007f3774094800  211             sun.awt.X11.XEvent::get_xany (22 bytes)
Event: 187.301 Thread 0x00007f3774091800 nmethod 212 0x00007f37710e4410 code [0x00007f37710e4580, 0x00007f37710e47b8]
Event: 187.304 Thread 0x00007f3774094800 nmethod 211 0x00007f37710e81d0 code [0x00007f37710e83a0, 0x00007f37710e87d0]
Event: 1418.788 Thread 0x00007f3774091800  213   !         sun.awt.X11.XToolkit::getNextTaskTime (55 bytes)
Event: 1418.795 Thread 0x00007f3774091800 nmethod 213 0x00007f37710e6310 code [0x00007f37710e64a0, 0x00007f37710e67f0]

GC Heap History (0 events):
No events

Deoptimization events (10 events):
Event: 0.302 Thread 0x00007f3774009800 Uncommon trap: reason=class_check action=maybe_recompile pc=0x00007f3771091c48 method=java.lang.Character.toLowerCase(I)I @ 5
Event: 0.302 Thread 0x00007f3774009800 Uncommon trap: reason=class_check action=maybe_recompile pc=0x00007f37710868b8 method=java.lang.Character.toLowerCase(I)I @ 5
Event: 0.304 Thread 0x00007f3774009800 Uncommon trap: reason=class_check action=maybe_recompile pc=0x00007f3771091c48 method=java.lang.Character.toLowerCase(I)I @ 5
Event: 3.822 Thread 0x00007f37743a9000 Uncommon trap: reason=class_check action=maybe_recompile pc=0x00007f377107b818 method=java.lang.String.equals(Ljava/lang/Object;)Z @ 8
Event: 3.822 Thread 0x00007f37743a9000 Uncommon trap: reason=class_check action=maybe_recompile pc=0x00007f377107b818 method=java.lang.String.equals(Ljava/lang/Object;)Z @ 8
Event: 4.783 Thread 0x00007f37743a9000 Uncommon trap: reason=class_check action=maybe_recompile pc=0x00007f377107b818 method=java.lang.String.equals(Ljava/lang/Object;)Z @ 8
Event: 4.783 Thread 0x00007f37743a9000 Uncommon trap: reason=class_check action=maybe_recompile pc=0x00007f377107b818 method=java.lang.String.equals(Ljava/lang/Object;)Z @ 8
Event: 10.856 Thread 0x00007f37743a9000 Uncommon trap: reason=unreached action=reinterpret pc=0x00007f37710b65a4 method=java.util.HashMap.put(Ljava/lang/Object;Ljava/lang/Object;)Ljava/lang/Object; @ 19
Event: 40.638 Thread 0x00007f37743a9000 Uncommon trap: reason=unreached action=reinterpret pc=0x00007f37710c4858 method=sun.font.FileFontStrike.getCachedGlyphPtr(I)J @ 99
Event: 40.641 Thread 0x00007f37743a9000 Uncommon trap: reason=unreached action=reinterpret pc=0x00007f37710c5fe4 method=sun.font.CompositeGlyphMapper.getCachedGlyphCode(I)I @ 19

Internal exceptions (10 events):
Event: 40.638 Thread 0x00007f37743a9000 Implicit null exception at 0x00007f37710c46c2 to 0x00007f37710c4841
Event: 40.641 Thread 0x00007f37743a9000 Implicit null exception at 0x00007f37710c5f70 to 0x00007f37710c5fd5
Event: 40.665 Thread 0x00007f37743a9000 Threw 0x00000007d8281578 at /HUDSON/workspace/7u-2-build-linux-amd64/jdk7u45/229/hotspot/src/share/vm/prims/jni.cpp:743
Event: 45.114 Thread 0x00007f37743a9000 Threw 0x00000007d841fae8 at /HUDSON/workspace/7u-2-build-linux-amd64/jdk7u45/229/hotspot/src/share/vm/prims/jvm.cpp:1244
Event: 45.138 Thread 0x00007f37743a9000 Threw 0x00000007d843afd8 at /HUDSON/workspace/7u-2-build-linux-amd64/jdk7u45/229/hotspot/src/share/vm/prims/jvm.cpp:1244
Event: 45.163 Thread 0x00007f37743a9000 Threw 0x00000007d8458930 at /HUDSON/workspace/7u-2-build-linux-amd64/jdk7u45/229/hotspot/src/share/vm/prims/jni.cpp:743
Event: 50.039 Thread 0x00007f37743a9000 Threw 0x00000007d857d458 at /HUDSON/workspace/7u-2-build-linux-amd64/jdk7u45/229/hotspot/src/share/vm/prims/jni.cpp:743
Event: 54.149 Thread 0x00007f37743a9000 Threw 0x00000007d86ca4d8 at /HUDSON/workspace/7u-2-build-linux-amd64/jdk7u45/229/hotspot/src/share/vm/prims/jni.cpp:743
Event: 57.367 Thread 0x00007f37743a9000 Threw 0x00000007d8774328 at /HUDSON/workspace/7u-2-build-linux-amd64/jdk7u45/229/hotspot/src/share/vm/prims/jni.cpp:743
Event: 60.681 Thread 0x00007f37743a9000 Threw 0x00000007d87c30b8 at /HUDSON/workspace/7u-2-build-linux-amd64/jdk7u45/229/hotspot/src/share/vm/prims/jni.cpp:743

Events (10 events):
Event: 60.663 Executing VM operation: RevokeBias
Event: 60.663 Executing VM operation: RevokeBias done
Event: 60.670 Executing VM operation: BulkRevokeBias
Event: 60.670 Executing VM operation: BulkRevokeBias done
Event: 60.680 Executing VM operation: RevokeBias
Event: 60.680 Executing VM operation: RevokeBias done
Event: 730.565 loading class 0x00007f3774116ca0
Event: 730.565 loading class 0x00007f3774116ca0 done
Event: 730.565 loading class 0x00007f3774116c70
Event: 730.565 loading class 0x00007f3774116c70 done


Dynamic libraries:
00400000-00401000 r-xp 00000000 08:02 23731676                           /usr/lib/jvm/java-7-oracle/bin/java
00600000-00601000 rw-p 00000000 08:02 23731676                           /usr/lib/jvm/java-7-oracle/bin/java
018a2000-018c3000 rw-p 00000000 00:00 0                                  [heap]
77fe00000-781300000 rw-p 00000000 00:00 0 
781300000-785000000 rw-p 00000000 00:00 0 
785000000-78a200000 rw-p 00000000 00:00 0 
78a200000-7d7000000 rw-p 00000000 00:00 0 
7d7000000-7d9900000 rw-p 00000000 00:00 0 
7d9900000-800000000 rw-p 00000000 00:00 0 
7f3718000000-7f3718021000 rw-p 00000000 00:00 0 
7f3718021000-7f371c000000 ---p 00000000 00:00 0 
7f371c000000-7f371c021000 rw-p 00000000 00:00 0 
7f371c021000-7f3720000000 ---p 00000000 00:00 0 
7f3720000000-7f3720021000 rw-p 00000000 00:00 0 
7f3720021000-7f3724000000 ---p 00000000 00:00 0 
7f3724000000-7f372421a000 rw-p 00000000 00:00 0 
7f372421a000-7f3728000000 ---p 00000000 00:00 0 
7f3728000000-7f3728021000 rw-p 00000000 00:00 0 
7f3728021000-7f372c000000 ---p 00000000 00:00 0 
7f372c000000-7f372c042000 rw-p 00000000 00:00 0 
7f372c042000-7f3730000000 ---p 00000000 00:00 0 
7f3730000000-7f3730021000 rw-p 00000000 00:00 0 
7f3730021000-7f3734000000 ---p 00000000 00:00 0 
7f3734000000-7f3734021000 rw-p 00000000 00:00 0 
7f3734021000-7f3738000000 ---p 00000000 00:00 0 
7f3738000000-7f37386fc000 rw-p 00000000 00:00 0 
7f37386fc000-7f373c000000 ---p 00000000 00:00 0 
7f373c000000-7f373c56e000 rw-p 00000000 00:00 0 
7f373c56e000-7f3740000000 ---p 00000000 00:00 0 
7f3740000000-7f3740021000 rw-p 00000000 00:00 0 
7f3740021000-7f3744000000 ---p 00000000 00:00 0 
7f3744000000-7f3744021000 rw-p 00000000 00:00 0 
7f3744021000-7f3748000000 ---p 00000000 00:00 0 
7f3748000000-7f3748021000 rw-p 00000000 00:00 0 
7f3748021000-7f374c000000 ---p 00000000 00:00 0 
7f374c000000-7f374c021000 rw-p 00000000 00:00 0 
7f374c021000-7f3750000000 ---p 00000000 00:00 0 
7f3750000000-7f3750021000 rw-p 00000000 00:00 0 
7f3750021000-7f3754000000 ---p 00000000 00:00 0 
7f3757ff0000-7f375c000000 rw-p 00000000 00:00 0 
7f375c000000-7f375c021000 rw-p 00000000 00:00 0 
7f375c021000-7f3760000000 ---p 00000000 00:00 0 
7f3764000000-7f3764021000 rw-p 00000000 00:00 0 
7f3764021000-7f3768000000 ---p 00000000 00:00 0 
7f37682a4000-7f37682af000 r--s 00000000 08:02 17432665                   /var/cache/fontconfig/945677eb7aeaf62f1d50efc3fb3ec7d8-le64.cache-4
7f37682af000-7f37682b4000 r--s 00000000 08:02 17440985                   /var/cache/fontconfig/99e8ed0e538f840c565b6ed5dad60d56-le64.cache-4
7f37682b4000-7f37682bc000 r--s 00000000 08:02 17445578                   /var/cache/fontconfig/e25ca923d7a08ab6b0777bd7eb77ea77-le64.cache-4
7f37682bc000-7f37682c2000 r--s 00000000 08:02 17432651                   /var/cache/fontconfig/2cd17615ca594fa2959ae173292e504c-le64.cache-4
7f37682c2000-7f37682c9000 r--s 00000000 08:02 17432669                   /var/cache/fontconfig/a755afe4a08bf5b97852ceb7400b47bc-le64.cache-4
7f37682c9000-7f37682cd000 r--s 00000000 08:02 17432660                   /var/cache/fontconfig/6d41288fd70b0be22e8c3a91e032eec0-le64.cache-4
7f37682cd000-7f37682e1000 r--s 00000000 08:02 17432646                   /var/cache/fontconfig/04aabc0a78ac019cf9454389977116d2-le64.cache-4
7f37682e1000-7f37682e8000 r--s 00000000 08:02 17432652                   /var/cache/fontconfig/3047814df9a2f067bd2d96a2b9c36e5a-le64.cache-4
7f37682e8000-7f37682ee000 r--s 00000000 08:02 17432670                   /var/cache/fontconfig/b47c4e1ecd0709278f4910c18777a504-le64.cache-4
7f37682ee000-7f3768301000 r--s 00000000 08:02 17432676                   /var/cache/fontconfig/d52a8644073d54c13679302ca1180695-le64.cache-4
7f3768301000-7f376830d000 r--s 00000000 08:02 17442162                   /var/cache/fontconfig/d589a48862398ed80a3d6066f4f56f4c-le64.cache-4
7f376834b000-7f376834e000 ---p 00000000 00:00 0 
7f376834e000-7f376844c000 rw-p 00000000 00:00 0 
7f376844c000-7f3768450000 r--s 0008a000 08:02 23205078                   /usr/lib/jvm/java-7-oracle/jre/lib/jsse.jar
7f3768450000-7f3768454000 r--s 000f7000 08:02 23615292                   /usr/lib/jvm/java-7-oracle/jre/lib/ext/localedata.jar
7f3768454000-7f3768457000 ---p 00000000 00:00 0 
7f3768457000-7f3768555000 rw-p 00000000 00:00 0                          [stack:20895]
7f3768555000-7f376857a000 rw-s 00000000 00:04 21757954                   /SYSV00000000 (deleted)
7f376857a000-7f376857d000 ---p 00000000 00:00 0 
7f376857d000-7f376867b000 rw-p 00000000 00:00 0                          [stack:20894]
7f376867b000-7f37686e3000 r-xp 00000000 08:02 23730294                   /usr/lib/jvm/java-7-oracle/jre/lib/amd64/libt2k.so
7f37686e3000-7f37688e3000 ---p 00068000 08:02 23730294                   /usr/lib/jvm/java-7-oracle/jre/lib/amd64/libt2k.so
7f37688e3000-7f37688ea000 rw-p 00068000 08:02 23730294                   /usr/lib/jvm/java-7-oracle/jre/lib/amd64/libt2k.so
7f37688ea000-7f37688fa000 rw-p 00000000 00:00 0 
7f37688fa000-7f3768903000 r--s 00000000 08:02 23201047                   /usr/share/fonts/X11/Type1/c0648bt_.pfb
7f3768903000-7f376890d000 r--s 00000000 08:02 23201041                   /usr/share/fonts/X11/Type1/c0611bt_.pfb
7f376890d000-7f376891e000 r--s 00000000 08:02 23201782                   /usr/share/fonts/type1/gsfonts/n019063l.pfb
7f376891e000-7f3768939000 r--s 00000000 08:02 23201752                   /usr/share/fonts/type1/gsfonts/c059016l.pfb
7f3768939000-7f3768943000 r--s 00000000 08:02 23201039                   /usr/share/fonts/X11/Type1/c0583bt_.pfb
7f3768943000-7f376895c000 r--s 00000000 08:02 23201803                   /usr/share/fonts/type1/gsfonts/n022004l.pfb
7f376895c000-7f3768972000 r--s 00000000 08:02 23201809                   /usr/share/fonts/type1/gsfonts/n022024l.pfb
7f3768972000-7f3768985000 r--s 00000000 08:02 23201740                   /usr/share/fonts/type1/gsfonts/b018015l.pfb
7f3768985000-7f376898f000 r--s 00000000 08:02 23201037                   /usr/share/fonts/X11/Type1/c0582bt_.pfb
7f376898f000-7f376899f000 r--s 00000000 08:02 23201728                   /usr/share/fonts/type1/gsfonts/a010015l.pfb
7f376899f000-7f37689ba000 r--s 00000000 08:02 23201812                   /usr/share/fonts/type1/gsfonts/p052003l.pfb
7f37689ba000-7f37689c3000 r--s 00000000 08:02 23201824                   /usr/share/fonts/type1/gsfonts/s050000l.pfb
7f37689c3000-7f37689dd000 r--s 00000000 08:02 23201749                   /usr/share/fonts/type1/gsfonts/c059013l.pfb
7f37689dd000-7f37689ee000 r--s 00000000 08:02 23201770                   /usr/share/fonts/type1/gsfonts/n019023l.pfb
7f37689ee000-7f3768a00000 r--s 00000000 08:02 23201779                   /usr/share/fonts/type1/gsfonts/n019044l.pfb
7f3768a00000-7f3768a0a000 r--s 00000000 08:02 23201035                   /usr/share/fonts/X11/Type1/c0419bt_.pfb
7f3768a0a000-7f3768a21000 r--s 00000000 08:02 23201827                   /usr/share/fonts/type1/gsfonts/z003034l.pfb
7f3768a21000-7f3768a2a000 r--s 00000000 08:02 23201045                   /usr/share/fonts/X11/Type1/c0633bt_.pfb
7f3768a2a000-7f3768a43000 r--s 00000000 08:02 23201788                   /usr/share/fonts/type1/gsfonts/n021003l.pfb
7f3768a43000-7f3768a59000 r--s 00000000 08:02 23201806                   /usr/share/fonts/type1/gsfonts/n022023l.pfb
7f3768a59000-7f3768a72000 r--s 00000000 08:02 23201791                   /usr/share/fonts/type1/gsfonts/n021004l.pfb
7f3768a72000-7f3768a85000 r--s 00000000 08:02 23201785                   /usr/share/fonts/type1/gsfonts/n019064l.pfb
7f3768a85000-7f3768a8f000 r--s 00000000 08:02 23201830                   /usr/share/fonts/type1/mathml/Symbol.pfb
7f3768a8f000-7f3768aa7000 r--s 00000000 08:02 23201755                   /usr/share/fonts/type1/gsfonts/c059033l.pfb
7f3768aa7000-7f3768abf000 r--s 00000000 08:02 23201800                   /usr/share/fonts/type1/gsfonts/n022003l.pfb
7f3768abf000-7f3768adb000 r--s 00000000 08:02 23201821                   /usr/share/fonts/type1/gsfonts/p052024l.pfb
7f3768adb000-7f3768af3000 r--s 00000000 08:02 23201758                   /usr/share/fonts/type1/gsfonts/c059036l.pfb
7f3768af3000-7f3768b05000 r--s 00000000 08:02 23201767                   /usr/share/fonts/type1/gsfonts/n019004l.pfb
7f3768b05000-7f3768b11000 r--s 00000000 08:02 23201761                   /usr/share/fonts/type1/gsfonts/d050000l.pfb
7f3768b11000-7f3768b2c000 r--s 00000000 08:02 23201818                   /usr/share/fonts/type1/gsfonts/p052023l.pfb
7f3768b2c000-7f3768b3e000 r--s 00000000 08:02 23201746                   /usr/share/fonts/type1/gsfonts/b018035l.pfb
7f3768b3e000-7f3768b59000 r--s 00000000 08:02 23201815                   /usr/share/fonts/type1/gsfonts/p052004l.pfb
7f3768b59000-7f3768b70000 r--s 00000000 08:02 23201794                   /usr/share/fonts/type1/gsfonts/n021023l.pfb
7f3768b70000-7f3768b81000 r--s 00000000 08:02 23201734                   /usr/share/fonts/type1/gsfonts/a010035l.pfb
7f3768b81000-7f3768b95000 r--s 00000000 08:02 23201764                   /usr/share/fonts/type1/gsfonts/n019003l.pfb
7f3768b95000-7f3768b9e000 r--s 00000000 08:02 23201049                   /usr/share/fonts/X11/Type1/c0649bt_.pfb
7f3768b9e000-7f3768bb4000 r--s 00000000 08:02 23201797                   /usr/share/fonts/type1/gsfonts/n021024l.pfb
7f3768bb4000-7f3768bc5000 r--s 00000000 08:02 23201773                   /usr/share/fonts/type1/gsfonts/n019024l.pfb
7f3768bc5000-7f3768bd7000 r--s 00000000 08:02 23201776                   /usr/share/fonts/type1/gsfonts/n019043l.pfb
7f3768bd7000-7f3768be0000 r--s 00000000 08:02 23201043                   /usr/share/fonts/X11/Type1/c0632bt_.pfb
7f3768be0000-7f3768bf0000 r--s 00000000 08:02 23201731                   /usr/share/fonts/type1/gsfonts/a010033l.pfb
7f3768bf0000-7f3768c05000 r--s 00000000 08:02 23201743                   /usr/share/fonts/type1/gsfonts/b018032l.pfb
7f3768c05000-7f3768c15000 r--s 00000000 08:02 23201725                   /usr/share/fonts/type1/gsfonts/a010013l.pfb
7f3768c15000-7f3768c2e000 r--s 00000000 08:02 23201737                   /usr/share/fonts/type1/gsfonts/b018012l.pfb
7f3768c2e000-7f3768c32000 r--s 00000000 08:02 17432654                   /var/cache/fontconfig/385c0604a188198f04d133e54aba7fe7-le64.cache-4
7f3768c32000-7f3768c3f000 r--s 00000000 08:02 17440984                   /var/cache/fontconfig/089dead882dea3570ffc31a9898cfb69-le64.cache-4
7f3768c3f000-7f3768c4c000 r--s 00000000 08:02 17439711                   /var/cache/fontconfig/e13b20fdb08344e0e664864cc2ede53d-le64.cache-4
7f3768c4c000-7f3768c5d000 r--s 00000000 08:02 23201770                   /usr/share/fonts/type1/gsfonts/n019023l.pfb
7f3768c5d000-7f3768c76000 r--s 00000000 08:02 23201803                   /usr/share/fonts/type1/gsfonts/n022004l.pfb
7f3768c76000-7f3768c87000 r--s 00000000 08:02 23201773                   /usr/share/fonts/type1/gsfonts/n019024l.pfb
7f3768c87000-7f3768c9d000 r--s 00000000 08:02 23201809                   /usr/share/fonts/type1/gsfonts/n022024l.pfb
7f3768c9d000-7f3768cad000 r-xp 00000000 08:02 23730276                   /usr/lib/jvm/java-7-oracle/jre/lib/amd64/libnio.so
7f3768cad000-7f3768ead000 ---p 00010000 08:02 23730276                   /usr/lib/jvm/java-7-oracle/jre/lib/amd64/libnio.so
7f3768ead000-7f3768eae000 rw-p 00010000 08:02 23730276                   /usr/lib/jvm/java-7-oracle/jre/lib/amd64/libnio.so
7f3768eae000-7f3768ec4000 r-xp 00000000 08:02 23730296                   /usr/lib/jvm/java-7-oracle/jre/lib/amd64/libnet.so
7f3768ec4000-7f37690c4000 ---p 00016000 08:02 23730296                   /usr/lib/jvm/java-7-oracle/jre/lib/amd64/libnet.so
7f37690c4000-7f37690c5000 rw-p 00016000 08:02 23730296                   /usr/lib/jvm/java-7-oracle/jre/lib/amd64/libnet.so
7f37690c5000-7f37690da000 r-xp 00000000 08:02 6291564                    /lib/x86_64-linux-gnu/libgcc_s.so.1
7f37690da000-7f37692d9000 ---p 00015000 08:02 6291564                    /lib/x86_64-linux-gnu/libgcc_s.so.1
7f37692d9000-7f37692da000 r--p 00014000 08:02 6291564                    /lib/x86_64-linux-gnu/libgcc_s.so.1
7f37692da000-7f37692db000 rw-p 00015000 08:02 6291564                    /lib/x86_64-linux-gnu/libgcc_s.so.1
7f37692db000-7f376933b000 r-xp 00000000 08:02 23731572                   /usr/lib/jvm/java-7-oracle/jre/lib/amd64/libfontmanager.so
7f376933b000-7f376953a000 ---p 00060000 08:02 23731572                   /usr/lib/jvm/java-7-oracle/jre/lib/amd64/libfontmanager.so
7f376953a000-7f376953e000 rw-p 0005f000 08:02 23731572                   /usr/lib/jvm/java-7-oracle/jre/lib/amd64/libfontmanager.so
7f376953e000-7f376954f000 rw-p 00000000 00:00 0 
7f376954f000-7f3769552000 ---p 00000000 00:00 0 
7f3769552000-7f3769650000 rw-p 00000000 00:00 0                          [stack:20893]
7f3769650000-7f3769653000 ---p 00000000 00:00 0 
7f3769653000-7f3769751000 rw-p 00000000 00:00 0                          [stack:20892]
7f3769751000-7f3769756000 r-xp 00000000 08:02 22158856                   /usr/lib/x86_64-linux-gnu/libXfixes.so.3.1.0
7f3769756000-7f3769955000 ---p 00005000 08:02 22158856                   /usr/lib/x86_64-linux-gnu/libXfixes.so.3.1.0
7f3769955000-7f3769956000 r--p 00004000 08:02 22158856                   /usr/lib/x86_64-linux-gnu/libXfixes.so.3.1.0
7f3769956000-7f3769957000 rw-p 00005000 08:02 22158856                   /usr/lib/x86_64-linux-gnu/libXfixes.so.3.1.0
7f3769957000-7f3769960000 r-xp 00000000 08:02 22158848                   /usr/lib/x86_64-linux-gnu/libXcursor.so.1.0.2
7f3769960000-7f3769b5f000 ---p 00009000 08:02 22158848                   /usr/lib/x86_64-linux-gnu/libXcursor.so.1.0.2
7f3769b5f000-7f3769b60000 r--p 00008000 08:02 22158848                   /usr/lib/x86_64-linux-gnu/libXcursor.so.1.0.2
7f3769b60000-7f3769b61000 rw-p 00009000 08:02 22158848                   /usr/lib/x86_64-linux-gnu/libXcursor.so.1.0.2
7f3769b61000-7f3769b64000 ---p 00000000 00:00 0 
7f3769b64000-7f3769c62000 rw-p 00000000 00:00 0                          [stack:20891]
7f3769c62000-7f3769c67000 r-xp 00000000 08:02 22158852                   /usr/lib/x86_64-linux-gnu/libXdmcp.so.6.0.0
7f3769c67000-7f3769e66000 ---p 00005000 08:02 22158852                   /usr/lib/x86_64-linux-gnu/libXdmcp.so.6.0.0
7f3769e66000-7f3769e67000 r--p 00004000 08:02 22158852                   /usr/lib/x86_64-linux-gnu/libXdmcp.so.6.0.0
7f3769e67000-7f3769e68000 rw-p 00005000 08:02 22158852                   /usr/lib/x86_64-linux-gnu/libXdmcp.so.6.0.0
7f3769e68000-7f3769e6a000 r-xp 00000000 08:02 22158841                   /usr/lib/x86_64-linux-gnu/libXau.so.6.0.0
7f3769e6a000-7f376a06a000 ---p 00002000 08:02 22158841                   /usr/lib/x86_64-linux-gnu/libXau.so.6.0.0
7f376a06a000-7f376a06b000 r--p 00002000 08:02 22158841                   /usr/lib/x86_64-linux-gnu/libXau.so.6.0.0
7f376a06b000-7f376a06c000 rw-p 00003000 08:02 22158841                   /usr/lib/x86_64-linux-gnu/libXau.so.6.0.0
7f376a06c000-7f376a089000 r-xp 00000000 08:02 22159793                   /usr/lib/x86_64-linux-gnu/libxcb.so.1.1.0
7f376a089000-7f376a288000 ---p 0001d000 08:02 22159793                   /usr/lib/x86_64-linux-gnu/libxcb.so.1.1.0
7f376a288000-7f376a289000 r--p 0001c000 08:02 22159793                   /usr/lib/x86_64-linux-gnu/libxcb.so.1.1.0
7f376a289000-7f376a28a000 rw-p 0001d000 08:02 22159793                   /usr/lib/x86_64-linux-gnu/libxcb.so.1.1.0
7f376a28a000-7f376a299000 r-xp 00000000 08:02 22158862                   /usr/lib/x86_64-linux-gnu/libXi.so.6.1.0
7f376a299000-7f376a498000 ---p 0000f000 08:02 22158862                   /usr/lib/x86_64-linux-gnu/libXi.so.6.1.0
7f376a498000-7f376a499000 r--p 0000e000 08:02 22158862                   /usr/lib/x86_64-linux-gnu/libXi.so.6.1.0
7f376a499000-7f376a49a000 rw-p 0000f000 08:02 22158862                   /usr/lib/x86_64-linux-gnu/libXi.so.6.1.0
7f376a49a000-7f376a49f000 r-xp 00000000 08:02 22158880                   /usr/lib/x86_64-linux-gnu/libXtst.so.6.1.0
7f376a49f000-7f376a69e000 ---p 00005000 08:02 22158880                   /usr/lib/x86_64-linux-gnu/libXtst.so.6.1.0
7f376a69e000-7f376a69f000 r--p 00004000 08:02 22158880                   /usr/lib/x86_64-linux-gnu/libXtst.so.6.1.0
7f376a69f000-7f376a6a0000 rw-p 00005000 08:02 22158880                   /usr/lib/x86_64-linux-gnu/libXtst.so.6.1.0
7f376a6a0000-7f376a6a9000 r-xp 00000000 08:02 22158876                   /usr/lib/x86_64-linux-gnu/libXrender.so.1.3.0
7f376a6a9000-7f376a8a8000 ---p 00009000 08:02 22158876                   /usr/lib/x86_64-linux-gnu/libXrender.so.1.3.0
7f376a8a8000-7f376a8a9000 r--p 00008000 08:02 22158876                   /usr/lib/x86_64-linux-gnu/libXrender.so.1.3.0
7f376a8a9000-7f376a8aa000 rw-p 00009000 08:02 22158876                   /usr/lib/x86_64-linux-gnu/libXrender.so.1.3.0
7f376a8aa000-7f376a9da000 r-xp 00000000 08:02 22158837                   /usr/lib/x86_64-linux-gnu/libX11.so.6.3.0
7f376a9da000-7f376abda000 ---p 00130000 08:02 22158837                   /usr/lib/x86_64-linux-gnu/libX11.so.6.3.0
7f376abda000-7f376abdb000 r--p 00130000 08:02 22158837                   /usr/lib/x86_64-linux-gnu/libX11.so.6.3.0
7f376abdb000-7f376abdf000 rw-p 00131000 08:02 22158837                   /usr/lib/x86_64-linux-gnu/libX11.so.6.3.0
7f376abdf000-7f376abf0000 r-xp 00000000 08:02 22158854                   /usr/lib/x86_64-linux-gnu/libXext.so.6.4.0
7f376abf0000-7f376adef000 ---p 00011000 08:02 22158854                   /usr/lib/x86_64-linux-gnu/libXext.so.6.4.0
7f376adef000-7f376adf0000 r--p 00010000 08:02 22158854                   /usr/lib/x86_64-linux-gnu/libXext.so.6.4.0
7f376adf0000-7f376adf1000 rw-p 00011000 08:02 22158854                   /usr/lib/x86_64-linux-gnu/libXext.so.6.4.0
7f376adf1000-7f376ae41000 r-xp 00000000 08:02 23731558                   /usr/lib/jvm/java-7-oracle/jre/lib/amd64/xawt/libmawt.so
7f376ae41000-7f376b041000 ---p 00050000 08:02 23731558                   /usr/lib/jvm/java-7-oracle/jre/lib/amd64/xawt/libmawt.so
7f376b041000-7f376b045000 rw-p 00050000 08:02 23731558                   /usr/lib/jvm/java-7-oracle/jre/lib/amd64/xawt/libmawt.so
7f376b045000-7f376b046000 rw-p 00000000 00:00 0 
7f376b046000-7f376b0e8000 r-xp 00000000 08:02 23730275                   /usr/lib/jvm/java-7-oracle/jre/lib/amd64/libawt.so
7f376b0e8000-7f376b2e8000 ---p 000a2000 08:02 23730275                   /usr/lib/jvm/java-7-oracle/jre/lib/amd64/libawt.so
7f376b2e8000-7f376b2f4000 rw-p 000a2000 08:02 23730275                   /usr/lib/jvm/java-7-oracle/jre/lib/amd64/libawt.so
7f376b2f4000-7f376b318000 rw-p 00000000 00:00 0 
7f376b318000-7f376b319000 ---p 00000000 00:00 0 
7f376b319000-7f376b419000 rw-p 00000000 00:00 0                          [stack:20890]
7f376b419000-7f376b41c000 ---p 00000000 00:00 0 
7f376b41c000-7f376b51a000 rw-p 00000000 00:00 0                          [stack:20889]
7f376b51a000-7f376b51d000 ---p 00000000 00:00 0 
7f376b51d000-7f376b61b000 rw-p 00000000 00:00 0                          [stack:20888]
7f376b61b000-7f376b61e000 ---p 00000000 00:00 0 
7f376b61e000-7f376b71c000 rw-p 00000000 00:00 0                          [stack:20887]
7f376b71c000-7f376b71f000 ---p 00000000 00:00 0 
7f376b71f000-7f376b81d000 rw-p 00000000 00:00 0                          [stack:20886]
7f376b81d000-7f376beff000 r--p 00000000 08:02 22157871                   /usr/lib/locale/locale-archive
7f376beff000-7f376bf02000 ---p 00000000 00:00 0 
7f376bf02000-7f376c000000 rw-p 00000000 00:00 0                          [stack:20885]
7f376c000000-7f376c021000 rw-p 00000000 00:00 0 
7f376c021000-7f3770000000 ---p 00000000 00:00 0 
7f3770000000-7f3770001000 rw-p 00000000 00:00 0 
7f3770001000-7f3770002000 r--s 00000000 08:02 17432672                   /var/cache/fontconfig/c05880de57d1f5e948fdfacc138775d9-le64.cache-4
7f3770002000-7f3770003000 r--s 00000000 08:02 17432682                   /var/cache/fontconfig/e7071f4a29fa870f4323321c154eba04-le64.cache-4
7f3770003000-7f3770015000 r--s 00000000 08:02 23201767                   /usr/share/fonts/type1/gsfonts/n019004l.pfb
7f3770015000-7f377002b000 r--s 00000000 08:02 23201806                   /usr/share/fonts/type1/gsfonts/n022023l.pfb
7f377002b000-7f377003f000 r--s 00000000 08:02 23201764                   /usr/share/fonts/type1/gsfonts/n019003l.pfb
7f377003f000-7f3770058000 r--s 00000000 08:02 23201791                   /usr/share/fonts/type1/gsfonts/n021004l.pfb
7f3770058000-7f3770070000 r--s 00000000 08:02 23201800                   /usr/share/fonts/type1/gsfonts/n022003l.pfb
7f3770070000-7f3770089000 r--s 00000000 08:02 23201788                   /usr/share/fonts/type1/gsfonts/n021003l.pfb
7f3770089000-7f3770093000 r--s 00000000 08:02 23201830                   /usr/share/fonts/type1/mathml/Symbol.pfb
7f3770093000-7f37700aa000 r--s 00000000 08:02 23201794                   /usr/share/fonts/type1/gsfonts/n021023l.pfb
7f37700aa000-7f37700c0000 r--s 00000000 08:02 23201797                   /usr/share/fonts/type1/gsfonts/n021024l.pfb
7f37700c0000-7f37700f1000 rw-p 00000000 00:00 0 
7f37700f1000-7f37700f4000 ---p 00000000 00:00 0 
7f37700f4000-7f37701f2000 rw-p 00000000 00:00 0                          [stack:20884]
7f37701f2000-7f37701f3000 ---p 00000000 00:00 0 
7f37701f3000-7f3771000000 rw-p 00000000 00:00 0                          [stack:20883]
7f3771000000-7f3771270000 rwxp 00000000 00:00 0 
7f3771270000-7f37743ac000 rw-p 00000000 00:00 0 
7f37743ac000-7f3778000000 ---p 00000000 00:00 0 
7f3778000000-7f3778001000 r--s 00000000 08:02 17432648                   /var/cache/fontconfig/0d8c3b2ac0904cb8a57a757ad11a4a08-le64.cache-4
7f3778001000-7f3778002000 r--s 00000000 08:02 17432650                   /var/cache/fontconfig/1ac9eb803944fde146138c791f5cc56a-le64.cache-4
7f3778002000-7f3778003000 r--s 00000000 08:02 17432679                   /var/cache/fontconfig/dc05db6664285cc2f12bf69c139ae4c3-le64.cache-4
7f3778003000-7f3778005000 r--s 00000000 08:02 17432662                   /var/cache/fontconfig/767a8244fc0220cfb567a839d0392e0b-le64.cache-4
7f3778005000-7f377800f000 r--s 00250000 08:02 23205099                   /usr/lib/jvm/java-7-oracle/jre/lib/resources.jar
7f377800f000-7f3778016000 r--s 00000000 08:02 22545731                   /usr/lib/x86_64-linux-gnu/gconv/gconv-modules.cache
7f3778016000-7f3778308000 rw-p 00000000 00:00 0 
7f3778308000-7f37784c4000 r--s 039b2000 08:02 23205090                   /usr/lib/jvm/java-7-oracle/jre/lib/rt.jar
7f37784c4000-7f37789e7000 rw-p 00000000 00:00 0 
7f37789e7000-7f37789e8000 ---p 00000000 00:00 0 
7f37789e8000-7f3778ae8000 rw-p 00000000 00:00 0                          [stack:20881]
7f3778ae8000-7f3778ae9000 ---p 00000000 00:00 0 
7f3778ae9000-7f3778be9000 rw-p 00000000 00:00 0                          [stack:20880]
7f3778be9000-7f3778bea000 ---p 00000000 00:00 0 
7f3778bea000-7f3778cea000 rw-p 00000000 00:00 0                          [stack:20879]
7f3778cea000-7f3778ceb000 ---p 00000000 00:00 0 
7f3778ceb000-7f3778df6000 rw-p 00000000 00:00 0                          [stack:20877]
7f3778df6000-7f3778e14000 rw-p 00000000 00:00 0 
7f3778e14000-7f3778e3d000 rw-p 00000000 00:00 0 
7f3778e3d000-7f37790a4000 rw-p 00000000 00:00 0 
7f37790a4000-7f37790af000 rw-p 00000000 00:00 0 
7f37790af000-7f37790cd000 rw-p 00000000 00:00 0 
7f37790cd000-7f37790f6000 rw-p 00000000 00:00 0 
7f37790f6000-7f377935d000 rw-p 00000000 00:00 0 
7f377935d000-7f3779372000 rw-p 00000000 00:00 0 
7f3779372000-7f37794a5000 rw-p 00000000 00:00 0 
7f37794a5000-7f37794a6000 rw-p 00000000 00:00 0 
7f37794a6000-7f37794c0000 r-xp 00000000 08:02 23731560                   /usr/lib/jvm/java-7-oracle/jre/lib/amd64/libzip.so
7f37794c0000-7f37796c0000 ---p 0001a000 08:02 23731560                   /usr/lib/jvm/java-7-oracle/jre/lib/amd64/libzip.so
7f37796c0000-7f37796c1000 rw-p 0001a000 08:02 23731560                   /usr/lib/jvm/java-7-oracle/jre/lib/amd64/libzip.so
7f37796c1000-7f37796cd000 r-xp 00000000 08:02 6295399                    /lib/x86_64-linux-gnu/libnss_files-2.17.so
7f37796cd000-7f37798cc000 ---p 0000c000 08:02 6295399                    /lib/x86_64-linux-gnu/libnss_files-2.17.so
7f37798cc000-7f37798cd000 r--p 0000b000 08:02 6295399                    /lib/x86_64-linux-gnu/libnss_files-2.17.so
7f37798cd000-7f37798ce000 rw-p 0000c000 08:02 6295399                    /lib/x86_64-linux-gnu/libnss_files-2.17.so
7f37798ce000-7f37798d9000 r-xp 00000000 08:02 6295403                    /lib/x86_64-linux-gnu/libnss_nis-2.17.so
7f37798d9000-7f3779ad8000 ---p 0000b000 08:02 6295403                    /lib/x86_64-linux-gnu/libnss_nis-2.17.so
7f3779ad8000-7f3779ad9000 r--p 0000a000 08:02 6295403                    /lib/x86_64-linux-gnu/libnss_nis-2.17.so
7f3779ad9000-7f3779ada000 rw-p 0000b000 08:02 6295403                    /lib/x86_64-linux-gnu/libnss_nis-2.17.so
7f3779ada000-7f3779af1000 r-xp 00000000 08:02 6295393                    /lib/x86_64-linux-gnu/libnsl-2.17.so
7f3779af1000-7f3779cf0000 ---p 00017000 08:02 6295393                    /lib/x86_64-linux-gnu/libnsl-2.17.so
7f3779cf0000-7f3779cf1000 r--p 00016000 08:02 6295393                    /lib/x86_64-linux-gnu/libnsl-2.17.so
7f3779cf1000-7f3779cf2000 rw-p 00017000 08:02 6295393                    /lib/x86_64-linux-gnu/libnsl-2.17.so
7f3779cf2000-7f3779cf4000 rw-p 00000000 00:00 0 
7f3779cf4000-7f3779cfc000 r-xp 00000000 08:02 6295395                    /lib/x86_64-linux-gnu/libnss_compat-2.17.so
7f3779cfc000-7f3779efb000 ---p 00008000 08:02 6295395                    /lib/x86_64-linux-gnu/libnss_compat-2.17.so
7f3779efb000-7f3779efc000 r--p 00007000 08:02 6295395                    /lib/x86_64-linux-gnu/libnss_compat-2.17.so
7f3779efc000-7f3779efd000 rw-p 00008000 08:02 6295395                    /lib/x86_64-linux-gnu/libnss_compat-2.17.so
7f3779efd000-7f3779f26000 r-xp 00000000 08:02 23730308                   /usr/lib/jvm/java-7-oracle/jre/lib/amd64/libjava.so
7f3779f26000-7f377a126000 ---p 00029000 08:02 23730308                   /usr/lib/jvm/java-7-oracle/jre/lib/amd64/libjava.so
7f377a126000-7f377a128000 rw-p 00029000 08:02 23730308                   /usr/lib/jvm/java-7-oracle/jre/lib/amd64/libjava.so
7f377a128000-7f377a135000 r-xp 00000000 08:02 23731573                   /usr/lib/jvm/java-7-oracle/jre/lib/amd64/libverify.so
7f377a135000-7f377a334000 ---p 0000d000 08:02 23731573                   /usr/lib/jvm/java-7-oracle/jre/lib/amd64/libverify.so
7f377a334000-7f377a336000 rw-p 0000c000 08:02 23731573                   /usr/lib/jvm/java-7-oracle/jre/lib/amd64/libverify.so
7f377a336000-7f377a33d000 r-xp 00000000 08:02 6295446                    /lib/x86_64-linux-gnu/librt-2.17.so
7f377a33d000-7f377a53c000 ---p 00007000 08:02 6295446                    /lib/x86_64-linux-gnu/librt-2.17.so
7f377a53c000-7f377a53d000 r--p 00006000 08:02 6295446                    /lib/x86_64-linux-gnu/librt-2.17.so
7f377a53d000-7f377a53e000 rw-p 00007000 08:02 6295446                    /lib/x86_64-linux-gnu/librt-2.17.so
7f377a53e000-7f377a641000 r-xp 00000000 08:02 6295374                    /lib/x86_64-linux-gnu/libm-2.17.so
7f377a641000-7f377a840000 ---p 00103000 08:02 6295374                    /lib/x86_64-linux-gnu/libm-2.17.so
7f377a840000-7f377a841000 r--p 00102000 08:02 6295374                    /lib/x86_64-linux-gnu/libm-2.17.so
7f377a841000-7f377a842000 rw-p 00103000 08:02 6295374                    /lib/x86_64-linux-gnu/libm-2.17.so
7f377a842000-7f377b3a4000 r-xp 00000000 08:02 23730284                   /usr/lib/jvm/java-7-oracle/jre/lib/amd64/server/libjvm.so
7f377b3a4000-7f377b5a4000 ---p 00b62000 08:02 23730284                   /usr/lib/jvm/java-7-oracle/jre/lib/amd64/server/libjvm.so
7f377b5a4000-7f377b667000 rw-p 00b62000 08:02 23730284                   /usr/lib/jvm/java-7-oracle/jre/lib/amd64/server/libjvm.so
7f377b667000-7f377b6a8000 rw-p 00000000 00:00 0 
7f377b6a8000-7f377b865000 r-xp 00000000 08:02 6295323                    /lib/x86_64-linux-gnu/libc-2.17.so
7f377b865000-7f377ba65000 ---p 001bd000 08:02 6295323                    /lib/x86_64-linux-gnu/libc-2.17.so
7f377ba65000-7f377ba69000 r--p 001bd000 08:02 6295323                    /lib/x86_64-linux-gnu/libc-2.17.so
7f377ba69000-7f377ba6b000 rw-p 001c1000 08:02 6295323                    /lib/x86_64-linux-gnu/libc-2.17.so
7f377ba6b000-7f377ba70000 rw-p 00000000 00:00 0 
7f377ba70000-7f377ba73000 r-xp 00000000 08:02 6295338                    /lib/x86_64-linux-gnu/libdl-2.17.so
7f377ba73000-7f377bc72000 ---p 00003000 08:02 6295338                    /lib/x86_64-linux-gnu/libdl-2.17.so
7f377bc72000-7f377bc73000 r--p 00002000 08:02 6295338                    /lib/x86_64-linux-gnu/libdl-2.17.so
7f377bc73000-7f377bc74000 rw-p 00003000 08:02 6295338                    /lib/x86_64-linux-gnu/libdl-2.17.so
7f377bc74000-7f377bc8a000 r-xp 00000000 08:02 23868441                   /usr/lib/jvm/java-7-oracle/lib/amd64/jli/libjli.so
7f377bc8a000-7f377be8a000 ---p 00016000 08:02 23868441                   /usr/lib/jvm/java-7-oracle/lib/amd64/jli/libjli.so
7f377be8a000-7f377be8b000 rw-p 00016000 08:02 23868441                   /usr/lib/jvm/java-7-oracle/lib/amd64/jli/libjli.so
7f377be8b000-7f377bea2000 r-xp 00000000 08:02 6295438                    /lib/x86_64-linux-gnu/libpthread-2.17.so
7f377bea2000-7f377c0a2000 ---p 00017000 08:02 6295438                    /lib/x86_64-linux-gnu/libpthread-2.17.so
7f377c0a2000-7f377c0a3000 r--p 00017000 08:02 6295438                    /lib/x86_64-linux-gnu/libpthread-2.17.so
7f377c0a3000-7f377c0a4000 rw-p 00018000 08:02 6295438                    /lib/x86_64-linux-gnu/libpthread-2.17.so
7f377c0a4000-7f377c0a8000 rw-p 00000000 00:00 0 
7f377c0a8000-7f377c0cb000 r-xp 00000000 08:02 6295299                    /lib/x86_64-linux-gnu/ld-2.17.so
7f377c0cb000-7f377c0cc000 r--s 00000000 08:02 17440157                   /var/cache/fontconfig/4794a0821666d79190d59a36cb4f44b5-le64.cache-4
7f377c0cc000-7f377c0cf000 r--s 00000000 08:02 17432664                   /var/cache/fontconfig/8801497958630a81b71ace7c5f9b32a8-le64.cache-4
7f377c0cf000-7f377c0d0000 r--s 00000000 08:02 17432657                   /var/cache/fontconfig/56cf4f4769d0f4abc89a4895d7bd3ae1-le64.cache-4
7f377c0d0000-7f377c0e5000 r--p 00000000 08:02 22550278                   /usr/share/locale-langpack/zh_CN/LC_MESSAGES/libc.mo
7f377c0e5000-7f377c0ef000 rw-p 00000000 00:00 0 
7f377c0ef000-7f377c1a5000 rw-p 00000000 00:00 0 
7f377c1a5000-7f377c1a8000 ---p 00000000 00:00 0 
7f377c1a8000-7f377c2aa000 rw-p 00000000 00:00 0                          [stack:20874]
7f377c2aa000-7f377c2ab000 r--s 00000000 08:02 17432671                   /var/cache/fontconfig/b9d506c9ac06c20b433354fa67a72993-le64.cache-4
7f377c2ab000-7f377c2ac000 r--s 00000000 08:02 17432647                   /var/cache/fontconfig/0c9eb80ebd1c36541ebe2852d3bb0c49-le64.cache-4
7f377c2ac000-7f377c2b0000 r--s 00000000 08:02 17445577                   /var/cache/fontconfig/7ef2298fde41cc6eeb7af42e48b7d293-le64.cache-4
7f377c2b0000-7f377c2b3000 r--s 0005e000 08:02 20062051                   /home/mtcle/javawork/mysqldriver.jar
7f377c2b3000-7f377c2be000 r--s 0037c000 08:02 23205070                   /usr/lib/jvm/java-7-oracle/jre/lib/charsets.jar
7f377c2be000-7f377c2c6000 rw-s 00000000 08:02 25036932                   /tmp/hsperfdata_mtcle/20871
7f377c2c6000-7f377c2c7000 rw-p 00000000 00:00 0 
7f377c2c7000-7f377c2c8000 r--p 00000000 00:00 0 
7f377c2c8000-7f377c2ca000 rw-p 00000000 00:00 0 
7f377c2ca000-7f377c2cb000 r--p 00022000 08:02 6295299                    /lib/x86_64-linux-gnu/ld-2.17.so
7f377c2cb000-7f377c2cd000 rw-p 00023000 08:02 6295299                    /lib/x86_64-linux-gnu/ld-2.17.so
7fff88861000-7fff88882000 rw-p 00000000 00:00 0                          [stack]
7fff88932000-7fff88934000 r-xp 00000000 00:00 0                          [vdso]
ffffffffff600000-ffffffffff601000 r-xp 00000000 00:00 0                  [vsyscall]

VM Arguments:
jvm_args: -Dfile.encoding=UTF-8 
java_command: Gui.Main
Launcher Type: SUN_STANDARD

Environment Variables:
PATH=/usr/lib/lightdm/lightdm:/usr/local/sbin:/usr/local/bin:/usr/sbin:/usr/bin:/sbin:/bin:/usr/games:/usr/local/games
SHELL=/bin/bash
DISPLAY=:0

Signal Handlers:
SIGSEGV: [libjvm.so+0x9935b0], sa_mask[0]=0x7ffbfeff, sa_flags=0x10000004
SIGBUS: [libjvm.so+0x9935b0], sa_mask[0]=0x7ffbfeff, sa_flags=0x10000004
SIGFPE: [libjvm.so+0x810330], sa_mask[0]=0x7ffbfeff, sa_flags=0x10000004
SIGPIPE: [libjvm.so+0x810330], sa_mask[0]=0x7ffbfeff, sa_flags=0x10000004
SIGXFSZ: [libjvm.so+0x810330], sa_mask[0]=0x7ffbfeff, sa_flags=0x10000004
SIGILL: [libjvm.so+0x810330], sa_mask[0]=0x7ffbfeff, sa_flags=0x10000004
SIGUSR1: SIG_DFL, sa_mask[0]=0x00000000, sa_flags=0x00000000
SIGUSR2: [libjvm.so+0x811820], sa_mask[0]=0x00000004, sa_flags=0x10000004
SIGHUP: [libjvm.so+0x812790], sa_mask[0]=0x7ffbfeff, sa_flags=0x10000004
SIGINT: [libjvm.so+0x812790], sa_mask[0]=0x7ffbfeff, sa_flags=0x10000004
SIGTERM: [libjvm.so+0x812790], sa_mask[0]=0x7ffbfeff, sa_flags=0x10000004
SIGQUIT: [libjvm.so+0x812790], sa_mask[0]=0x7ffbfeff, sa_flags=0x10000004


---------------  S Y S T E M  ---------------

OS:wheezy/sid

uname:Linux 3.11.0-15-generic #23-Ubuntu SMP Mon Dec 9 18:17:04 UTC 2013 x86_64
libc:glibc 2.17 NPTL 2.17 
rlimit: STACK 8192k, CORE 0k, NPROC 61233, NOFILE 4096, AS infinity
load average:1.13 1.01 0.97

/proc/meminfo:
MemTotal:        8060072 kB
MemFree:         1033712 kB
Buffers:          152548 kB
Cached:          3022948 kB
SwapCached:            0 kB
Active:          2399472 kB
Inactive:        2048752 kB
Active(anon):    1220608 kB
Inactive(anon):   872988 kB
Active(file):    1178864 kB
Inactive(file):  1175764 kB
Unevictable:          32 kB
Mlocked:              32 kB
SwapTotal:       8270844 kB
SwapFree:        8270692 kB
Dirty:              1596 kB
Writeback:             0 kB
AnonPages:       1272832 kB
Mapped:          2678348 kB
Shmem:            820868 kB
Slab:             196728 kB
SReclaimable:     136372 kB
SUnreclaim:        60356 kB
KernelStack:        5296 kB
PageTables:        42420 kB
NFS_Unstable:          0 kB
Bounce:                0 kB
WritebackTmp:          0 kB
CommitLimit:    12300880 kB
Committed_AS:    8313848 kB
VmallocTotal:   34359738367 kB
VmallocUsed:      441964 kB
VmallocChunk:   34359292148 kB
HardwareCorrupted:     0 kB
AnonHugePages:         0 kB
HugePages_Total:       0
HugePages_Free:        0
HugePages_Rsvd:        0
HugePages_Surp:        0
Hugepagesize:       2048 kB
DirectMap4k:       66556 kB
DirectMap2M:     8212480 kB


CPU:total 4 (4 cores per cpu, 1 threads per core) family 6 model 58 stepping 9, cmov, cx8, fxsr, mmx, sse, sse2, sse3, ssse3, sse4.1, sse4.2, popcnt, avx, aes, erms, tsc, tscinvbit, tscinv

/proc/cpuinfo:
processor	: 0
vendor_id	: GenuineIntel
cpu family	: 6
model		: 58
model name	: Intel(R) Core(TM) i5-3470 CPU @ 3.20GHz
stepping	: 9
microcode	: 0x19
cpu MHz		: 3201.000
cache size	: 6144 KB
physical id	: 0
siblings	: 4
core id		: 0
cpu cores	: 4
apicid		: 0
initial apicid	: 0
fpu		: yes
fpu_exception	: yes
cpuid level	: 13
wp		: yes
flags		: fpu vme de pse tsc msr pae mce cx8 apic sep mtrr pge mca cmov pat pse36 clflush dts acpi mmx fxsr sse sse2 ss ht tm pbe syscall nx rdtscp lm constant_tsc arch_perfmon pebs bts rep_good nopl xtopology nonstop_tsc aperfmperf eagerfpu pni pclmulqdq dtes64 monitor ds_cpl vmx smx est tm2 ssse3 cx16 xtpr pdcm pcid sse4_1 sse4_2 x2apic popcnt tsc_deadline_timer aes xsave avx f16c rdrand lahf_lm ida arat epb xsaveopt pln pts dtherm tpr_shadow vnmi flexpriority ept vpid fsgsbase smep erms
bogomips	: 6385.37
clflush size	: 64
cache_alignment	: 64
address sizes	: 36 bits physical, 48 bits virtual
power management:

processor	: 1
vendor_id	: GenuineIntel
cpu family	: 6
model		: 58
model name	: Intel(R) Core(TM) i5-3470 CPU @ 3.20GHz
stepping	: 9
microcode	: 0x19
cpu MHz		: 3201.000
cache size	: 6144 KB
physical id	: 0
siblings	: 4
core id		: 1
cpu cores	: 4
apicid		: 2
initial apicid	: 2
fpu		: yes
fpu_exception	: yes
cpuid level	: 13
wp		: yes
flags		: fpu vme de pse tsc msr pae mce cx8 apic sep mtrr pge mca cmov pat pse36 clflush dts acpi mmx fxsr sse sse2 ss ht tm pbe syscall nx rdtscp lm constant_tsc arch_perfmon pebs bts rep_good nopl xtopology nonstop_tsc aperfmperf eagerfpu pni pclmulqdq dtes64 monitor ds_cpl vmx smx est tm2 ssse3 cx16 xtpr pdcm pcid sse4_1 sse4_2 x2apic popcnt tsc_deadline_timer aes xsave avx f16c rdrand lahf_lm ida arat epb xsaveopt pln pts dtherm tpr_shadow vnmi flexpriority ept vpid fsgsbase smep erms
bogomips	: 6385.37
clflush size	: 64
cache_alignment	: 64
address sizes	: 36 bits physical, 48 bits virtual
power management:

processor	: 2
vendor_id	: GenuineIntel
cpu family	: 6
model		: 58
model name	: Intel(R) Core(TM) i5-3470 CPU @ 3.20GHz
stepping	: 9
microcode	: 0x19
cpu MHz		: 3201.000
cache size	: 6144 KB
physical id	: 0
siblings	: 4
core id		: 2
cpu cores	: 4
apicid		: 4
initial apicid	: 4
fpu		: yes
fpu_exception	: yes
cpuid level	: 13
wp		: yes
flags		: fpu vme de pse tsc msr pae mce cx8 apic sep mtrr pge mca cmov pat pse36 clflush dts acpi mmx fxsr sse sse2 ss ht tm pbe syscall nx rdtscp lm constant_tsc arch_perfmon pebs bts rep_good nopl xtopology nonstop_tsc aperfmperf eagerfpu pni pclmulqdq dtes64 monitor ds_cpl vmx smx est tm2 ssse3 cx16 xtpr pdcm pcid sse4_1 sse4_2 x2apic popcnt tsc_deadline_timer aes xsave avx f16c rdrand lahf_lm ida arat epb xsaveopt pln pts dtherm tpr_shadow vnmi flexpriority ept vpid fsgsbase smep erms
bogomips	: 6385.37
clflush size	: 64
cache_alignment	: 64
address sizes	: 36 bits physical, 48 bits virtual
power management:

processor	: 3
vendor_id	: GenuineIntel
cpu family	: 6
model		: 58
model name	: Intel(R) Core(TM) i5-3470 CPU @ 3.20GHz
stepping	: 9
microcode	: 0x19
cpu MHz		: 2600.000
cache size	: 6144 KB
physical id	: 0
siblings	: 4
core id		: 3
cpu cores	: 4
apicid		: 6
initial apicid	: 6
fpu		: yes
fpu_exception	: yes
cpuid level	: 13
wp		: yes
flags		: fpu vme de pse tsc msr pae mce cx8 apic sep mtrr pge mca cmov pat pse36 clflush dts acpi mmx fxsr sse sse2 ss ht tm pbe syscall nx rdtscp lm constant_tsc arch_perfmon pebs bts rep_good nopl xtopology nonstop_tsc aperfmperf eagerfpu pni pclmulqdq dtes64 monitor ds_cpl vmx smx est tm2 ssse3 cx16 xtpr pdcm pcid sse4_1 sse4_2 x2apic popcnt tsc_deadline_timer aes xsave avx f16c rdrand lahf_lm ida arat epb xsaveopt pln pts dtherm tpr_shadow vnmi flexpriority ept vpid fsgsbase smep erms
bogomips	: 6385.37
clflush size	: 64
cache_alignment	: 64
address sizes	: 36 bits physical, 48 bits virtual
power management:



Memory: 4k page, physical 8060072k(1033712k free), swap 8270844k(8270692k free)

vm_info: Java HotSpot(TM) 64-Bit Server VM (24.45-b08) for linux-amd64 JRE (1.7.0_45-b18), built on Oct  8 2013 05:44:25 by "java_re" with gcc 4.3.0 20080428 (Red Hat 4.3.0-8)

time: Mon Jan  6 20:48:01 2014
elapsed time: 1438 seconds

