#
# A fatal error has been detected by the Java Runtime Environment:
#
#  SIGSEGV (0xb) at pc=0x00007ffafc5f2793, pid=21373, tid=140715861108480
#
# JRE version: Java(TM) SE Runtime Environment (7.0_45-b18) (build 1.7.0_45-b18)
# Java VM: Java HotSpot(TM) 64-Bit Server VM (24.45-b08 mixed mode linux-amd64 compressed oops)
# Problematic frame:
# C  [libmawt.so+0x1e793]  getX11InputMethodData+0x43
#
# Failed to write core dump. Core dumps have been disabled. To enable core dumping, try "ulimit -c unlimited" before starting Java again
#
# If you would like to submit a bug report, please visit:
#   http://bugreport.sun.com/bugreport/crash.jsp
# The crash happened outside the Java Virtual Machine in native code.
# See problematic frame for where to report the bug.
#

---------------  T H R E A D  ---------------

Current thread (0x00007ffb00177800):  JavaThread "AWT-XAWT" daemon [_thread_in_native, id=21395, stack(0x00007ffaf6da6000,0x00007ffaf6ea7000)]

siginfo:si_signo=SIGSEGV: si_errno=0, si_code=1 (SEGV_MAPERR), si_addr=0x0000000000000021

Registers:
RAX=0x0000000000000001, RBX=0x0000000000000001, RCX=0x00007ffb098342e0, RDX=0x0000000000000042
RSP=0x00007ffaf6ea57d0, RBP=0x00007ffaf6ea57f0, RSI=0x00007ffb0007ac00, RDI=0x00007ffb001779e8
R8 =0x0000000000000003, R9 =0x000000077fea27d0, R10=0x0000000000000012, R11=0x00007ffb08e0f008
R12=0x00007ffb001779e8, R13=0x00007ffb0007ac00, R14=0x00007ffafc827fc0, R15=0x00007ffb00177800
RIP=0x00007ffafc5f2793, EFLAGS=0x0000000000010202, CSGSFS=0x0000000000000033, ERR=0x0000000000000004
  TRAPNO=0x000000000000000e

Top of Stack: (sp=0x00007ffaf6ea57d0)
0x00007ffaf6ea57d0:   00000007802e64f0 00007ffab4006af0
0x00007ffaf6ea57e0:   00000007802e64f0 00007ffaf6ea58d8
0x00007ffaf6ea57f0:   0000000000000000 00007ffafc0eecc8
0x00007ffaf6ea5800:   00000007802e64f0 00007ffaf6ea5830
0x00007ffaf6ea5810:   0000000000000000 00007ffafc0e6ba3
0x00007ffaf6ea5820:   00000007802e64f0 00007ffafc5e861f
0x00007ffaf6ea5830:   00007ffaf6ea58a0 00007ffafd012cd8
0x00007ffaf6ea5840:   00007ffafd006233 0000000000000000
0x00007ffaf6ea5850:   00000007d70c0cb8 0000000000000000
0x00007ffaf6ea5860:   00007ffaf6ea5860 0000000000000000
0x00007ffaf6ea5870:   00007ffaf6ea58d8 00000007802ec5b8
0x00007ffaf6ea5880:   0000000000000000 00000007802e64f0
0x00007ffaf6ea5890:   0000000000000000 00007ffaf6ea58c0
0x00007ffaf6ea58a0:   00007ffaf6ea5920 00007ffafd006350
0x00007ffaf6ea58b0:   00000007d70c0e18 00007ffafd00ecc0
0x00007ffaf6ea58c0:   0000000000000000 00007ffaf6ea5920
0x00007ffaf6ea58d0:   00007ffab4000e30 00000007d713d8d8
0x00007ffaf6ea58e0:   00007ffaf6ea58e0 00000007802ca4ec
0x00007ffaf6ea58f0:   00007ffaf6ea5968 00000007802d5f90
0x00007ffaf6ea5900:   0000000780b95ea8 00000007802ca620
0x00007ffaf6ea5910:   00007ffaf6ea58c0 00007ffaf6ea5960
0x00007ffaf6ea5920:   00007ffaf6ea59b0 00007ffafd006058
0x00007ffaf6ea5930:   0000000000000000 00000007d807ae08
0x00007ffaf6ea5940:   0000000000000000 0000000000000000
0x00007ffaf6ea5950:   0000000000000000 00000007d713d8d8
0x00007ffaf6ea5960:   0000000000000000 00000007d70c22f0
0x00007ffaf6ea5970:   00007ffaf6ea5970 00000007802ca2f5
0x00007ffaf6ea5980:   00007ffaf6ea59c0 00000007802d5f90
0x00007ffaf6ea5990:   0000000000000000 00000007802ca300
0x00007ffaf6ea59a0:   00007ffaf6ea5960 00007ffaf6ea59c0
0x00007ffaf6ea59b0:   00007ffaf6ea5a08 00007ffafd006706
0x00007ffaf6ea59c0:   00000007d70c22f0 00007ffaf6ea59c8 

Instructions: (pc=0x00007ffafc5f2793)
0x00007ffafc5f2773:   8b 07 49 89 f5 49 8b 16 ff 90 28 03 00 00 48 83
0x00007ffafc5f2783:   3d 1f 4b 23 00 00 48 89 c3 75 4a 48 85 c0 74 45
0x00007ffafc5f2793:   48 8b 50 20 4c 8d 05 b2 3b 02 00 48 8d 0d d9 3f
0x00007ffafc5f27a3:   02 00 31 f6 4c 89 e7 31 c0 e8 87 35 ff ff 49 8b 

Register to memory mapping:

RAX=0x0000000000000001 is an unknown value
RBX=0x0000000000000001 is an unknown value
RCX=0x00007ffb098342e0: <offset 0x2182e0> in /lib/x86_64-linux-gnu/libpthread.so.0 at 0x00007ffb0961c000
RDX=0x0000000000000042 is an unknown value
RSP=0x00007ffaf6ea57d0 is pointing into the stack for thread: 0x00007ffb00177800
RBP=0x00007ffaf6ea57f0 is pointing into the stack for thread: 0x00007ffb00177800
RSI=0x00007ffb0007ac00 is a global jni handle
RDI=0x00007ffb001779e8 is an unknown value
R8 =0x0000000000000003 is an unknown value
R9 =0x000000077fea27d0 is an oop
java.lang.Object 
 - klass: 'java/lang/Object'
R10=0x0000000000000012 is an unknown value
R11=0x00007ffb08e0f008: <offset 0xe3c008> in /usr/lib/jvm/java-7-oracle/jre/lib/amd64/server/libjvm.so at 0x00007ffb07fd3000
R12=0x00007ffb001779e8 is an unknown value
R13=0x00007ffb0007ac00 is a global jni handle
R14=0x00007ffafc827fc0: <offset 0x253fc0> in /usr/lib/jvm/java-7-oracle/jre/lib/amd64/xawt/libmawt.so at 0x00007ffafc5d4000
R15=0x00007ffb00177800 is a thread


Stack: [0x00007ffaf6da6000,0x00007ffaf6ea7000],  sp=0x00007ffaf6ea57d0,  free space=1021k
Native frames: (J=compiled Java code, j=interpreted, Vv=VM code, C=native code)
C  [libmawt.so+0x1e793]  getX11InputMethodData+0x43

Java frames: (J=compiled Java code, j=interpreted, Vv=VM code)
j  sun.awt.X11.XlibWrapper.XFilterEvent(JJ)Z+0
j  sun.awt.X11.XToolkit.run(Z)V+300
j  sun.awt.X11.XToolkit.run()V+5
j  java.lang.Thread.run()V+11
v  ~StubRoutines::call_stub

---------------  P R O C E S S  ---------------

Java Threads: ( => current thread )
  0x00007ffaac00c000 JavaThread "TimerQueue" daemon [_thread_blocked, id=21398, stack(0x00007ffaf5be2000,0x00007ffaf5ce3000)]
  0x00007ffb00009800 JavaThread "DestroyJavaVM" [_thread_blocked, id=21380, stack(0x00007ffb09936000,0x00007ffb09a37000)]
  0x00007ffb00362000 JavaThread "AWT-EventQueue-0" [_thread_blocked, id=21397, stack(0x00007ffaf5d08000,0x00007ffaf5e09000)]
  0x00007ffb001f5800 JavaThread "AWT-Shutdown" [_thread_blocked, id=21396, stack(0x00007ffaf6ca5000,0x00007ffaf6da6000)]
=>0x00007ffb00177800 JavaThread "AWT-XAWT" daemon [_thread_in_native, id=21395, stack(0x00007ffaf6da6000,0x00007ffaf6ea7000)]
  0x00007ffb00156000 JavaThread "Java2D Disposer" daemon [_thread_blocked, id=21394, stack(0x00007ffaf72b7000,0x00007ffaf73b8000)]
  0x00007ffb00097000 JavaThread "Service Thread" daemon [_thread_blocked, id=21392, stack(0x00007ffafcbfc000,0x00007ffafccfd000)]
  0x00007ffb00094800 JavaThread "C2 CompilerThread1" daemon [_thread_blocked, id=21391, stack(0x00007ffafccfd000,0x00007ffafcdfe000)]
  0x00007ffb00091800 JavaThread "C2 CompilerThread0" daemon [_thread_blocked, id=21390, stack(0x00007ffafcdfe000,0x00007ffafceff000)]
  0x00007ffb00087800 JavaThread "Signal Dispatcher" daemon [_thread_blocked, id=21389, stack(0x00007ffafceff000,0x00007ffafd000000)]
  0x00007ffb0006f800 JavaThread "Finalizer" daemon [_thread_blocked, id=21388, stack(0x00007ffb04797000,0x00007ffb04898000)]
  0x00007ffb0006b800 JavaThread "Reference Handler" daemon [_thread_blocked, id=21387, stack(0x00007ffb04898000,0x00007ffb04999000)]

Other Threads:
  0x00007ffb00069800 VMThread [stack: 0x00007ffb04999000,0x00007ffb04a9a000] [id=21386]
  0x00007ffb000a1800 WatcherThread [stack: 0x00007ffafcafb000,0x00007ffafcbfc000] [id=21393]

VM state:not at safepoint (normal execution)

VM Mutex/Monitor currently owned by a thread: None

Heap
 PSYoungGen      total 36864K, used 19410K [0x00000007d7000000, 0x00000007d9900000, 0x0000000800000000)
  eden space 31744K, 61% used [0x00000007d7000000,0x00000007d82f4bc0,0x00000007d8f00000)
  from space 5120K, 0% used [0x00000007d9400000,0x00000007d9400000,0x00000007d9900000)
  to   space 5120K, 0% used [0x00000007d8f00000,0x00000007d8f00000,0x00000007d9400000)
 ParOldGen       total 83968K, used 0K [0x0000000785000000, 0x000000078a200000, 0x00000007d7000000)
  object space 83968K, 0% used [0x0000000785000000,0x0000000785000000,0x000000078a200000)
 PSPermGen       total 21504K, used 13934K [0x000000077fe00000, 0x0000000781300000, 0x0000000785000000)
  object space 21504K, 64% used [0x000000077fe00000,0x0000000780b9ba88,0x0000000781300000)

Card table byte_map: [0x00007ffb06835000,0x00007ffb06c37000] byte_map_base: 0x00007ffb02c36000

Polling page: 0x00007ffb09a58000

Code Cache  [0x00007ffafd000000, 0x00007ffafd270000, 0x00007ffb00000000)
 total_blobs=639 nmethods=139 adapters=453 free_code_cache=48348Kb largest_free_block=49483456

Compilation events (10 events):
Event: 17.446 Thread 0x00007ffb00094800  135             javax.swing.JComponent::contains (27 bytes)
Event: 17.447 Thread 0x00007ffb00094800 nmethod 135 0x00007ffafd0c4850 code [0x00007ffafd0c4980, 0x00007ffafd0c4a18]
Event: 18.829 Thread 0x00007ffb00091800  136             java.awt.Rectangle::<init> (26 bytes)
Event: 18.829 Thread 0x00007ffb00094800  137             java.awt.geom.Rectangle2D::<init> (5 bytes)
Event: 18.829 Thread 0x00007ffb00094800 nmethod 137 0x00007ffafd0cbb50 code [0x00007ffafd0cbc80, 0x00007ffafd0cbcd8]
Event: 18.829 Thread 0x00007ffb00094800  138             java.awt.geom.RectangularShape::<init> (5 bytes)
Event: 18.829 Thread 0x00007ffb00091800 nmethod 136 0x00007ffafd0cb8d0 code [0x00007ffafd0cba00, 0x00007ffafd0cba78]
Event: 18.830 Thread 0x00007ffb00094800 nmethod 138 0x00007ffafd0cef50 code [0x00007ffafd0cf080, 0x00007ffafd0cf0d8]
Event: 24.950 Thread 0x00007ffb00091800  140             sun.awt.AWTAccessor::getComponentAccessor (19 bytes)
Event: 24.951 Thread 0x00007ffb00091800 nmethod 140 0x00007ffafd0c5ed0 code [0x00007ffafd0c6000, 0x00007ffafd0c6078]

GC Heap History (0 events):
No events

Deoptimization events (10 events):
Event: 0.189 Thread 0x00007ffb00009800 Uncommon trap: reason=class_check action=maybe_recompile pc=0x00007ffafd08283c method=java.util.Properties$LineReader.readLine()I @ 62
Event: 0.303 Thread 0x00007ffb00009800 Uncommon trap: reason=class_check action=maybe_recompile pc=0x00007ffafd091010 method=java.lang.Character.toLowerCase(I)I @ 5
Event: 0.303 Thread 0x00007ffb00009800 Uncommon trap: reason=class_check action=maybe_recompile pc=0x00007ffafd087fb8 method=java.lang.Character.toLowerCase(I)I @ 5
Event: 0.303 Thread 0x00007ffb00009800 Uncommon trap: reason=class_check action=maybe_recompile pc=0x00007ffafd091010 method=java.lang.Character.toLowerCase(I)I @ 5
Event: 0.303 Thread 0x00007ffb00009800 Uncommon trap: reason=class_check action=maybe_recompile pc=0x00007ffafd087fb8 method=java.lang.Character.toLowerCase(I)I @ 5
Event: 0.305 Thread 0x00007ffb00009800 Uncommon trap: reason=class_check action=maybe_recompile pc=0x00007ffafd091010 method=java.lang.Character.toLowerCase(I)I @ 5
Event: 2.627 Thread 0x00007ffb00362000 Uncommon trap: reason=class_check action=maybe_recompile pc=0x00007ffafd081618 method=java.lang.String.equals(Ljava/lang/Object;)Z @ 8
Event: 2.627 Thread 0x00007ffb00362000 Uncommon trap: reason=class_check action=maybe_recompile pc=0x00007ffafd081618 method=java.lang.String.equals(Ljava/lang/Object;)Z @ 8
Event: 2.627 Thread 0x00007ffb00362000 Uncommon trap: reason=class_check action=maybe_recompile pc=0x00007ffafd081618 method=java.lang.String.equals(Ljava/lang/Object;)Z @ 8
Event: 10.456 Thread 0x00007ffb00362000 Uncommon trap: reason=unreached action=reinterpret pc=0x00007ffafd0b3a58 method=java.lang.Class.getName()Ljava/lang/String; @ 6

Internal exceptions (10 events):
Event: 10.424 Thread 0x00007ffb00362000 Threw 0x00000007d7fec880 at /HUDSON/workspace/7u-2-build-linux-amd64/jdk7u45/229/hotspot/src/share/vm/prims/jvm.cpp:1244
Event: 10.425 Thread 0x00007ffb00362000 Threw 0x00000007d7ff3778 at /HUDSON/workspace/7u-2-build-linux-amd64/jdk7u45/229/hotspot/src/share/vm/prims/jvm.cpp:1244
Event: 10.426 Thread 0x00007ffb00362000 Threw 0x00000007d7ffdef8 at /HUDSON/workspace/7u-2-build-linux-amd64/jdk7u45/229/hotspot/src/share/vm/prims/jvm.cpp:1244
Event: 10.432 Thread 0x00007ffb00362000 Threw 0x00000007d8010c48 at /HUDSON/workspace/7u-2-build-linux-amd64/jdk7u45/229/hotspot/src/share/vm/prims/jvm.cpp:1244
Event: 10.439 Thread 0x00007ffb00362000 Threw 0x00000007d802aff8 at /HUDSON/workspace/7u-2-build-linux-amd64/jdk7u45/229/hotspot/src/share/vm/prims/jvm.cpp:1244
Event: 10.440 Thread 0x00007ffb00362000 Threw 0x00000007d802eb80 at /HUDSON/workspace/7u-2-build-linux-amd64/jdk7u45/229/hotspot/src/share/vm/prims/jvm.cpp:1244
Event: 10.449 Thread 0x00007ffb00362000 Threw 0x00000007d8055428 at /HUDSON/workspace/7u-2-build-linux-amd64/jdk7u45/229/hotspot/src/share/vm/prims/jvm.cpp:1244
Event: 10.456 Thread 0x00007ffb00362000 Implicit null exception at 0x00007ffafd0b3442 to 0x00007ffafd0b3a45
Event: 10.469 Thread 0x00007ffb00362000 Threw 0x00000007d8099318 at /HUDSON/workspace/7u-2-build-linux-amd64/jdk7u45/229/hotspot/src/share/vm/prims/jvm.cpp:1244
Event: 10.505 Thread 0x00007ffb00362000 Threw 0x00000007d80d9038 at /HUDSON/workspace/7u-2-build-linux-amd64/jdk7u45/229/hotspot/src/share/vm/prims/jni.cpp:743

Events (10 events):
Event: 10.479 loading class 0x00007ffac40f38c0
Event: 10.479 loading class 0x00007ffac40f38c0 done
Event: 10.503 Executing VM operation: RevokeBias
Event: 10.503 Executing VM operation: RevokeBias done
Event: 12.392 loading class 0x00007ffad0038b90
Event: 12.392 loading class 0x00007ffad0038b90 done
Event: 69.359 loading class 0x00007ffad0069540
Event: 69.359 loading class 0x00007ffad0069540 done
Event: 69.359 loading class 0x00007ffad0069510
Event: 69.359 loading class 0x00007ffad0069510 done


Dynamic libraries:
00400000-00401000 r-xp 00000000 08:02 23731676                           /usr/lib/jvm/java-7-oracle/bin/java
00600000-00601000 rw-p 00000000 08:02 23731676                           /usr/lib/jvm/java-7-oracle/bin/java
006fa000-0071b000 rw-p 00000000 00:00 0                                  [heap]
77fe00000-781300000 rw-p 00000000 00:00 0 
781300000-785000000 rw-p 00000000 00:00 0 
785000000-78a200000 rw-p 00000000 00:00 0 
78a200000-7d7000000 rw-p 00000000 00:00 0 
7d7000000-7d9900000 rw-p 00000000 00:00 0 
7d9900000-800000000 rw-p 00000000 00:00 0 
7ffaa4000000-7ffaa4021000 rw-p 00000000 00:00 0 
7ffaa4021000-7ffaa8000000 ---p 00000000 00:00 0 
7ffaac000000-7ffaac2e1000 rw-p 00000000 00:00 0 
7ffaac2e1000-7ffab0000000 ---p 00000000 00:00 0 
7ffab0000000-7ffab0021000 rw-p 00000000 00:00 0 
7ffab0021000-7ffab4000000 ---p 00000000 00:00 0 
7ffab4000000-7ffab402d000 rw-p 00000000 00:00 0 
7ffab402d000-7ffab8000000 ---p 00000000 00:00 0 
7ffab8000000-7ffab8021000 rw-p 00000000 00:00 0 
7ffab8021000-7ffabc000000 ---p 00000000 00:00 0 
7ffabc000000-7ffabc021000 rw-p 00000000 00:00 0 
7ffabc021000-7ffac0000000 ---p 00000000 00:00 0 
7ffac0000000-7ffac0021000 rw-p 00000000 00:00 0 
7ffac0021000-7ffac4000000 ---p 00000000 00:00 0 
7ffac4000000-7ffac4695000 rw-p 00000000 00:00 0 
7ffac4695000-7ffac8000000 ---p 00000000 00:00 0 
7ffac8000000-7ffac8021000 rw-p 00000000 00:00 0 
7ffac8021000-7ffacc000000 ---p 00000000 00:00 0 
7ffacc000000-7ffacc021000 rw-p 00000000 00:00 0 
7ffacc021000-7ffad0000000 ---p 00000000 00:00 0 
7ffad0000000-7ffad0564000 rw-p 00000000 00:00 0 
7ffad0564000-7ffad4000000 ---p 00000000 00:00 0 
7ffad4000000-7ffad4021000 rw-p 00000000 00:00 0 
7ffad4021000-7ffad8000000 ---p 00000000 00:00 0 
7ffad8000000-7ffad8021000 rw-p 00000000 00:00 0 
7ffad8021000-7ffadc000000 ---p 00000000 00:00 0 
7ffadc000000-7ffadc021000 rw-p 00000000 00:00 0 
7ffadc021000-7ffae0000000 ---p 00000000 00:00 0 
7ffae3ff0000-7ffae8000000 rw-p 00000000 00:00 0 
7ffae8000000-7ffae8021000 rw-p 00000000 00:00 0 
7ffae8021000-7ffaec000000 ---p 00000000 00:00 0 
7ffaec000000-7ffaec021000 rw-p 00000000 00:00 0 
7ffaec021000-7ffaf0000000 ---p 00000000 00:00 0 
7ffaf0000000-7ffaf0021000 rw-p 00000000 00:00 0 
7ffaf0021000-7ffaf4000000 ---p 00000000 00:00 0 
7ffaf5a36000-7ffaf5a37000 r--s 00000000 08:02 17432672                   /var/cache/fontconfig/c05880de57d1f5e948fdfacc138775d9-le64.cache-4
7ffaf5a37000-7ffaf5a42000 r--s 00000000 08:02 17432665                   /var/cache/fontconfig/945677eb7aeaf62f1d50efc3fb3ec7d8-le64.cache-4
7ffaf5a42000-7ffaf5a47000 r--s 00000000 08:02 17440985                   /var/cache/fontconfig/99e8ed0e538f840c565b6ed5dad60d56-le64.cache-4
7ffaf5a47000-7ffaf5a4f000 r--s 00000000 08:02 17445578                   /var/cache/fontconfig/e25ca923d7a08ab6b0777bd7eb77ea77-le64.cache-4
7ffaf5a4f000-7ffaf5a55000 r--s 00000000 08:02 17432651                   /var/cache/fontconfig/2cd17615ca594fa2959ae173292e504c-le64.cache-4
7ffaf5a55000-7ffaf5a56000 r--s 00000000 08:02 17432682                   /var/cache/fontconfig/e7071f4a29fa870f4323321c154eba04-le64.cache-4
7ffaf5a56000-7ffaf5a5d000 r--s 00000000 08:02 17432669                   /var/cache/fontconfig/a755afe4a08bf5b97852ceb7400b47bc-le64.cache-4
7ffaf5a5d000-7ffaf5a61000 r--s 00000000 08:02 17432660                   /var/cache/fontconfig/6d41288fd70b0be22e8c3a91e032eec0-le64.cache-4
7ffaf5a61000-7ffaf5a75000 r--s 00000000 08:02 17432646                   /var/cache/fontconfig/04aabc0a78ac019cf9454389977116d2-le64.cache-4
7ffaf5a75000-7ffaf5a7c000 r--s 00000000 08:02 17432652                   /var/cache/fontconfig/3047814df9a2f067bd2d96a2b9c36e5a-le64.cache-4
7ffaf5a7c000-7ffaf5a8f000 r--s 00000000 08:02 17432676                   /var/cache/fontconfig/d52a8644073d54c13679302ca1180695-le64.cache-4
7ffaf5a8f000-7ffaf5a9b000 r--s 00000000 08:02 17442162                   /var/cache/fontconfig/d589a48862398ed80a3d6066f4f56f4c-le64.cache-4
7ffaf5ad8000-7ffaf5ad9000 rw-p 00000000 00:00 0 
7ffaf5ad9000-7ffaf5add000 r--s 0008a000 08:02 23205078                   /usr/lib/jvm/java-7-oracle/jre/lib/jsse.jar
7ffaf5add000-7ffaf5ae1000 r--s 000f7000 08:02 23615292                   /usr/lib/jvm/java-7-oracle/jre/lib/ext/localedata.jar
7ffaf5ae1000-7ffaf5ae4000 ---p 00000000 00:00 0 
7ffaf5ae4000-7ffaf5be2000 rw-p 00000000 00:00 0 
7ffaf5be2000-7ffaf5be5000 ---p 00000000 00:00 0 
7ffaf5be5000-7ffaf5ce3000 rw-p 00000000 00:00 0                          [stack:21398]
7ffaf5ce3000-7ffaf5d08000 rw-s 00000000 00:04 22675477                   /SYSV00000000 (deleted)
7ffaf5d08000-7ffaf5d0b000 ---p 00000000 00:00 0 
7ffaf5d0b000-7ffaf5e09000 rw-p 00000000 00:00 0                          [stack:21397]
7ffaf5e09000-7ffaf5e71000 r-xp 00000000 08:02 23730294                   /usr/lib/jvm/java-7-oracle/jre/lib/amd64/libt2k.so
7ffaf5e71000-7ffaf6071000 ---p 00068000 08:02 23730294                   /usr/lib/jvm/java-7-oracle/jre/lib/amd64/libt2k.so
7ffaf6071000-7ffaf6078000 rw-p 00068000 08:02 23730294                   /usr/lib/jvm/java-7-oracle/jre/lib/amd64/libt2k.so
7ffaf6078000-7ffaf6088000 rw-p 00000000 00:00 0 
7ffaf6088000-7ffaf6091000 r--s 00000000 08:02 23201047                   /usr/share/fonts/X11/Type1/c0648bt_.pfb
7ffaf6091000-7ffaf609b000 r--s 00000000 08:02 23201041                   /usr/share/fonts/X11/Type1/c0611bt_.pfb
7ffaf609b000-7ffaf60ac000 r--s 00000000 08:02 23201782                   /usr/share/fonts/type1/gsfonts/n019063l.pfb
7ffaf60ac000-7ffaf60c7000 r--s 00000000 08:02 23201752                   /usr/share/fonts/type1/gsfonts/c059016l.pfb
7ffaf60c7000-7ffaf60d1000 r--s 00000000 08:02 23201039                   /usr/share/fonts/X11/Type1/c0583bt_.pfb
7ffaf60d1000-7ffaf60ea000 r--s 00000000 08:02 23201803                   /usr/share/fonts/type1/gsfonts/n022004l.pfb
7ffaf60ea000-7ffaf6100000 r--s 00000000 08:02 23201809                   /usr/share/fonts/type1/gsfonts/n022024l.pfb
7ffaf6100000-7ffaf6113000 r--s 00000000 08:02 23201740                   /usr/share/fonts/type1/gsfonts/b018015l.pfb
7ffaf6113000-7ffaf611d000 r--s 00000000 08:02 23201037                   /usr/share/fonts/X11/Type1/c0582bt_.pfb
7ffaf611d000-7ffaf612d000 r--s 00000000 08:02 23201728                   /usr/share/fonts/type1/gsfonts/a010015l.pfb
7ffaf612d000-7ffaf6148000 r--s 00000000 08:02 23201812                   /usr/share/fonts/type1/gsfonts/p052003l.pfb
7ffaf6148000-7ffaf6151000 r--s 00000000 08:02 23201824                   /usr/share/fonts/type1/gsfonts/s050000l.pfb
7ffaf6151000-7ffaf616b000 r--s 00000000 08:02 23201749                   /usr/share/fonts/type1/gsfonts/c059013l.pfb
7ffaf616b000-7ffaf617c000 r--s 00000000 08:02 23201770                   /usr/share/fonts/type1/gsfonts/n019023l.pfb
7ffaf617c000-7ffaf618e000 r--s 00000000 08:02 23201779                   /usr/share/fonts/type1/gsfonts/n019044l.pfb
7ffaf618e000-7ffaf6198000 r--s 00000000 08:02 23201035                   /usr/share/fonts/X11/Type1/c0419bt_.pfb
7ffaf6198000-7ffaf61af000 r--s 00000000 08:02 23201827                   /usr/share/fonts/type1/gsfonts/z003034l.pfb
7ffaf61af000-7ffaf61b8000 r--s 00000000 08:02 23201045                   /usr/share/fonts/X11/Type1/c0633bt_.pfb
7ffaf61b8000-7ffaf61d1000 r--s 00000000 08:02 23201788                   /usr/share/fonts/type1/gsfonts/n021003l.pfb
7ffaf61d1000-7ffaf61e7000 r--s 00000000 08:02 23201806                   /usr/share/fonts/type1/gsfonts/n022023l.pfb
7ffaf61e7000-7ffaf6200000 r--s 00000000 08:02 23201791                   /usr/share/fonts/type1/gsfonts/n021004l.pfb
7ffaf6200000-7ffaf6213000 r--s 00000000 08:02 23201785                   /usr/share/fonts/type1/gsfonts/n019064l.pfb
7ffaf6213000-7ffaf621d000 r--s 00000000 08:02 23201830                   /usr/share/fonts/type1/mathml/Symbol.pfb
7ffaf621d000-7ffaf6235000 r--s 00000000 08:02 23201755                   /usr/share/fonts/type1/gsfonts/c059033l.pfb
7ffaf6235000-7ffaf624d000 r--s 00000000 08:02 23201800                   /usr/share/fonts/type1/gsfonts/n022003l.pfb
7ffaf624d000-7ffaf6269000 r--s 00000000 08:02 23201821                   /usr/share/fonts/type1/gsfonts/p052024l.pfb
7ffaf6269000-7ffaf6281000 r--s 00000000 08:02 23201758                   /usr/share/fonts/type1/gsfonts/c059036l.pfb
7ffaf6281000-7ffaf6293000 r--s 00000000 08:02 23201767                   /usr/share/fonts/type1/gsfonts/n019004l.pfb
7ffaf6293000-7ffaf629f000 r--s 00000000 08:02 23201761                   /usr/share/fonts/type1/gsfonts/d050000l.pfb
7ffaf629f000-7ffaf62ba000 r--s 00000000 08:02 23201818                   /usr/share/fonts/type1/gsfonts/p052023l.pfb
7ffaf62ba000-7ffaf62cc000 r--s 00000000 08:02 23201746                   /usr/share/fonts/type1/gsfonts/b018035l.pfb
7ffaf62cc000-7ffaf62e7000 r--s 00000000 08:02 23201815                   /usr/share/fonts/type1/gsfonts/p052004l.pfb
7ffaf62e7000-7ffaf62fe000 r--s 00000000 08:02 23201794                   /usr/share/fonts/type1/gsfonts/n021023l.pfb
7ffaf62fe000-7ffaf630f000 r--s 00000000 08:02 23201734                   /usr/share/fonts/type1/gsfonts/a010035l.pfb
7ffaf630f000-7ffaf6323000 r--s 00000000 08:02 23201764                   /usr/share/fonts/type1/gsfonts/n019003l.pfb
7ffaf6323000-7ffaf632c000 r--s 00000000 08:02 23201049                   /usr/share/fonts/X11/Type1/c0649bt_.pfb
7ffaf632c000-7ffaf6342000 r--s 00000000 08:02 23201797                   /usr/share/fonts/type1/gsfonts/n021024l.pfb
7ffaf6342000-7ffaf6353000 r--s 00000000 08:02 23201773                   /usr/share/fonts/type1/gsfonts/n019024l.pfb
7ffaf6353000-7ffaf6365000 r--s 00000000 08:02 23201776                   /usr/share/fonts/type1/gsfonts/n019043l.pfb
7ffaf6365000-7ffaf636e000 r--s 00000000 08:02 23201043                   /usr/share/fonts/X11/Type1/c0632bt_.pfb
7ffaf636e000-7ffaf637e000 r--s 00000000 08:02 23201731                   /usr/share/fonts/type1/gsfonts/a010033l.pfb
7ffaf637e000-7ffaf6393000 r--s 00000000 08:02 23201743                   /usr/share/fonts/type1/gsfonts/b018032l.pfb
7ffaf6393000-7ffaf63a3000 r--s 00000000 08:02 23201725                   /usr/share/fonts/type1/gsfonts/a010013l.pfb
7ffaf63a3000-7ffaf63bc000 r--s 00000000 08:02 23201737                   /usr/share/fonts/type1/gsfonts/b018012l.pfb
7ffaf63bc000-7ffaf63c0000 r--s 00000000 08:02 17432654                   /var/cache/fontconfig/385c0604a188198f04d133e54aba7fe7-le64.cache-4
7ffaf63c0000-7ffaf63cd000 r--s 00000000 08:02 17440984                   /var/cache/fontconfig/089dead882dea3570ffc31a9898cfb69-le64.cache-4
7ffaf63cd000-7ffaf63da000 r--s 00000000 08:02 17439711                   /var/cache/fontconfig/e13b20fdb08344e0e664864cc2ede53d-le64.cache-4
7ffaf63da000-7ffaf63f3000 r--s 00000000 08:02 23201803                   /usr/share/fonts/type1/gsfonts/n022004l.pfb
7ffaf63f3000-7ffaf6403000 r-xp 00000000 08:02 23730276                   /usr/lib/jvm/java-7-oracle/jre/lib/amd64/libnio.so
7ffaf6403000-7ffaf6603000 ---p 00010000 08:02 23730276                   /usr/lib/jvm/java-7-oracle/jre/lib/amd64/libnio.so
7ffaf6603000-7ffaf6604000 rw-p 00010000 08:02 23730276                   /usr/lib/jvm/java-7-oracle/jre/lib/amd64/libnio.so
7ffaf6604000-7ffaf661a000 r-xp 00000000 08:02 23730296                   /usr/lib/jvm/java-7-oracle/jre/lib/amd64/libnet.so
7ffaf661a000-7ffaf681a000 ---p 00016000 08:02 23730296                   /usr/lib/jvm/java-7-oracle/jre/lib/amd64/libnet.so
7ffaf681a000-7ffaf681b000 rw-p 00016000 08:02 23730296                   /usr/lib/jvm/java-7-oracle/jre/lib/amd64/libnet.so
7ffaf681b000-7ffaf6830000 r-xp 00000000 08:02 6291564                    /lib/x86_64-linux-gnu/libgcc_s.so.1
7ffaf6830000-7ffaf6a2f000 ---p 00015000 08:02 6291564                    /lib/x86_64-linux-gnu/libgcc_s.so.1
7ffaf6a2f000-7ffaf6a30000 r--p 00014000 08:02 6291564                    /lib/x86_64-linux-gnu/libgcc_s.so.1
7ffaf6a30000-7ffaf6a31000 rw-p 00015000 08:02 6291564                    /lib/x86_64-linux-gnu/libgcc_s.so.1
7ffaf6a31000-7ffaf6a91000 r-xp 00000000 08:02 23731572                   /usr/lib/jvm/java-7-oracle/jre/lib/amd64/libfontmanager.so
7ffaf6a91000-7ffaf6c90000 ---p 00060000 08:02 23731572                   /usr/lib/jvm/java-7-oracle/jre/lib/amd64/libfontmanager.so
7ffaf6c90000-7ffaf6c94000 rw-p 0005f000 08:02 23731572                   /usr/lib/jvm/java-7-oracle/jre/lib/amd64/libfontmanager.so
7ffaf6c94000-7ffaf6ca5000 rw-p 00000000 00:00 0 
7ffaf6ca5000-7ffaf6ca8000 ---p 00000000 00:00 0 
7ffaf6ca8000-7ffaf6da6000 rw-p 00000000 00:00 0                          [stack:21396]
7ffaf6da6000-7ffaf6da9000 ---p 00000000 00:00 0 
7ffaf6da9000-7ffaf6ea7000 rw-p 00000000 00:00 0                          [stack:21395]
7ffaf6ea7000-7ffaf6eac000 r-xp 00000000 08:02 22158856                   /usr/lib/x86_64-linux-gnu/libXfixes.so.3.1.0
7ffaf6eac000-7ffaf70ab000 ---p 00005000 08:02 22158856                   /usr/lib/x86_64-linux-gnu/libXfixes.so.3.1.0
7ffaf70ab000-7ffaf70ac000 r--p 00004000 08:02 22158856                   /usr/lib/x86_64-linux-gnu/libXfixes.so.3.1.0
7ffaf70ac000-7ffaf70ad000 rw-p 00005000 08:02 22158856                   /usr/lib/x86_64-linux-gnu/libXfixes.so.3.1.0
7ffaf70ad000-7ffaf70b6000 r-xp 00000000 08:02 22158848                   /usr/lib/x86_64-linux-gnu/libXcursor.so.1.0.2
7ffaf70b6000-7ffaf72b5000 ---p 00009000 08:02 22158848                   /usr/lib/x86_64-linux-gnu/libXcursor.so.1.0.2
7ffaf72b5000-7ffaf72b6000 r--p 00008000 08:02 22158848                   /usr/lib/x86_64-linux-gnu/libXcursor.so.1.0.2
7ffaf72b6000-7ffaf72b7000 rw-p 00009000 08:02 22158848                   /usr/lib/x86_64-linux-gnu/libXcursor.so.1.0.2
7ffaf72b7000-7ffaf72ba000 ---p 00000000 00:00 0 
7ffaf72ba000-7ffaf73b8000 rw-p 00000000 00:00 0                          [stack:21394]
7ffaf73b8000-7ffaf73bd000 r-xp 00000000 08:02 22158852                   /usr/lib/x86_64-linux-gnu/libXdmcp.so.6.0.0
7ffaf73bd000-7ffaf75bc000 ---p 00005000 08:02 22158852                   /usr/lib/x86_64-linux-gnu/libXdmcp.so.6.0.0
7ffaf75bc000-7ffaf75bd000 r--p 00004000 08:02 22158852                   /usr/lib/x86_64-linux-gnu/libXdmcp.so.6.0.0
7ffaf75bd000-7ffaf75be000 rw-p 00005000 08:02 22158852                   /usr/lib/x86_64-linux-gnu/libXdmcp.so.6.0.0
7ffaf75be000-7ffaf75c0000 r-xp 00000000 08:02 22158841                   /usr/lib/x86_64-linux-gnu/libXau.so.6.0.0
7ffaf75c0000-7ffaf77c0000 ---p 00002000 08:02 22158841                   /usr/lib/x86_64-linux-gnu/libXau.so.6.0.0
7ffaf77c0000-7ffaf77c1000 r--p 00002000 08:02 22158841                   /usr/lib/x86_64-linux-gnu/libXau.so.6.0.0
7ffaf77c1000-7ffaf77c2000 rw-p 00003000 08:02 22158841                   /usr/lib/x86_64-linux-gnu/libXau.so.6.0.0
7ffaf77c2000-7ffaf77df000 r-xp 00000000 08:02 22159793                   /usr/lib/x86_64-linux-gnu/libxcb.so.1.1.0
7ffaf77df000-7ffaf79de000 ---p 0001d000 08:02 22159793                   /usr/lib/x86_64-linux-gnu/libxcb.so.1.1.0
7ffaf79de000-7ffaf79df000 r--p 0001c000 08:02 22159793                   /usr/lib/x86_64-linux-gnu/libxcb.so.1.1.0
7ffaf79df000-7ffaf79e0000 rw-p 0001d000 08:02 22159793                   /usr/lib/x86_64-linux-gnu/libxcb.so.1.1.0
7ffaf79e0000-7ffaf79ef000 r-xp 00000000 08:02 22158862                   /usr/lib/x86_64-linux-gnu/libXi.so.6.1.0
7ffaf79ef000-7ffaf7bee000 ---p 0000f000 08:02 22158862                   /usr/lib/x86_64-linux-gnu/libXi.so.6.1.0
7ffaf7bee000-7ffaf7bef000 r--p 0000e000 08:02 22158862                   /usr/lib/x86_64-linux-gnu/libXi.so.6.1.0
7ffaf7bef000-7ffaf7bf0000 rw-p 0000f000 08:02 22158862                   /usr/lib/x86_64-linux-gnu/libXi.so.6.1.0
7ffaf7bf0000-7ffaf7bf5000 r-xp 00000000 08:02 22158880                   /usr/lib/x86_64-linux-gnu/libXtst.so.6.1.0
7ffaf7bf5000-7ffaf7df4000 ---p 00005000 08:02 22158880                   /usr/lib/x86_64-linux-gnu/libXtst.so.6.1.0
7ffaf7df4000-7ffaf7df5000 r--p 00004000 08:02 22158880                   /usr/lib/x86_64-linux-gnu/libXtst.so.6.1.0
7ffaf7df5000-7ffaf7df6000 rw-p 00005000 08:02 22158880                   /usr/lib/x86_64-linux-gnu/libXtst.so.6.1.0
7ffaf7df6000-7ffaf7dff000 r-xp 00000000 08:02 22158876                   /usr/lib/x86_64-linux-gnu/libXrender.so.1.3.0
7ffaf7dff000-7ffaf7ffe000 ---p 00009000 08:02 22158876                   /usr/lib/x86_64-linux-gnu/libXrender.so.1.3.0
7ffaf7ffe000-7ffaf7fff000 r--p 00008000 08:02 22158876                   /usr/lib/x86_64-linux-gnu/libXrender.so.1.3.0
7ffaf7fff000-7ffaf8000000 rw-p 00009000 08:02 22158876                   /usr/lib/x86_64-linux-gnu/libXrender.so.1.3.0
7ffaf8000000-7ffaf8021000 rw-p 00000000 00:00 0 
7ffaf8021000-7ffafc000000 ---p 00000000 00:00 0 
7ffafc000000-7ffafc011000 r--s 00000000 08:02 23201770                   /usr/share/fonts/type1/gsfonts/n019023l.pfb
7ffafc011000-7ffafc022000 r--s 00000000 08:02 23201773                   /usr/share/fonts/type1/gsfonts/n019024l.pfb
7ffafc022000-7ffafc034000 r--s 00000000 08:02 23201767                   /usr/share/fonts/type1/gsfonts/n019004l.pfb
7ffafc034000-7ffafc04a000 r--s 00000000 08:02 23201809                   /usr/share/fonts/type1/gsfonts/n022024l.pfb
7ffafc04a000-7ffafc060000 r--s 00000000 08:02 23201806                   /usr/share/fonts/type1/gsfonts/n022023l.pfb
7ffafc060000-7ffafc074000 r--s 00000000 08:02 23201764                   /usr/share/fonts/type1/gsfonts/n019003l.pfb
7ffafc074000-7ffafc08d000 r--s 00000000 08:02 23201791                   /usr/share/fonts/type1/gsfonts/n021004l.pfb
7ffafc08d000-7ffafc1bd000 r-xp 00000000 08:02 22158837                   /usr/lib/x86_64-linux-gnu/libX11.so.6.3.0
7ffafc1bd000-7ffafc3bd000 ---p 00130000 08:02 22158837                   /usr/lib/x86_64-linux-gnu/libX11.so.6.3.0
7ffafc3bd000-7ffafc3be000 r--p 00130000 08:02 22158837                   /usr/lib/x86_64-linux-gnu/libX11.so.6.3.0
7ffafc3be000-7ffafc3c2000 rw-p 00131000 08:02 22158837                   /usr/lib/x86_64-linux-gnu/libX11.so.6.3.0
7ffafc3c2000-7ffafc3d3000 r-xp 00000000 08:02 22158854                   /usr/lib/x86_64-linux-gnu/libXext.so.6.4.0
7ffafc3d3000-7ffafc5d2000 ---p 00011000 08:02 22158854                   /usr/lib/x86_64-linux-gnu/libXext.so.6.4.0
7ffafc5d2000-7ffafc5d3000 r--p 00010000 08:02 22158854                   /usr/lib/x86_64-linux-gnu/libXext.so.6.4.0
7ffafc5d3000-7ffafc5d4000 rw-p 00011000 08:02 22158854                   /usr/lib/x86_64-linux-gnu/libXext.so.6.4.0
7ffafc5d4000-7ffafc624000 r-xp 00000000 08:02 23731558                   /usr/lib/jvm/java-7-oracle/jre/lib/amd64/xawt/libmawt.so
7ffafc624000-7ffafc824000 ---p 00050000 08:02 23731558                   /usr/lib/jvm/java-7-oracle/jre/lib/amd64/xawt/libmawt.so
7ffafc824000-7ffafc828000 rw-p 00050000 08:02 23731558                   /usr/lib/jvm/java-7-oracle/jre/lib/amd64/xawt/libmawt.so
7ffafc828000-7ffafc829000 rw-p 00000000 00:00 0 
7ffafc829000-7ffafc8cb000 r-xp 00000000 08:02 23730275                   /usr/lib/jvm/java-7-oracle/jre/lib/amd64/libawt.so
7ffafc8cb000-7ffafcacb000 ---p 000a2000 08:02 23730275                   /usr/lib/jvm/java-7-oracle/jre/lib/amd64/libawt.so
7ffafcacb000-7ffafcad7000 rw-p 000a2000 08:02 23730275                   /usr/lib/jvm/java-7-oracle/jre/lib/amd64/libawt.so
7ffafcad7000-7ffafcafb000 rw-p 00000000 00:00 0 
7ffafcafb000-7ffafcafc000 ---p 00000000 00:00 0 
7ffafcafc000-7ffafcbfc000 rw-p 00000000 00:00 0                          [stack:21393]
7ffafcbfc000-7ffafcbff000 ---p 00000000 00:00 0 
7ffafcbff000-7ffafccfd000 rw-p 00000000 00:00 0                          [stack:21392]
7ffafccfd000-7ffafcd00000 ---p 00000000 00:00 0 
7ffafcd00000-7ffafcdfe000 rw-p 00000000 00:00 0                          [stack:21391]
7ffafcdfe000-7ffafce01000 ---p 00000000 00:00 0 
7ffafce01000-7ffafceff000 rw-p 00000000 00:00 0                          [stack:21390]
7ffafceff000-7ffafcf02000 ---p 00000000 00:00 0 
7ffafcf02000-7ffafd000000 rw-p 00000000 00:00 0                          [stack:21389]
7ffafd000000-7ffafd270000 rwxp 00000000 00:00 0 
7ffafd270000-7ffb0036c000 rw-p 00000000 00:00 0 
7ffb0036c000-7ffb04000000 ---p 00000000 00:00 0 
7ffb04000000-7ffb04001000 r--s 00000000 08:02 17432648                   /var/cache/fontconfig/0d8c3b2ac0904cb8a57a757ad11a4a08-le64.cache-4
7ffb04001000-7ffb04002000 r--s 00000000 08:02 17432650                   /var/cache/fontconfig/1ac9eb803944fde146138c791f5cc56a-le64.cache-4
7ffb04002000-7ffb04003000 r--s 00000000 08:02 17432679                   /var/cache/fontconfig/dc05db6664285cc2f12bf69c139ae4c3-le64.cache-4
7ffb04003000-7ffb04005000 r--s 00000000 08:02 17432662                   /var/cache/fontconfig/767a8244fc0220cfb567a839d0392e0b-le64.cache-4
7ffb04005000-7ffb0400b000 r--s 00000000 08:02 17432670                   /var/cache/fontconfig/b47c4e1ecd0709278f4910c18777a504-le64.cache-4
7ffb0400b000-7ffb04023000 r--s 00000000 08:02 23201800                   /usr/share/fonts/type1/gsfonts/n022003l.pfb
7ffb04023000-7ffb0403c000 r--s 00000000 08:02 23201788                   /usr/share/fonts/type1/gsfonts/n021003l.pfb
7ffb0403c000-7ffb04046000 r--s 00000000 08:02 23201830                   /usr/share/fonts/type1/mathml/Symbol.pfb
7ffb04046000-7ffb0405d000 r--s 00000000 08:02 23201794                   /usr/share/fonts/type1/gsfonts/n021023l.pfb
7ffb0405d000-7ffb04073000 r--s 00000000 08:02 23201797                   /usr/share/fonts/type1/gsfonts/n021024l.pfb
7ffb04073000-7ffb040a4000 rw-p 00000000 00:00 0 
7ffb040a4000-7ffb040ae000 r--s 00250000 08:02 23205099                   /usr/lib/jvm/java-7-oracle/jre/lib/resources.jar
7ffb040ae000-7ffb040b5000 r--s 00000000 08:02 22545731                   /usr/lib/x86_64-linux-gnu/gconv/gconv-modules.cache
7ffb040b5000-7ffb04797000 r--p 00000000 08:02 22157871                   /usr/lib/locale/locale-archive
7ffb04797000-7ffb0479a000 ---p 00000000 00:00 0 
7ffb0479a000-7ffb04898000 rw-p 00000000 00:00 0                          [stack:21388]
7ffb04898000-7ffb0489b000 ---p 00000000 00:00 0 
7ffb0489b000-7ffb04999000 rw-p 00000000 00:00 0                          [stack:21387]
7ffb04999000-7ffb0499a000 ---p 00000000 00:00 0 
7ffb0499a000-7ffb05a99000 rw-p 00000000 00:00 0                          [stack:21386]
7ffb05a99000-7ffb05c55000 r--s 039b2000 08:02 23205090                   /usr/lib/jvm/java-7-oracle/jre/lib/rt.jar
7ffb05c55000-7ffb06178000 rw-p 00000000 00:00 0 
7ffb06178000-7ffb06179000 ---p 00000000 00:00 0 
7ffb06179000-7ffb06279000 rw-p 00000000 00:00 0                          [stack:21385]
7ffb06279000-7ffb0627a000 ---p 00000000 00:00 0 
7ffb0627a000-7ffb0637a000 rw-p 00000000 00:00 0                          [stack:21384]
7ffb0637a000-7ffb0637b000 ---p 00000000 00:00 0 
7ffb0637b000-7ffb0647b000 rw-p 00000000 00:00 0                          [stack:21383]
7ffb0647b000-7ffb0647c000 ---p 00000000 00:00 0 
7ffb0647c000-7ffb06587000 rw-p 00000000 00:00 0                          [stack:21382]
7ffb06587000-7ffb065a5000 rw-p 00000000 00:00 0 
7ffb065a5000-7ffb065ce000 rw-p 00000000 00:00 0 
7ffb065ce000-7ffb06835000 rw-p 00000000 00:00 0 
7ffb06835000-7ffb06840000 rw-p 00000000 00:00 0 
7ffb06840000-7ffb0685e000 rw-p 00000000 00:00 0 
7ffb0685e000-7ffb06887000 rw-p 00000000 00:00 0 
7ffb06887000-7ffb06aee000 rw-p 00000000 00:00 0 
7ffb06aee000-7ffb06b03000 rw-p 00000000 00:00 0 
7ffb06b03000-7ffb06c36000 rw-p 00000000 00:00 0 
7ffb06c36000-7ffb06c37000 rw-p 00000000 00:00 0 
7ffb06c37000-7ffb06c51000 r-xp 00000000 08:02 23731560                   /usr/lib/jvm/java-7-oracle/jre/lib/amd64/libzip.so
7ffb06c51000-7ffb06e51000 ---p 0001a000 08:02 23731560                   /usr/lib/jvm/java-7-oracle/jre/lib/amd64/libzip.so
7ffb06e51000-7ffb06e52000 rw-p 0001a000 08:02 23731560                   /usr/lib/jvm/java-7-oracle/jre/lib/amd64/libzip.so
7ffb06e52000-7ffb06e5e000 r-xp 00000000 08:02 6295399                    /lib/x86_64-linux-gnu/libnss_files-2.17.so
7ffb06e5e000-7ffb0705d000 ---p 0000c000 08:02 6295399                    /lib/x86_64-linux-gnu/libnss_files-2.17.so
7ffb0705d000-7ffb0705e000 r--p 0000b000 08:02 6295399                    /lib/x86_64-linux-gnu/libnss_files-2.17.so
7ffb0705e000-7ffb0705f000 rw-p 0000c000 08:02 6295399                    /lib/x86_64-linux-gnu/libnss_files-2.17.so
7ffb0705f000-7ffb0706a000 r-xp 00000000 08:02 6295403                    /lib/x86_64-linux-gnu/libnss_nis-2.17.so
7ffb0706a000-7ffb07269000 ---p 0000b000 08:02 6295403                    /lib/x86_64-linux-gnu/libnss_nis-2.17.so
7ffb07269000-7ffb0726a000 r--p 0000a000 08:02 6295403                    /lib/x86_64-linux-gnu/libnss_nis-2.17.so
7ffb0726a000-7ffb0726b000 rw-p 0000b000 08:02 6295403                    /lib/x86_64-linux-gnu/libnss_nis-2.17.so
7ffb0726b000-7ffb07282000 r-xp 00000000 08:02 6295393                    /lib/x86_64-linux-gnu/libnsl-2.17.so
7ffb07282000-7ffb07481000 ---p 00017000 08:02 6295393                    /lib/x86_64-linux-gnu/libnsl-2.17.so
7ffb07481000-7ffb07482000 r--p 00016000 08:02 6295393                    /lib/x86_64-linux-gnu/libnsl-2.17.so
7ffb07482000-7ffb07483000 rw-p 00017000 08:02 6295393                    /lib/x86_64-linux-gnu/libnsl-2.17.so
7ffb07483000-7ffb07485000 rw-p 00000000 00:00 0 
7ffb07485000-7ffb0748d000 r-xp 00000000 08:02 6295395                    /lib/x86_64-linux-gnu/libnss_compat-2.17.so
7ffb0748d000-7ffb0768c000 ---p 00008000 08:02 6295395                    /lib/x86_64-linux-gnu/libnss_compat-2.17.so
7ffb0768c000-7ffb0768d000 r--p 00007000 08:02 6295395                    /lib/x86_64-linux-gnu/libnss_compat-2.17.so
7ffb0768d000-7ffb0768e000 rw-p 00008000 08:02 6295395                    /lib/x86_64-linux-gnu/libnss_compat-2.17.so
7ffb0768e000-7ffb076b7000 r-xp 00000000 08:02 23730308                   /usr/lib/jvm/java-7-oracle/jre/lib/amd64/libjava.so
7ffb076b7000-7ffb078b7000 ---p 00029000 08:02 23730308                   /usr/lib/jvm/java-7-oracle/jre/lib/amd64/libjava.so
7ffb078b7000-7ffb078b9000 rw-p 00029000 08:02 23730308                   /usr/lib/jvm/java-7-oracle/jre/lib/amd64/libjava.so
7ffb078b9000-7ffb078c6000 r-xp 00000000 08:02 23731573                   /usr/lib/jvm/java-7-oracle/jre/lib/amd64/libverify.so
7ffb078c6000-7ffb07ac5000 ---p 0000d000 08:02 23731573                   /usr/lib/jvm/java-7-oracle/jre/lib/amd64/libverify.so
7ffb07ac5000-7ffb07ac7000 rw-p 0000c000 08:02 23731573                   /usr/lib/jvm/java-7-oracle/jre/lib/amd64/libverify.so
7ffb07ac7000-7ffb07ace000 r-xp 00000000 08:02 6295446                    /lib/x86_64-linux-gnu/librt-2.17.so
7ffb07ace000-7ffb07ccd000 ---p 00007000 08:02 6295446                    /lib/x86_64-linux-gnu/librt-2.17.so
7ffb07ccd000-7ffb07cce000 r--p 00006000 08:02 6295446                    /lib/x86_64-linux-gnu/librt-2.17.so
7ffb07cce000-7ffb07ccf000 rw-p 00007000 08:02 6295446                    /lib/x86_64-linux-gnu/librt-2.17.so
7ffb07ccf000-7ffb07dd2000 r-xp 00000000 08:02 6295374                    /lib/x86_64-linux-gnu/libm-2.17.so
7ffb07dd2000-7ffb07fd1000 ---p 00103000 08:02 6295374                    /lib/x86_64-linux-gnu/libm-2.17.so
7ffb07fd1000-7ffb07fd2000 r--p 00102000 08:02 6295374                    /lib/x86_64-linux-gnu/libm-2.17.so
7ffb07fd2000-7ffb07fd3000 rw-p 00103000 08:02 6295374                    /lib/x86_64-linux-gnu/libm-2.17.so
7ffb07fd3000-7ffb08b35000 r-xp 00000000 08:02 23730284                   /usr/lib/jvm/java-7-oracle/jre/lib/amd64/server/libjvm.so
7ffb08b35000-7ffb08d35000 ---p 00b62000 08:02 23730284                   /usr/lib/jvm/java-7-oracle/jre/lib/amd64/server/libjvm.so
7ffb08d35000-7ffb08df8000 rw-p 00b62000 08:02 23730284                   /usr/lib/jvm/java-7-oracle/jre/lib/amd64/server/libjvm.so
7ffb08df8000-7ffb08e39000 rw-p 00000000 00:00 0 
7ffb08e39000-7ffb08ff6000 r-xp 00000000 08:02 6295323                    /lib/x86_64-linux-gnu/libc-2.17.so
7ffb08ff6000-7ffb091f6000 ---p 001bd000 08:02 6295323                    /lib/x86_64-linux-gnu/libc-2.17.so
7ffb091f6000-7ffb091fa000 r--p 001bd000 08:02 6295323                    /lib/x86_64-linux-gnu/libc-2.17.so
7ffb091fa000-7ffb091fc000 rw-p 001c1000 08:02 6295323                    /lib/x86_64-linux-gnu/libc-2.17.so
7ffb091fc000-7ffb09201000 rw-p 00000000 00:00 0 
7ffb09201000-7ffb09204000 r-xp 00000000 08:02 6295338                    /lib/x86_64-linux-gnu/libdl-2.17.so
7ffb09204000-7ffb09403000 ---p 00003000 08:02 6295338                    /lib/x86_64-linux-gnu/libdl-2.17.so
7ffb09403000-7ffb09404000 r--p 00002000 08:02 6295338                    /lib/x86_64-linux-gnu/libdl-2.17.so
7ffb09404000-7ffb09405000 rw-p 00003000 08:02 6295338                    /lib/x86_64-linux-gnu/libdl-2.17.so
7ffb09405000-7ffb0941b000 r-xp 00000000 08:02 23868441                   /usr/lib/jvm/java-7-oracle/lib/amd64/jli/libjli.so
7ffb0941b000-7ffb0961b000 ---p 00016000 08:02 23868441                   /usr/lib/jvm/java-7-oracle/lib/amd64/jli/libjli.so
7ffb0961b000-7ffb0961c000 rw-p 00016000 08:02 23868441                   /usr/lib/jvm/java-7-oracle/lib/amd64/jli/libjli.so
7ffb0961c000-7ffb09633000 r-xp 00000000 08:02 6295438                    /lib/x86_64-linux-gnu/libpthread-2.17.so
7ffb09633000-7ffb09833000 ---p 00017000 08:02 6295438                    /lib/x86_64-linux-gnu/libpthread-2.17.so
7ffb09833000-7ffb09834000 r--p 00017000 08:02 6295438                    /lib/x86_64-linux-gnu/libpthread-2.17.so
7ffb09834000-7ffb09835000 rw-p 00018000 08:02 6295438                    /lib/x86_64-linux-gnu/libpthread-2.17.so
7ffb09835000-7ffb09839000 rw-p 00000000 00:00 0 
7ffb09839000-7ffb0985c000 r-xp 00000000 08:02 6295299                    /lib/x86_64-linux-gnu/ld-2.17.so
7ffb0985c000-7ffb0985d000 r--s 00000000 08:02 17440157                   /var/cache/fontconfig/4794a0821666d79190d59a36cb4f44b5-le64.cache-4
7ffb0985d000-7ffb09860000 r--s 00000000 08:02 17432664                   /var/cache/fontconfig/8801497958630a81b71ace7c5f9b32a8-le64.cache-4
7ffb09860000-7ffb09861000 r--s 00000000 08:02 17432657                   /var/cache/fontconfig/56cf4f4769d0f4abc89a4895d7bd3ae1-le64.cache-4
7ffb09861000-7ffb09876000 r--p 00000000 08:02 22550278                   /usr/share/locale-langpack/zh_CN/LC_MESSAGES/libc.mo
7ffb09876000-7ffb09880000 rw-p 00000000 00:00 0 
7ffb09880000-7ffb09936000 rw-p 00000000 00:00 0 
7ffb09936000-7ffb09939000 ---p 00000000 00:00 0 
7ffb09939000-7ffb09a3b000 rw-p 00000000 00:00 0                          [stack:21380]
7ffb09a3b000-7ffb09a3c000 r--s 00000000 08:02 17432671                   /var/cache/fontconfig/b9d506c9ac06c20b433354fa67a72993-le64.cache-4
7ffb09a3c000-7ffb09a3d000 r--s 00000000 08:02 17432647                   /var/cache/fontconfig/0c9eb80ebd1c36541ebe2852d3bb0c49-le64.cache-4
7ffb09a3d000-7ffb09a41000 r--s 00000000 08:02 17445577                   /var/cache/fontconfig/7ef2298fde41cc6eeb7af42e48b7d293-le64.cache-4
7ffb09a41000-7ffb09a44000 r--s 0005e000 08:02 20062051                   /home/mtcle/javawork/mysqldriver.jar
7ffb09a44000-7ffb09a4f000 r--s 0037c000 08:02 23205070                   /usr/lib/jvm/java-7-oracle/jre/lib/charsets.jar
7ffb09a4f000-7ffb09a57000 rw-s 00000000 08:02 25036928                   /tmp/hsperfdata_mtcle/21373
7ffb09a57000-7ffb09a58000 rw-p 00000000 00:00 0 
7ffb09a58000-7ffb09a59000 r--p 00000000 00:00 0 
7ffb09a59000-7ffb09a5b000 rw-p 00000000 00:00 0 
7ffb09a5b000-7ffb09a5c000 r--p 00022000 08:02 6295299                    /lib/x86_64-linux-gnu/ld-2.17.so
7ffb09a5c000-7ffb09a5e000 rw-p 00023000 08:02 6295299                    /lib/x86_64-linux-gnu/ld-2.17.so
7fffe6a37000-7fffe6a58000 rw-p 00000000 00:00 0                          [stack]
7fffe6bfe000-7fffe6c00000 r-xp 00000000 00:00 0                          [vdso]
ffffffffff600000-ffffffffff601000 r-xp 00000000 00:00 0                  [vsyscall]

VM Arguments:
jvm_args: -Dfile.encoding=UTF-8 
java_command: Gui.Main
Launcher Type: SUN_STANDARD

Environment Variables:
PATH=/usr/lib/lightdm/lightdm:/usr/local/sbin:/usr/local/bin:/usr/sbin:/usr/bin:/sbin:/bin:/usr/games:/usr/local/games
SHELL=/bin/bash
DISPLAY=:0

Signal Handlers:
SIGSEGV: [libjvm.so+0x9935b0], sa_mask[0]=0x7ffbfeff, sa_flags=0x10000004
SIGBUS: [libjvm.so+0x9935b0], sa_mask[0]=0x7ffbfeff, sa_flags=0x10000004
SIGFPE: [libjvm.so+0x810330], sa_mask[0]=0x7ffbfeff, sa_flags=0x10000004
SIGPIPE: [libjvm.so+0x810330], sa_mask[0]=0x7ffbfeff, sa_flags=0x10000004
SIGXFSZ: [libjvm.so+0x810330], sa_mask[0]=0x7ffbfeff, sa_flags=0x10000004
SIGILL: [libjvm.so+0x810330], sa_mask[0]=0x7ffbfeff, sa_flags=0x10000004
SIGUSR1: SIG_DFL, sa_mask[0]=0x00000000, sa_flags=0x00000000
SIGUSR2: [libjvm.so+0x811820], sa_mask[0]=0x00000004, sa_flags=0x10000004
SIGHUP: [libjvm.so+0x812790], sa_mask[0]=0x7ffbfeff, sa_flags=0x10000004
SIGINT: [libjvm.so+0x812790], sa_mask[0]=0x7ffbfeff, sa_flags=0x10000004
SIGTERM: [libjvm.so+0x812790], sa_mask[0]=0x7ffbfeff, sa_flags=0x10000004
SIGQUIT: [libjvm.so+0x812790], sa_mask[0]=0x7ffbfeff, sa_flags=0x10000004


---------------  S Y S T E M  ---------------

OS:wheezy/sid

uname:Linux 3.11.0-15-generic #23-Ubuntu SMP Mon Dec 9 18:17:04 UTC 2013 x86_64
libc:glibc 2.17 NPTL 2.17 
rlimit: STACK 8192k, CORE 0k, NPROC 61233, NOFILE 4096, AS infinity
load average:1.13 1.01 0.97

/proc/meminfo:
MemTotal:        8060072 kB
MemFree:         1033712 kB
Buffers:          152548 kB
Cached:          3022948 kB
SwapCached:            0 kB
Active:          2399472 kB
Inactive:        2048752 kB
Active(anon):    1220608 kB
Inactive(anon):   872988 kB
Active(file):    1178864 kB
Inactive(file):  1175764 kB
Unevictable:          32 kB
Mlocked:              32 kB
SwapTotal:       8270844 kB
SwapFree:        8270692 kB
Dirty:              1596 kB
Writeback:             0 kB
AnonPages:       1272832 kB
Mapped:          2678348 kB
Shmem:            820868 kB
Slab:             196728 kB
SReclaimable:     136372 kB
SUnreclaim:        60356 kB
KernelStack:        5296 kB
PageTables:        42420 kB
NFS_Unstable:          0 kB
Bounce:                0 kB
WritebackTmp:          0 kB
CommitLimit:    12300880 kB
Committed_AS:    8313848 kB
VmallocTotal:   34359738367 kB
VmallocUsed:      441964 kB
VmallocChunk:   34359292148 kB
HardwareCorrupted:     0 kB
AnonHugePages:         0 kB
HugePages_Total:       0
HugePages_Free:        0
HugePages_Rsvd:        0
HugePages_Surp:        0
Hugepagesize:       2048 kB
DirectMap4k:       66556 kB
DirectMap2M:     8212480 kB


CPU:total 4 (4 cores per cpu, 1 threads per core) family 6 model 58 stepping 9, cmov, cx8, fxsr, mmx, sse, sse2, sse3, ssse3, sse4.1, sse4.2, popcnt, avx, aes, erms, tsc, tscinvbit, tscinv

/proc/cpuinfo:
processor	: 0
vendor_id	: GenuineIntel
cpu family	: 6
model		: 58
model name	: Intel(R) Core(TM) i5-3470 CPU @ 3.20GHz
stepping	: 9
microcode	: 0x19
cpu MHz		: 3201.000
cache size	: 6144 KB
physical id	: 0
siblings	: 4
core id		: 0
cpu cores	: 4
apicid		: 0
initial apicid	: 0
fpu		: yes
fpu_exception	: yes
cpuid level	: 13
wp		: yes
flags		: fpu vme de pse tsc msr pae mce cx8 apic sep mtrr pge mca cmov pat pse36 clflush dts acpi mmx fxsr sse sse2 ss ht tm pbe syscall nx rdtscp lm constant_tsc arch_perfmon pebs bts rep_good nopl xtopology nonstop_tsc aperfmperf eagerfpu pni pclmulqdq dtes64 monitor ds_cpl vmx smx est tm2 ssse3 cx16 xtpr pdcm pcid sse4_1 sse4_2 x2apic popcnt tsc_deadline_timer aes xsave avx f16c rdrand lahf_lm ida arat epb xsaveopt pln pts dtherm tpr_shadow vnmi flexpriority ept vpid fsgsbase smep erms
bogomips	: 6385.37
clflush size	: 64
cache_alignment	: 64
address sizes	: 36 bits physical, 48 bits virtual
power management:

processor	: 1
vendor_id	: GenuineIntel
cpu family	: 6
model		: 58
model name	: Intel(R) Core(TM) i5-3470 CPU @ 3.20GHz
stepping	: 9
microcode	: 0x19
cpu MHz		: 3201.000
cache size	: 6144 KB
physical id	: 0
siblings	: 4
core id		: 1
cpu cores	: 4
apicid		: 2
initial apicid	: 2
fpu		: yes
fpu_exception	: yes
cpuid level	: 13
wp		: yes
flags		: fpu vme de pse tsc msr pae mce cx8 apic sep mtrr pge mca cmov pat pse36 clflush dts acpi mmx fxsr sse sse2 ss ht tm pbe syscall nx rdtscp lm constant_tsc arch_perfmon pebs bts rep_good nopl xtopology nonstop_tsc aperfmperf eagerfpu pni pclmulqdq dtes64 monitor ds_cpl vmx smx est tm2 ssse3 cx16 xtpr pdcm pcid sse4_1 sse4_2 x2apic popcnt tsc_deadline_timer aes xsave avx f16c rdrand lahf_lm ida arat epb xsaveopt pln pts dtherm tpr_shadow vnmi flexpriority ept vpid fsgsbase smep erms
bogomips	: 6385.37
clflush size	: 64
cache_alignment	: 64
address sizes	: 36 bits physical, 48 bits virtual
power management:

processor	: 2
vendor_id	: GenuineIntel
cpu family	: 6
model		: 58
model name	: Intel(R) Core(TM) i5-3470 CPU @ 3.20GHz
stepping	: 9
microcode	: 0x19
cpu MHz		: 3201.000
cache size	: 6144 KB
physical id	: 0
siblings	: 4
core id		: 2
cpu cores	: 4
apicid		: 4
initial apicid	: 4
fpu		: yes
fpu_exception	: yes
cpuid level	: 13
wp		: yes
flags		: fpu vme de pse tsc msr pae mce cx8 apic sep mtrr pge mca cmov pat pse36 clflush dts acpi mmx fxsr sse sse2 ss ht tm pbe syscall nx rdtscp lm constant_tsc arch_perfmon pebs bts rep_good nopl xtopology nonstop_tsc aperfmperf eagerfpu pni pclmulqdq dtes64 monitor ds_cpl vmx smx est tm2 ssse3 cx16 xtpr pdcm pcid sse4_1 sse4_2 x2apic popcnt tsc_deadline_timer aes xsave avx f16c rdrand lahf_lm ida arat epb xsaveopt pln pts dtherm tpr_shadow vnmi flexpriority ept vpid fsgsbase smep erms
bogomips	: 6385.37
clflush size	: 64
cache_alignment	: 64
address sizes	: 36 bits physical, 48 bits virtual
power management:

processor	: 3
vendor_id	: GenuineIntel
cpu family	: 6
model		: 58
model name	: Intel(R) Core(TM) i5-3470 CPU @ 3.20GHz
stepping	: 9
microcode	: 0x19
cpu MHz		: 2600.000
cache size	: 6144 KB
physical id	: 0
siblings	: 4
core id		: 3
cpu cores	: 4
apicid		: 6
initial apicid	: 6
fpu		: yes
fpu_exception	: yes
cpuid level	: 13
wp		: yes
flags		: fpu vme de pse tsc msr pae mce cx8 apic sep mtrr pge mca cmov pat pse36 clflush dts acpi mmx fxsr sse sse2 ss ht tm pbe syscall nx rdtscp lm constant_tsc arch_perfmon pebs bts rep_good nopl xtopology nonstop_tsc aperfmperf eagerfpu pni pclmulqdq dtes64 monitor ds_cpl vmx smx est tm2 ssse3 cx16 xtpr pdcm pcid sse4_1 sse4_2 x2apic popcnt tsc_deadline_timer aes xsave avx f16c rdrand lahf_lm ida arat epb xsaveopt pln pts dtherm tpr_shadow vnmi flexpriority ept vpid fsgsbase smep erms
bogomips	: 6385.37
clflush size	: 64
cache_alignment	: 64
address sizes	: 36 bits physical, 48 bits virtual
power management:



Memory: 4k page, physical 8060072k(1033712k free), swap 8270844k(8270692k free)

vm_info: Java HotSpot(TM) 64-Bit Server VM (24.45-b08) for linux-amd64 JRE (1.7.0_45-b18), built on Oct  8 2013 05:44:25 by "java_re" with gcc 4.3.0 20080428 (Red Hat 4.3.0-8)

time: Mon Jan  6 20:48:01 2014
elapsed time: 777 seconds

