#
# A fatal error has been detected by the Java Runtime Environment:
#
#  SIGSEGV (0xb) at pc=0x00007f3bf6e0f793, pid=8833, tid=139895497885440
#
# JRE version: Java(TM) SE Runtime Environment (7.0_45-b18) (build 1.7.0_45-b18)
# Java VM: Java HotSpot(TM) 64-Bit Server VM (24.45-b08 mixed mode linux-amd64 compressed oops)
# Problematic frame:
# C  [libmawt.so+0x1e793]  getX11InputMethodData+0x43
#
# Failed to write core dump. Core dumps have been disabled. To enable core dumping, try "ulimit -c unlimited" before starting Java again
#
# If you would like to submit a bug report, please visit:
#   http://bugreport.sun.com/bugreport/crash.jsp
# The crash happened outside the Java Virtual Machine in native code.
# See problematic frame for where to report the bug.
#

---------------  T H R E A D  ---------------

Current thread (0x00007f3c14197000):  JavaThread "AWT-XAWT" daemon [_thread_in_native, id=8852, stack(0x00007f3bf5650000,0x00007f3bf5751000)]

siginfo:si_signo=SIGSEGV: si_errno=0, si_code=1 (SEGV_MAPERR), si_addr=0x0000000000000021

Registers:
RAX=0x0000000000000001, RBX=0x0000000000000001, RCX=0x00007f3c1c0202e0, RDX=0x0000000000000042
RSP=0x00007f3bf574f640, RBP=0x00007f3bf574f660, RSI=0x00007f3c14177170, RDI=0x00007f3c141971e8
R8 =0x0000000000000005, R9 =0x000000077fea27d0, R10=0x0000000000000084, R11=0x00007f3c1b5fb008
R12=0x00007f3c141971e8, R13=0x00007f3c14177170, R14=0x00007f3bf7044fc0, R15=0x00007f3c14197000
RIP=0x00007f3bf6e0f793, EFLAGS=0x0000000000010202, CSGSFS=0x0000000000000033, ERR=0x0000000000000004
  TRAPNO=0x000000000000000e

Top of Stack: (sp=0x00007f3bf574f640)
0x00007f3bf574f640:   0000000000000000 00007f3bcc011680
0x00007f3bf574f650:   00007f3c110ee8a8 00007f3bf574f6e0
0x00007f3bf574f660:   0000000000000000 00007f3bf690bcc8
0x00007f3bf574f670:   0000000000000000 00007f3bf574f6a0
0x00007f3bf574f680:   0000000000000000 00007f3bf6903ba3
0x00007f3bf574f690:   00007f3c110ee8a8 00007f3bf6e0561f
0x00007f3bf574f6a0:   00007f3bf574f6f0 00007f3c110db2d6
0x00007f3bf574f6b0:   00000007d713d8d8 00000007d713d8d8
0x00007f3bf574f6c0:   00000007803c4a28 00000000fae1854b
0x00007f3bf574f6d0:   00007f3bf574f700 00000007d70c1628
0x00007f3bf574f6e0:   00000007d70c0150 00000007d713d8d8
0x00007f3bf574f6f0:   0000000000000000 00007f3c110ee160
0x00007f3bf574f700:   00000002d7089ec8 0000000500000000
0x00007f3bf574f710:   0000000000000000 00000007d70c1628
0x00007f3bf574f720:   00007f3bcc000e30 00000007fae021a8
0x00007f3bf574f730:   00000007d713d8d8 00000007d86feb28
0x00007f3bf574f740:   0000000000000001 0000000000000000
0x00007f3bf574f750:   00007f3bf574f7b0 00007f3c11006058
0x00007f3bf574f760:   0000000000000000 00000007d70c1628
0x00007f3bf574f770:   00007f3bf574f770 00000007802ca17d
0x00007f3bf574f780:   00007f3bf574f7c0 00000007802d5e18
0x00007f3bf574f790:   0000000000000000 00000007802ca188
0x00007f3bf574f7a0:   00007f3bf574f760 00007f3bf574f7c0
0x00007f3bf574f7b0:   00007f3bf574f808 00007f3c11006706
0x00007f3bf574f7c0:   00000007d70c1628 00007f3bf574f7c8
0x00007f3bf574f7d0:   000000077fe3363b 00007f3bf574f818
0x00007f3bf574f7e0:   000000077fead880 0000000000000000
0x00007f3bf574f7f0:   000000077fe33648 00007f3bf574f7c0
0x00007f3bf574f800:   00007f3bf574f818 00007f3bf574f880
0x00007f3bf574f810:   00007f3c110004e7 00000007d70cec08
0x00007f3bf574f820:   00007f3b00001fa0 00007f3bf574fb40
0x00007f3bf574f830:   00007f3bf574f900 00007f3bf574fa60 

Instructions: (pc=0x00007f3bf6e0f793)
0x00007f3bf6e0f773:   8b 07 49 89 f5 49 8b 16 ff 90 28 03 00 00 48 83
0x00007f3bf6e0f783:   3d 1f 4b 23 00 00 48 89 c3 75 4a 48 85 c0 74 45
0x00007f3bf6e0f793:   48 8b 50 20 4c 8d 05 b2 3b 02 00 48 8d 0d d9 3f
0x00007f3bf6e0f7a3:   02 00 31 f6 4c 89 e7 31 c0 e8 87 35 ff ff 49 8b 

Register to memory mapping:

RAX=0x0000000000000001 is an unknown value
RBX=0x0000000000000001 is an unknown value
RCX=0x00007f3c1c0202e0: <offset 0x2182e0> in /lib/x86_64-linux-gnu/libpthread.so.0 at 0x00007f3c1be08000
RDX=0x0000000000000042 is an unknown value
RSP=0x00007f3bf574f640 is pointing into the stack for thread: 0x00007f3c14197000
RBP=0x00007f3bf574f660 is pointing into the stack for thread: 0x00007f3c14197000
RSI=0x00007f3c14177170 is a global jni handle
RDI=0x00007f3c141971e8 is an unknown value
R8 =0x0000000000000005 is an unknown value
R9 =0x000000077fea27d0 is an oop
java.lang.Object 
 - klass: 'java/lang/Object'
R10=0x0000000000000084 is an unknown value
R11=0x00007f3c1b5fb008: <offset 0xe3c008> in /usr/lib/jvm/java-7-oracle/jre/lib/amd64/server/libjvm.so at 0x00007f3c1a7bf000
R12=0x00007f3c141971e8 is an unknown value
R13=0x00007f3c14177170 is a global jni handle
R14=0x00007f3bf7044fc0: <offset 0x253fc0> in /usr/lib/jvm/java-7-oracle/jre/lib/amd64/xawt/libmawt.so at 0x00007f3bf6df1000
R15=0x00007f3c14197000 is a thread


Stack: [0x00007f3bf5650000,0x00007f3bf5751000],  sp=0x00007f3bf574f640,  free space=1021k
Native frames: (J=compiled Java code, j=interpreted, Vv=VM code, C=native code)
C  [libmawt.so+0x1e793]  getX11InputMethodData+0x43

Java frames: (J=compiled Java code, j=interpreted, Vv=VM code)
J  sun.awt.X11.XlibWrapper.XFilterEvent(JJ)Z
J  sun.awt.X11.XToolkit.run(Z)V
j  sun.awt.X11.XToolkit.run()V+5
j  java.lang.Thread.run()V+11
v  ~StubRoutines::call_stub

---------------  P R O C E S S  ---------------

Java Threads: ( => current thread )
  0x00007f3bc400c000 JavaThread "TimerQueue" daemon [_thread_blocked, id=8855, stack(0x00007f3bf481c000,0x00007f3bf491d000)]
  0x00007f3c14009800 JavaThread "DestroyJavaVM" [_thread_blocked, id=8836, stack(0x00007f3c1c122000,0x00007f3c1c223000)]
  0x00007f3c142e3000 JavaThread "AWT-EventQueue-0" [_thread_blocked, id=8854, stack(0x00007f3bf491d000,0x00007f3bf4a1e000)]
  0x00007f3c14225000 JavaThread "AWT-Shutdown" [_thread_blocked, id=8853, stack(0x00007f3bf554f000,0x00007f3bf5650000)]
=>0x00007f3c14197000 JavaThread "AWT-XAWT" daemon [_thread_in_native, id=8852, stack(0x00007f3bf5650000,0x00007f3bf5751000)]
  0x00007f3c14177800 JavaThread "Java2D Disposer" daemon [_thread_blocked, id=8851, stack(0x00007f3bf5b61000,0x00007f3bf5c62000)]
  0x00007f3c14097000 JavaThread "Service Thread" daemon [_thread_blocked, id=8849, stack(0x00007f3bf7419000,0x00007f3bf751a000)]
  0x00007f3c14094800 JavaThread "C2 CompilerThread1" daemon [_thread_blocked, id=8848, stack(0x00007f3bf751a000,0x00007f3bf761b000)]
  0x00007f3c14091800 JavaThread "C2 CompilerThread0" daemon [_thread_blocked, id=8847, stack(0x00007f3bf761b000,0x00007f3bf771c000)]
  0x00007f3c14087800 JavaThread "Signal Dispatcher" daemon [_thread_blocked, id=8846, stack(0x00007f3bf771c000,0x00007f3bf781d000)]
  0x00007f3c1406f800 JavaThread "Finalizer" daemon [_thread_blocked, id=8845, stack(0x00007f3bf7eff000,0x00007f3bf8000000)]
  0x00007f3c1406b800 JavaThread "Reference Handler" daemon [_thread_blocked, id=8844, stack(0x00007f3c0c05d000,0x00007f3c0c15e000)]

Other Threads:
  0x00007f3c14069800 VMThread [stack: 0x00007f3c0c15e000,0x00007f3c0c25f000] [id=8843]
  0x00007f3c140a1800 WatcherThread [stack: 0x00007f3bf7318000,0x00007f3bf7419000] [id=8850]

VM state:not at safepoint (normal execution)

VM Mutex/Monitor currently owned by a thread: None

Heap
 PSYoungGen      total 36864K, used 27491K [0x00000007d7000000, 0x00000007d9900000, 0x0000000800000000)
  eden space 31744K, 86% used [0x00000007d7000000,0x00000007d8ad8ff0,0x00000007d8f00000)
  from space 5120K, 0% used [0x00000007d9400000,0x00000007d9400000,0x00000007d9900000)
  to   space 5120K, 0% used [0x00000007d8f00000,0x00000007d8f00000,0x00000007d9400000)
 ParOldGen       total 83968K, used 0K [0x0000000785000000, 0x000000078a200000, 0x00000007d7000000)
  object space 83968K, 0% used [0x0000000785000000,0x0000000785000000,0x000000078a200000)
 PSPermGen       total 21504K, used 14983K [0x000000077fe00000, 0x0000000781300000, 0x0000000785000000)
  object space 21504K, 69% used [0x000000077fe00000,0x0000000780ca1c98,0x0000000781300000)

Card table byte_map: [0x00007f3c19021000,0x00007f3c19423000] byte_map_base: 0x00007f3c15422000

Polling page: 0x00007f3c1c244000

Code Cache  [0x00007f3c11000000, 0x00007f3c11270000, 0x00007f3c14000000)
 total_blobs=736 nmethods=228 adapters=461 free_code_cache=48177Kb largest_free_block=49308416

Compilation events (10 events):
Event: 20676.243 Thread 0x00007f3c14091800  234             java.lang.Long::hashCode (14 bytes)
Event: 20676.243 Thread 0x00007f3c14091800 nmethod 234 0x00007f3c110da2d0 code [0x00007f3c110da400, 0x00007f3c110da478]
Event: 29184.723 Thread 0x00007f3c14091800  235             java.util.ArrayList$Itr::<init> (6 bytes)
Event: 29184.723 Thread 0x00007f3c14094800  236             java.util.ArrayList$Itr::<init> (26 bytes)
Event: 29184.723 Thread 0x00007f3c14091800 nmethod 235 0x00007f3c110f7b50 code [0x00007f3c110f7c80, 0x00007f3c110f7d18]
Event: 29184.724 Thread 0x00007f3c14094800 nmethod 236 0x00007f3c110f78d0 code [0x00007f3c110f7a00, 0x00007f3c110f7a98]
Event: 29269.429 Thread 0x00007f3c14091800  237             java.util.ArrayList::iterator (10 bytes)
Event: 29269.430 Thread 0x00007f3c14091800 nmethod 237 0x00007f3c110f7610 code [0x00007f3c110f7760, 0x00007f3c110f7838]
Event: 30411.738 Thread 0x00007f3c14094800  238             java.util.Vector$Itr::hasNext (20 bytes)
Event: 30411.738 Thread 0x00007f3c14094800 nmethod 238 0x00007f3c110e8f10 code [0x00007f3c110e9040, 0x00007f3c110e90d8]

GC Heap History (0 events):
No events

Deoptimization events (10 events):
Event: 4.101 Thread 0x00007f3c142e3000 Uncommon trap: reason=class_check action=maybe_recompile pc=0x00007f3c11081558 method=java.lang.String.equals(Ljava/lang/Object;)Z @ 8
Event: 4.101 Thread 0x00007f3c142e3000 Uncommon trap: reason=class_check action=maybe_recompile pc=0x00007f3c11081558 method=java.lang.String.equals(Ljava/lang/Object;)Z @ 8
Event: 54.920 Thread 0x00007f3c142e3000 Uncommon trap: reason=class_check action=maybe_recompile pc=0x00007f3c110b026c method=java.awt.Toolkit$SelectiveAWTEventListener.eventDispatched(Ljava/awt/AWTEvent;)V @ 733
Event: 54.920 Thread 0x00007f3c142e3000 Uncommon trap: reason=class_check action=maybe_recompile pc=0x00007f3c110b026c method=java.awt.Toolkit$SelectiveAWTEventListener.eventDispatched(Ljava/awt/AWTEvent;)V @ 733
Event: 54.940 Thread 0x00007f3c142e3000 Uncommon trap: reason=class_check action=maybe_recompile pc=0x00007f3c110b026c method=java.awt.Toolkit$SelectiveAWTEventListener.eventDispatched(Ljava/awt/AWTEvent;)V @ 733
Event: 55.504 Thread 0x00007f3c142e3000 Uncommon trap: reason=class_check action=maybe_recompile pc=0x00007f3c110b026c method=java.awt.Toolkit$SelectiveAWTEventListener.eventDispatched(Ljava/awt/AWTEvent;)V @ 733
Event: 55.964 Thread 0x00007f3c14197000 Uncommon trap: reason=class_check action=maybe_recompile pc=0x00007f3c110bb27c method=sun.awt.X11.XWindow.handleMotionNotify(Lsun/awt/X11/XEvent;)V @ 12
Event: 55.974 Thread 0x00007f3c14197000 Uncommon trap: reason=class_check action=maybe_recompile pc=0x00007f3c110bb27c method=sun.awt.X11.XWindow.handleMotionNotify(Lsun/awt/X11/XEvent;)V @ 12
Event: 55.984 Thread 0x00007f3c14197000 Uncommon trap: reason=class_check action=maybe_recompile pc=0x00007f3c110bb27c method=sun.awt.X11.XWindow.handleMotionNotify(Lsun/awt/X11/XEvent;)V @ 12
Event: 55.994 Thread 0x00007f3c14197000 Uncommon trap: reason=class_check action=maybe_recompile pc=0x00007f3c110bb27c method=sun.awt.X11.XWindow.handleMotionNotify(Lsun/awt/X11/XEvent;)V @ 12

Internal exceptions (10 events):
Event: 49.041 Thread 0x00007f3c142e3000 Threw 0x00000007d8066118 at /HUDSON/workspace/7u-2-build-linux-amd64/jdk7u45/229/hotspot/src/share/vm/prims/jni.cpp:743
Event: 51.043 Thread 0x00007f3c142e3000 Threw 0x00000007d81be580 at /HUDSON/workspace/7u-2-build-linux-amd64/jdk7u45/229/hotspot/src/share/vm/prims/jni.cpp:743
Event: 54.867 Thread 0x00007f3c142e3000 Threw 0x00000007d820f148 at /HUDSON/workspace/7u-2-build-linux-amd64/jdk7u45/229/hotspot/src/share/vm/prims/jvm.cpp:1244
Event: 54.913 Thread 0x00007f3c142e3000 Threw 0x00000007d826be28 at /HUDSON/workspace/7u-2-build-linux-amd64/jdk7u45/229/hotspot/src/share/vm/prims/jvm.cpp:1244
Event: 54.914 Thread 0x00007f3c142e3000 Threw 0x00000007d826d9e0 at /HUDSON/workspace/7u-2-build-linux-amd64/jdk7u45/229/hotspot/src/share/vm/prims/jvm.cpp:1244
Event: 54.947 Thread 0x00007f3c142e3000 Threw 0x00000007d828b2a8 at /HUDSON/workspace/7u-2-build-linux-amd64/jdk7u45/229/hotspot/src/share/vm/prims/jni.cpp:743
Event: 57.678 Thread 0x00007f3c142e3000 Threw 0x00000007d8303090 at /HUDSON/workspace/7u-2-build-linux-amd64/jdk7u45/229/hotspot/src/share/vm/prims/jvm.cpp:1244
Event: 57.687 Thread 0x00007f3c142e3000 Threw 0x00000007d83141b8 at /HUDSON/workspace/7u-2-build-linux-amd64/jdk7u45/229/hotspot/src/share/vm/prims/jvm.cpp:1244
Event: 57.741 Thread 0x00007f3c142e3000 Threw 0x00000007d8330578 at /HUDSON/workspace/7u-2-build-linux-amd64/jdk7u45/229/hotspot/src/share/vm/prims/jni.cpp:743
Event: 68.901 Thread 0x00007f3c142e3000 Threw 0x00000007d8717708 at /HUDSON/workspace/7u-2-build-linux-amd64/jdk7u45/229/hotspot/src/share/vm/prims/jni.cpp:743

Events (10 events):
Event: 68.866 Executing VM operation: RevokeBias
Event: 68.866 Executing VM operation: RevokeBias done
Event: 68.898 Executing VM operation: RevokeBias
Event: 68.898 Executing VM operation: RevokeBias done
Event: 24249.406 loading class 0x00007f3be80515a0
Event: 24249.454 loading class 0x00007f3be80515a0 done
Event: 24249.454 loading class 0x00007f3be8051570
Event: 24249.537 loading class 0x00007f3be8051570 done
Event: 29184.723 loading class 0x00007f3c184e4ae0
Event: 29184.723 loading class 0x00007f3c184e4ae0 done


Dynamic libraries:
00400000-00401000 r-xp 00000000 08:02 23731676                           /usr/lib/jvm/java-7-oracle/bin/java
00600000-00601000 rw-p 00000000 08:02 23731676                           /usr/lib/jvm/java-7-oracle/bin/java
00da1000-00dc2000 rw-p 00000000 00:00 0                                  [heap]
77fe00000-781300000 rw-p 00000000 00:00 0 
781300000-785000000 rw-p 00000000 00:00 0 
785000000-78a200000 rw-p 00000000 00:00 0 
78a200000-7d7000000 rw-p 00000000 00:00 0 
7d7000000-7d9900000 rw-p 00000000 00:00 0 
7d9900000-800000000 rw-p 00000000 00:00 0 
7f3bbc000000-7f3bbc021000 rw-p 00000000 00:00 0 
7f3bbc021000-7f3bc0000000 ---p 00000000 00:00 0 
7f3bc4000000-7f3bc4209000 rw-p 00000000 00:00 0 
7f3bc4209000-7f3bc8000000 ---p 00000000 00:00 0 
7f3bc8000000-7f3bc8021000 rw-p 00000000 00:00 0 
7f3bc8021000-7f3bcc000000 ---p 00000000 00:00 0 
7f3bcc000000-7f3bcc039000 rw-p 00000000 00:00 0 
7f3bcc039000-7f3bd0000000 ---p 00000000 00:00 0 
7f3bd0000000-7f3bd0021000 rw-p 00000000 00:00 0 
7f3bd0021000-7f3bd4000000 ---p 00000000 00:00 0 
7f3bd4000000-7f3bd4021000 rw-p 00000000 00:00 0 
7f3bd4021000-7f3bd8000000 ---p 00000000 00:00 0 
7f3bd8000000-7f3bd8021000 rw-p 00000000 00:00 0 
7f3bd8021000-7f3bdc000000 ---p 00000000 00:00 0 
7f3bdc000000-7f3bdc56b000 rw-p 00000000 00:00 0 
7f3bdc56b000-7f3be0000000 ---p 00000000 00:00 0 
7f3be0000000-7f3be0021000 rw-p 00000000 00:00 0 
7f3be0021000-7f3be4000000 ---p 00000000 00:00 0 
7f3be4000000-7f3be4021000 rw-p 00000000 00:00 0 
7f3be4021000-7f3be8000000 ---p 00000000 00:00 0 
7f3be8000000-7f3be8978000 rw-p 00000000 00:00 0 
7f3be8978000-7f3bec000000 ---p 00000000 00:00 0 
7f3bec000000-7f3bec021000 rw-p 00000000 00:00 0 
7f3bec021000-7f3bf0000000 ---p 00000000 00:00 0 
7f3bf0000000-7f3bf0021000 rw-p 00000000 00:00 0 
7f3bf0021000-7f3bf4000000 ---p 00000000 00:00 0 
7f3bf471b000-7f3bf471e000 ---p 00000000 00:00 0 
7f3bf471e000-7f3bf481c000 rw-p 00000000 00:00 0 
7f3bf481c000-7f3bf481f000 ---p 00000000 00:00 0 
7f3bf481f000-7f3bf491d000 rw-p 00000000 00:00 0                          [stack:8855]
7f3bf491d000-7f3bf4920000 ---p 00000000 00:00 0 
7f3bf4920000-7f3bf4a1e000 rw-p 00000000 00:00 0                          [stack:8854]
7f3bf4a1e000-7f3bf4a86000 r-xp 00000000 08:02 23730294                   /usr/lib/jvm/java-7-oracle/jre/lib/amd64/libt2k.so
7f3bf4a86000-7f3bf4c86000 ---p 00068000 08:02 23730294                   /usr/lib/jvm/java-7-oracle/jre/lib/amd64/libt2k.so
7f3bf4c86000-7f3bf4c8d000 rw-p 00068000 08:02 23730294                   /usr/lib/jvm/java-7-oracle/jre/lib/amd64/libt2k.so
7f3bf4c8d000-7f3bf4c9d000 rw-p 00000000 00:00 0 
7f3bf4c9d000-7f3bf4cad000 r-xp 00000000 08:02 23730276                   /usr/lib/jvm/java-7-oracle/jre/lib/amd64/libnio.so
7f3bf4cad000-7f3bf4ead000 ---p 00010000 08:02 23730276                   /usr/lib/jvm/java-7-oracle/jre/lib/amd64/libnio.so
7f3bf4ead000-7f3bf4eae000 rw-p 00010000 08:02 23730276                   /usr/lib/jvm/java-7-oracle/jre/lib/amd64/libnio.so
7f3bf4eae000-7f3bf4ec4000 r-xp 00000000 08:02 23730296                   /usr/lib/jvm/java-7-oracle/jre/lib/amd64/libnet.so
7f3bf4ec4000-7f3bf50c4000 ---p 00016000 08:02 23730296                   /usr/lib/jvm/java-7-oracle/jre/lib/amd64/libnet.so
7f3bf50c4000-7f3bf50c5000 rw-p 00016000 08:02 23730296                   /usr/lib/jvm/java-7-oracle/jre/lib/amd64/libnet.so
7f3bf50c5000-7f3bf50da000 r-xp 00000000 08:02 6291564                    /lib/x86_64-linux-gnu/libgcc_s.so.1
7f3bf50da000-7f3bf52d9000 ---p 00015000 08:02 6291564                    /lib/x86_64-linux-gnu/libgcc_s.so.1
7f3bf52d9000-7f3bf52da000 r--p 00014000 08:02 6291564                    /lib/x86_64-linux-gnu/libgcc_s.so.1
7f3bf52da000-7f3bf52db000 rw-p 00015000 08:02 6291564                    /lib/x86_64-linux-gnu/libgcc_s.so.1
7f3bf52db000-7f3bf533b000 r-xp 00000000 08:02 23731572                   /usr/lib/jvm/java-7-oracle/jre/lib/amd64/libfontmanager.so
7f3bf533b000-7f3bf553a000 ---p 00060000 08:02 23731572                   /usr/lib/jvm/java-7-oracle/jre/lib/amd64/libfontmanager.so
7f3bf553a000-7f3bf553e000 rw-p 0005f000 08:02 23731572                   /usr/lib/jvm/java-7-oracle/jre/lib/amd64/libfontmanager.so
7f3bf553e000-7f3bf554f000 rw-p 00000000 00:00 0 
7f3bf554f000-7f3bf5552000 ---p 00000000 00:00 0 
7f3bf5552000-7f3bf5650000 rw-p 00000000 00:00 0                          [stack:8853]
7f3bf5650000-7f3bf5653000 ---p 00000000 00:00 0 
7f3bf5653000-7f3bf5751000 rw-p 00000000 00:00 0                          [stack:8852]
7f3bf5751000-7f3bf5756000 r-xp 00000000 08:02 22158856                   /usr/lib/x86_64-linux-gnu/libXfixes.so.3.1.0
7f3bf5756000-7f3bf5955000 ---p 00005000 08:02 22158856                   /usr/lib/x86_64-linux-gnu/libXfixes.so.3.1.0
7f3bf5955000-7f3bf5956000 r--p 00004000 08:02 22158856                   /usr/lib/x86_64-linux-gnu/libXfixes.so.3.1.0
7f3bf5956000-7f3bf5957000 rw-p 00005000 08:02 22158856                   /usr/lib/x86_64-linux-gnu/libXfixes.so.3.1.0
7f3bf5957000-7f3bf5960000 r-xp 00000000 08:02 22158848                   /usr/lib/x86_64-linux-gnu/libXcursor.so.1.0.2
7f3bf5960000-7f3bf5b5f000 ---p 00009000 08:02 22158848                   /usr/lib/x86_64-linux-gnu/libXcursor.so.1.0.2
7f3bf5b5f000-7f3bf5b60000 r--p 00008000 08:02 22158848                   /usr/lib/x86_64-linux-gnu/libXcursor.so.1.0.2
7f3bf5b60000-7f3bf5b61000 rw-p 00009000 08:02 22158848                   /usr/lib/x86_64-linux-gnu/libXcursor.so.1.0.2
7f3bf5b61000-7f3bf5b64000 ---p 00000000 00:00 0 
7f3bf5b64000-7f3bf5c62000 rw-p 00000000 00:00 0                          [stack:8851]
7f3bf5c62000-7f3bf5c67000 r-xp 00000000 08:02 22158852                   /usr/lib/x86_64-linux-gnu/libXdmcp.so.6.0.0
7f3bf5c67000-7f3bf5e66000 ---p 00005000 08:02 22158852                   /usr/lib/x86_64-linux-gnu/libXdmcp.so.6.0.0
7f3bf5e66000-7f3bf5e67000 r--p 00004000 08:02 22158852                   /usr/lib/x86_64-linux-gnu/libXdmcp.so.6.0.0
7f3bf5e67000-7f3bf5e68000 rw-p 00005000 08:02 22158852                   /usr/lib/x86_64-linux-gnu/libXdmcp.so.6.0.0
7f3bf5e68000-7f3bf5e6a000 r-xp 00000000 08:02 22158841                   /usr/lib/x86_64-linux-gnu/libXau.so.6.0.0
7f3bf5e6a000-7f3bf606a000 ---p 00002000 08:02 22158841                   /usr/lib/x86_64-linux-gnu/libXau.so.6.0.0
7f3bf606a000-7f3bf606b000 r--p 00002000 08:02 22158841                   /usr/lib/x86_64-linux-gnu/libXau.so.6.0.0
7f3bf606b000-7f3bf606c000 rw-p 00003000 08:02 22158841                   /usr/lib/x86_64-linux-gnu/libXau.so.6.0.0
7f3bf606c000-7f3bf6089000 r-xp 00000000 08:02 22159793                   /usr/lib/x86_64-linux-gnu/libxcb.so.1.1.0
7f3bf6089000-7f3bf6288000 ---p 0001d000 08:02 22159793                   /usr/lib/x86_64-linux-gnu/libxcb.so.1.1.0
7f3bf6288000-7f3bf6289000 r--p 0001c000 08:02 22159793                   /usr/lib/x86_64-linux-gnu/libxcb.so.1.1.0
7f3bf6289000-7f3bf628a000 rw-p 0001d000 08:02 22159793                   /usr/lib/x86_64-linux-gnu/libxcb.so.1.1.0
7f3bf628a000-7f3bf6299000 r-xp 00000000 08:02 22158862                   /usr/lib/x86_64-linux-gnu/libXi.so.6.1.0
7f3bf6299000-7f3bf6498000 ---p 0000f000 08:02 22158862                   /usr/lib/x86_64-linux-gnu/libXi.so.6.1.0
7f3bf6498000-7f3bf6499000 r--p 0000e000 08:02 22158862                   /usr/lib/x86_64-linux-gnu/libXi.so.6.1.0
7f3bf6499000-7f3bf649a000 rw-p 0000f000 08:02 22158862                   /usr/lib/x86_64-linux-gnu/libXi.so.6.1.0
7f3bf649a000-7f3bf649f000 r-xp 00000000 08:02 22158880                   /usr/lib/x86_64-linux-gnu/libXtst.so.6.1.0
7f3bf649f000-7f3bf669e000 ---p 00005000 08:02 22158880                   /usr/lib/x86_64-linux-gnu/libXtst.so.6.1.0
7f3bf669e000-7f3bf669f000 r--p 00004000 08:02 22158880                   /usr/lib/x86_64-linux-gnu/libXtst.so.6.1.0
7f3bf669f000-7f3bf66a0000 rw-p 00005000 08:02 22158880                   /usr/lib/x86_64-linux-gnu/libXtst.so.6.1.0
7f3bf66a0000-7f3bf66a9000 r-xp 00000000 08:02 22158876                   /usr/lib/x86_64-linux-gnu/libXrender.so.1.3.0
7f3bf66a9000-7f3bf68a8000 ---p 00009000 08:02 22158876                   /usr/lib/x86_64-linux-gnu/libXrender.so.1.3.0
7f3bf68a8000-7f3bf68a9000 r--p 00008000 08:02 22158876                   /usr/lib/x86_64-linux-gnu/libXrender.so.1.3.0
7f3bf68a9000-7f3bf68aa000 rw-p 00009000 08:02 22158876                   /usr/lib/x86_64-linux-gnu/libXrender.so.1.3.0
7f3bf68aa000-7f3bf69da000 r-xp 00000000 08:02 22158837                   /usr/lib/x86_64-linux-gnu/libX11.so.6.3.0
7f3bf69da000-7f3bf6bda000 ---p 00130000 08:02 22158837                   /usr/lib/x86_64-linux-gnu/libX11.so.6.3.0
7f3bf6bda000-7f3bf6bdb000 r--p 00130000 08:02 22158837                   /usr/lib/x86_64-linux-gnu/libX11.so.6.3.0
7f3bf6bdb000-7f3bf6bdf000 rw-p 00131000 08:02 22158837                   /usr/lib/x86_64-linux-gnu/libX11.so.6.3.0
7f3bf6bdf000-7f3bf6bf0000 r-xp 00000000 08:02 22158854                   /usr/lib/x86_64-linux-gnu/libXext.so.6.4.0
7f3bf6bf0000-7f3bf6def000 ---p 00011000 08:02 22158854                   /usr/lib/x86_64-linux-gnu/libXext.so.6.4.0
7f3bf6def000-7f3bf6df0000 r--p 00010000 08:02 22158854                   /usr/lib/x86_64-linux-gnu/libXext.so.6.4.0
7f3bf6df0000-7f3bf6df1000 rw-p 00011000 08:02 22158854                   /usr/lib/x86_64-linux-gnu/libXext.so.6.4.0
7f3bf6df1000-7f3bf6e41000 r-xp 00000000 08:02 23731558                   /usr/lib/jvm/java-7-oracle/jre/lib/amd64/xawt/libmawt.so
7f3bf6e41000-7f3bf7041000 ---p 00050000 08:02 23731558                   /usr/lib/jvm/java-7-oracle/jre/lib/amd64/xawt/libmawt.so
7f3bf7041000-7f3bf7045000 rw-p 00050000 08:02 23731558                   /usr/lib/jvm/java-7-oracle/jre/lib/amd64/xawt/libmawt.so
7f3bf7045000-7f3bf7046000 rw-p 00000000 00:00 0 
7f3bf7046000-7f3bf70e8000 r-xp 00000000 08:02 23730275                   /usr/lib/jvm/java-7-oracle/jre/lib/amd64/libawt.so
7f3bf70e8000-7f3bf72e8000 ---p 000a2000 08:02 23730275                   /usr/lib/jvm/java-7-oracle/jre/lib/amd64/libawt.so
7f3bf72e8000-7f3bf72f4000 rw-p 000a2000 08:02 23730275                   /usr/lib/jvm/java-7-oracle/jre/lib/amd64/libawt.so
7f3bf72f4000-7f3bf7318000 rw-p 00000000 00:00 0 
7f3bf7318000-7f3bf7319000 ---p 00000000 00:00 0 
7f3bf7319000-7f3bf7419000 rw-p 00000000 00:00 0                          [stack:8850]
7f3bf7419000-7f3bf741c000 ---p 00000000 00:00 0 
7f3bf741c000-7f3bf751a000 rw-p 00000000 00:00 0                          [stack:8849]
7f3bf751a000-7f3bf751d000 ---p 00000000 00:00 0 
7f3bf751d000-7f3bf761b000 rw-p 00000000 00:00 0                          [stack:8848]
7f3bf761b000-7f3bf761e000 ---p 00000000 00:00 0 
7f3bf761e000-7f3bf771c000 rw-p 00000000 00:00 0                          [stack:8847]
7f3bf771c000-7f3bf771f000 ---p 00000000 00:00 0 
7f3bf771f000-7f3bf781d000 rw-p 00000000 00:00 0                          [stack:8846]
7f3bf781d000-7f3bf7eff000 r--p 00000000 08:02 22157871                   /usr/lib/locale/locale-archive
7f3bf7eff000-7f3bf7f02000 ---p 00000000 00:00 0 
7f3bf7f02000-7f3bf8000000 rw-p 00000000 00:00 0                          [stack:8845]
7f3bf8000000-7f3bf8021000 rw-p 00000000 00:00 0 
7f3bf8021000-7f3bfc000000 ---p 00000000 00:00 0 
7f3bfc000000-7f3bfc021000 rw-p 00000000 00:00 0 
7f3bfc021000-7f3c00000000 ---p 00000000 00:00 0 
7f3c00000000-7f3c00021000 rw-p 00000000 00:00 0 
7f3c00021000-7f3c04000000 ---p 00000000 00:00 0 
7f3c04000000-7f3c04021000 rw-p 00000000 00:00 0 
7f3c04021000-7f3c08000000 ---p 00000000 00:00 0 
7f3c08000000-7f3c08021000 rw-p 00000000 00:00 0 
7f3c08021000-7f3c0c000000 ---p 00000000 00:00 0 
7f3c0c000000-7f3c0c05d000 rw-p 00000000 00:00 0 
7f3c0c05d000-7f3c0c060000 ---p 00000000 00:00 0 
7f3c0c060000-7f3c0c15e000 rw-p 00000000 00:00 0                          [stack:8844]
7f3c0c15e000-7f3c0c15f000 ---p 00000000 00:00 0 
7f3c0c15f000-7f3c11000000 rw-p 00000000 00:00 0                          [stack:8843]
7f3c11000000-7f3c11270000 rwxp 00000000 00:00 0 
7f3c11270000-7f3c142e4000 rw-p 00000000 00:00 0 
7f3c142e4000-7f3c18000000 ---p 00000000 00:00 0 
7f3c18006000-7f3c18010000 r--s 00250000 08:02 23205099                   /usr/lib/jvm/java-7-oracle/jre/lib/resources.jar
7f3c18010000-7f3c18017000 r--s 00000000 08:02 22545731                   /usr/lib/x86_64-linux-gnu/gconv/gconv-modules.cache
7f3c18017000-7f3c18285000 rw-p 00000000 00:00 0 
7f3c18285000-7f3c18441000 r--s 039b2000 08:02 23205090                   /usr/lib/jvm/java-7-oracle/jre/lib/rt.jar
7f3c18441000-7f3c18964000 rw-p 00000000 00:00 0 
7f3c18964000-7f3c18965000 ---p 00000000 00:00 0 
7f3c18965000-7f3c18a65000 rw-p 00000000 00:00 0                          [stack:8841]
7f3c18a65000-7f3c18a66000 ---p 00000000 00:00 0 
7f3c18a66000-7f3c18b66000 rw-p 00000000 00:00 0                          [stack:8840]
7f3c18b66000-7f3c18b67000 ---p 00000000 00:00 0 
7f3c18b67000-7f3c18c67000 rw-p 00000000 00:00 0                          [stack:8839]
7f3c18c67000-7f3c18c68000 ---p 00000000 00:00 0 
7f3c18c68000-7f3c18d73000 rw-p 00000000 00:00 0                          [stack:8838]
7f3c18d73000-7f3c18d91000 rw-p 00000000 00:00 0 
7f3c18d91000-7f3c18dba000 rw-p 00000000 00:00 0 
7f3c18dba000-7f3c19021000 rw-p 00000000 00:00 0 
7f3c19021000-7f3c1902c000 rw-p 00000000 00:00 0 
7f3c1902c000-7f3c1904a000 rw-p 00000000 00:00 0 
7f3c1904a000-7f3c19073000 rw-p 00000000 00:00 0 
7f3c19073000-7f3c192da000 rw-p 00000000 00:00 0 
7f3c192da000-7f3c192ef000 rw-p 00000000 00:00 0 
7f3c192ef000-7f3c19422000 rw-p 00000000 00:00 0 
7f3c19422000-7f3c19423000 rw-p 00000000 00:00 0 
7f3c19423000-7f3c1943d000 r-xp 00000000 08:02 23731560                   /usr/lib/jvm/java-7-oracle/jre/lib/amd64/libzip.so
7f3c1943d000-7f3c1963d000 ---p 0001a000 08:02 23731560                   /usr/lib/jvm/java-7-oracle/jre/lib/amd64/libzip.so
7f3c1963d000-7f3c1963e000 rw-p 0001a000 08:02 23731560                   /usr/lib/jvm/java-7-oracle/jre/lib/amd64/libzip.so
7f3c1963e000-7f3c1964a000 r-xp 00000000 08:02 6295399                    /lib/x86_64-linux-gnu/libnss_files-2.17.so
7f3c1964a000-7f3c19849000 ---p 0000c000 08:02 6295399                    /lib/x86_64-linux-gnu/libnss_files-2.17.so
7f3c19849000-7f3c1984a000 r--p 0000b000 08:02 6295399                    /lib/x86_64-linux-gnu/libnss_files-2.17.so
7f3c1984a000-7f3c1984b000 rw-p 0000c000 08:02 6295399                    /lib/x86_64-linux-gnu/libnss_files-2.17.so
7f3c1984b000-7f3c19856000 r-xp 00000000 08:02 6295403                    /lib/x86_64-linux-gnu/libnss_nis-2.17.so
7f3c19856000-7f3c19a55000 ---p 0000b000 08:02 6295403                    /lib/x86_64-linux-gnu/libnss_nis-2.17.so
7f3c19a55000-7f3c19a56000 r--p 0000a000 08:02 6295403                    /lib/x86_64-linux-gnu/libnss_nis-2.17.so
7f3c19a56000-7f3c19a57000 rw-p 0000b000 08:02 6295403                    /lib/x86_64-linux-gnu/libnss_nis-2.17.so
7f3c19a57000-7f3c19a6e000 r-xp 00000000 08:02 6295393                    /lib/x86_64-linux-gnu/libnsl-2.17.so
7f3c19a6e000-7f3c19c6d000 ---p 00017000 08:02 6295393                    /lib/x86_64-linux-gnu/libnsl-2.17.so
7f3c19c6d000-7f3c19c6e000 r--p 00016000 08:02 6295393                    /lib/x86_64-linux-gnu/libnsl-2.17.so
7f3c19c6e000-7f3c19c6f000 rw-p 00017000 08:02 6295393                    /lib/x86_64-linux-gnu/libnsl-2.17.so
7f3c19c6f000-7f3c19c71000 rw-p 00000000 00:00 0 
7f3c19c71000-7f3c19c79000 r-xp 00000000 08:02 6295395                    /lib/x86_64-linux-gnu/libnss_compat-2.17.so
7f3c19c79000-7f3c19e78000 ---p 00008000 08:02 6295395                    /lib/x86_64-linux-gnu/libnss_compat-2.17.so
7f3c19e78000-7f3c19e79000 r--p 00007000 08:02 6295395                    /lib/x86_64-linux-gnu/libnss_compat-2.17.so
7f3c19e79000-7f3c19e7a000 rw-p 00008000 08:02 6295395                    /lib/x86_64-linux-gnu/libnss_compat-2.17.so
7f3c19e7a000-7f3c19ea3000 r-xp 00000000 08:02 23730308                   /usr/lib/jvm/java-7-oracle/jre/lib/amd64/libjava.so
7f3c19ea3000-7f3c1a0a3000 ---p 00029000 08:02 23730308                   /usr/lib/jvm/java-7-oracle/jre/lib/amd64/libjava.so
7f3c1a0a3000-7f3c1a0a5000 rw-p 00029000 08:02 23730308                   /usr/lib/jvm/java-7-oracle/jre/lib/amd64/libjava.so
7f3c1a0a5000-7f3c1a0b2000 r-xp 00000000 08:02 23731573                   /usr/lib/jvm/java-7-oracle/jre/lib/amd64/libverify.so
7f3c1a0b2000-7f3c1a2b1000 ---p 0000d000 08:02 23731573                   /usr/lib/jvm/java-7-oracle/jre/lib/amd64/libverify.so
7f3c1a2b1000-7f3c1a2b3000 rw-p 0000c000 08:02 23731573                   /usr/lib/jvm/java-7-oracle/jre/lib/amd64/libverify.so
7f3c1a2b3000-7f3c1a2ba000 r-xp 00000000 08:02 6295446                    /lib/x86_64-linux-gnu/librt-2.17.so
7f3c1a2ba000-7f3c1a4b9000 ---p 00007000 08:02 6295446                    /lib/x86_64-linux-gnu/librt-2.17.so
7f3c1a4b9000-7f3c1a4ba000 r--p 00006000 08:02 6295446                    /lib/x86_64-linux-gnu/librt-2.17.so
7f3c1a4ba000-7f3c1a4bb000 rw-p 00007000 08:02 6295446                    /lib/x86_64-linux-gnu/librt-2.17.so
7f3c1a4bb000-7f3c1a5be000 r-xp 00000000 08:02 6295374                    /lib/x86_64-linux-gnu/libm-2.17.so
7f3c1a5be000-7f3c1a7bd000 ---p 00103000 08:02 6295374                    /lib/x86_64-linux-gnu/libm-2.17.so
7f3c1a7bd000-7f3c1a7be000 r--p 00102000 08:02 6295374                    /lib/x86_64-linux-gnu/libm-2.17.so
7f3c1a7be000-7f3c1a7bf000 rw-p 00103000 08:02 6295374                    /lib/x86_64-linux-gnu/libm-2.17.so
7f3c1a7bf000-7f3c1b321000 r-xp 00000000 08:02 23730284                   /usr/lib/jvm/java-7-oracle/jre/lib/amd64/server/libjvm.so
7f3c1b321000-7f3c1b521000 ---p 00b62000 08:02 23730284                   /usr/lib/jvm/java-7-oracle/jre/lib/amd64/server/libjvm.so
7f3c1b521000-7f3c1b5e4000 rw-p 00b62000 08:02 23730284                   /usr/lib/jvm/java-7-oracle/jre/lib/amd64/server/libjvm.so
7f3c1b5e4000-7f3c1b625000 rw-p 00000000 00:00 0 
7f3c1b625000-7f3c1b7e2000 r-xp 00000000 08:02 6295323                    /lib/x86_64-linux-gnu/libc-2.17.so
7f3c1b7e2000-7f3c1b9e2000 ---p 001bd000 08:02 6295323                    /lib/x86_64-linux-gnu/libc-2.17.so
7f3c1b9e2000-7f3c1b9e6000 r--p 001bd000 08:02 6295323                    /lib/x86_64-linux-gnu/libc-2.17.so
7f3c1b9e6000-7f3c1b9e8000 rw-p 001c1000 08:02 6295323                    /lib/x86_64-linux-gnu/libc-2.17.so
7f3c1b9e8000-7f3c1b9ed000 rw-p 00000000 00:00 0 
7f3c1b9ed000-7f3c1b9f0000 r-xp 00000000 08:02 6295338                    /lib/x86_64-linux-gnu/libdl-2.17.so
7f3c1b9f0000-7f3c1bbef000 ---p 00003000 08:02 6295338                    /lib/x86_64-linux-gnu/libdl-2.17.so
7f3c1bbef000-7f3c1bbf0000 r--p 00002000 08:02 6295338                    /lib/x86_64-linux-gnu/libdl-2.17.so
7f3c1bbf0000-7f3c1bbf1000 rw-p 00003000 08:02 6295338                    /lib/x86_64-linux-gnu/libdl-2.17.so
7f3c1bbf1000-7f3c1bc07000 r-xp 00000000 08:02 23868441                   /usr/lib/jvm/java-7-oracle/lib/amd64/jli/libjli.so
7f3c1bc07000-7f3c1be07000 ---p 00016000 08:02 23868441                   /usr/lib/jvm/java-7-oracle/lib/amd64/jli/libjli.so
7f3c1be07000-7f3c1be08000 rw-p 00016000 08:02 23868441                   /usr/lib/jvm/java-7-oracle/lib/amd64/jli/libjli.so
7f3c1be08000-7f3c1be1f000 r-xp 00000000 08:02 6295438                    /lib/x86_64-linux-gnu/libpthread-2.17.so
7f3c1be1f000-7f3c1c01f000 ---p 00017000 08:02 6295438                    /lib/x86_64-linux-gnu/libpthread-2.17.so
7f3c1c01f000-7f3c1c020000 r--p 00017000 08:02 6295438                    /lib/x86_64-linux-gnu/libpthread-2.17.so
7f3c1c020000-7f3c1c021000 rw-p 00018000 08:02 6295438                    /lib/x86_64-linux-gnu/libpthread-2.17.so
7f3c1c021000-7f3c1c025000 rw-p 00000000 00:00 0 
7f3c1c025000-7f3c1c048000 r-xp 00000000 08:02 6295299                    /lib/x86_64-linux-gnu/ld-2.17.so
7f3c1c049000-7f3c1c04d000 r--s 0008a000 08:02 23205078                   /usr/lib/jvm/java-7-oracle/jre/lib/jsse.jar
7f3c1c04d000-7f3c1c062000 r--p 00000000 08:02 22550278                   /usr/share/locale-langpack/zh_CN/LC_MESSAGES/libc.mo
7f3c1c062000-7f3c1c06c000 rw-p 00000000 00:00 0 
7f3c1c06c000-7f3c1c122000 rw-p 00000000 00:00 0 
7f3c1c122000-7f3c1c125000 ---p 00000000 00:00 0 
7f3c1c125000-7f3c1c227000 rw-p 00000000 00:00 0                          [stack:8836]
7f3c1c228000-7f3c1c229000 rw-p 00000000 00:00 0 
7f3c1c229000-7f3c1c22d000 r--s 000f7000 08:02 23615292                   /usr/lib/jvm/java-7-oracle/jre/lib/ext/localedata.jar
7f3c1c22d000-7f3c1c230000 r--s 0005e000 08:02 20062051                   /home/mtcle/javawork/mysqldriver.jar
7f3c1c230000-7f3c1c23b000 r--s 0037c000 08:02 23205070                   /usr/lib/jvm/java-7-oracle/jre/lib/charsets.jar
7f3c1c23b000-7f3c1c243000 rw-s 00000000 08:02 25036917                   /tmp/hsperfdata_mtcle/8833
7f3c1c243000-7f3c1c244000 rw-p 00000000 00:00 0 
7f3c1c244000-7f3c1c245000 r--p 00000000 00:00 0 
7f3c1c245000-7f3c1c247000 rw-p 00000000 00:00 0 
7f3c1c247000-7f3c1c248000 r--p 00022000 08:02 6295299                    /lib/x86_64-linux-gnu/ld-2.17.so
7f3c1c248000-7f3c1c24a000 rw-p 00023000 08:02 6295299                    /lib/x86_64-linux-gnu/ld-2.17.so
7fff21c3d000-7fff21c5e000 rw-p 00000000 00:00 0                          [stack]
7fff21d98000-7fff21d9a000 r-xp 00000000 00:00 0                          [vdso]
ffffffffff600000-ffffffffff601000 r-xp 00000000 00:00 0                  [vsyscall]

VM Arguments:
jvm_args: -Dfile.encoding=UTF-8 
java_command: Gui.Main
Launcher Type: SUN_STANDARD

Environment Variables:
PATH=/usr/lib/lightdm/lightdm:/usr/local/sbin:/usr/local/bin:/usr/sbin:/usr/bin:/sbin:/bin:/usr/games:/usr/local/games
SHELL=/bin/bash
DISPLAY=:0

Signal Handlers:
SIGSEGV: [libjvm.so+0x9935b0], sa_mask[0]=0x7ffbfeff, sa_flags=0x10000004
SIGBUS: [libjvm.so+0x9935b0], sa_mask[0]=0x7ffbfeff, sa_flags=0x10000004
SIGFPE: [libjvm.so+0x810330], sa_mask[0]=0x7ffbfeff, sa_flags=0x10000004
SIGPIPE: [libjvm.so+0x810330], sa_mask[0]=0x7ffbfeff, sa_flags=0x10000004
SIGXFSZ: [libjvm.so+0x810330], sa_mask[0]=0x7ffbfeff, sa_flags=0x10000004
SIGILL: [libjvm.so+0x810330], sa_mask[0]=0x7ffbfeff, sa_flags=0x10000004
SIGUSR1: SIG_DFL, sa_mask[0]=0x00000000, sa_flags=0x00000000
SIGUSR2: [libjvm.so+0x811820], sa_mask[0]=0x00000004, sa_flags=0x10000004
SIGHUP: [libjvm.so+0x812790], sa_mask[0]=0x7ffbfeff, sa_flags=0x10000004
SIGINT: [libjvm.so+0x812790], sa_mask[0]=0x7ffbfeff, sa_flags=0x10000004
SIGTERM: [libjvm.so+0x812790], sa_mask[0]=0x7ffbfeff, sa_flags=0x10000004
SIGQUIT: [libjvm.so+0x812790], sa_mask[0]=0x7ffbfeff, sa_flags=0x10000004


---------------  S Y S T E M  ---------------

OS:wheezy/sid

uname:Linux 3.11.0-15-generic #23-Ubuntu SMP Mon Dec 9 18:17:04 UTC 2013 x86_64
libc:glibc 2.17 NPTL 2.17 
rlimit: STACK 8192k, CORE 0k, NPROC 61233, NOFILE 4096, AS infinity
load average:1.04 0.97 0.87

/proc/meminfo:
MemTotal:        8060072 kB
MemFree:          762532 kB
Buffers:          151716 kB
Cached:          3078720 kB
SwapCached:            0 kB
Active:          2542028 kB
Inactive:        2171856 kB
Active(anon):    1431388 kB
Inactive(anon):   965172 kB
Active(file):    1110640 kB
Inactive(file):  1206684 kB
Unevictable:          32 kB
Mlocked:              32 kB
SwapTotal:       8270844 kB
SwapFree:        8270692 kB
Dirty:               804 kB
Writeback:             0 kB
AnonPages:       1483392 kB
Mapped:          2658040 kB
Shmem:            913196 kB
Slab:             198708 kB
SReclaimable:     137584 kB
SUnreclaim:        61124 kB
KernelStack:        6608 kB
PageTables:        43600 kB
NFS_Unstable:          0 kB
Bounce:                0 kB
WritebackTmp:          0 kB
CommitLimit:    12300880 kB
Committed_AS:   10033856 kB
VmallocTotal:   34359738367 kB
VmallocUsed:      441964 kB
VmallocChunk:   34359292148 kB
HardwareCorrupted:     0 kB
AnonHugePages:         0 kB
HugePages_Total:       0
HugePages_Free:        0
HugePages_Rsvd:        0
HugePages_Surp:        0
Hugepagesize:       2048 kB
DirectMap4k:       66556 kB
DirectMap2M:     8212480 kB


CPU:total 4 (4 cores per cpu, 1 threads per core) family 6 model 58 stepping 9, cmov, cx8, fxsr, mmx, sse, sse2, sse3, ssse3, sse4.1, sse4.2, popcnt, avx, aes, erms, tsc, tscinvbit, tscinv

/proc/cpuinfo:
processor	: 0
vendor_id	: GenuineIntel
cpu family	: 6
model		: 58
model name	: Intel(R) Core(TM) i5-3470 CPU @ 3.20GHz
stepping	: 9
microcode	: 0x19
cpu MHz		: 3201.000
cache size	: 6144 KB
physical id	: 0
siblings	: 4
core id		: 0
cpu cores	: 4
apicid		: 0
initial apicid	: 0
fpu		: yes
fpu_exception	: yes
cpuid level	: 13
wp		: yes
flags		: fpu vme de pse tsc msr pae mce cx8 apic sep mtrr pge mca cmov pat pse36 clflush dts acpi mmx fxsr sse sse2 ss ht tm pbe syscall nx rdtscp lm constant_tsc arch_perfmon pebs bts rep_good nopl xtopology nonstop_tsc aperfmperf eagerfpu pni pclmulqdq dtes64 monitor ds_cpl vmx smx est tm2 ssse3 cx16 xtpr pdcm pcid sse4_1 sse4_2 x2apic popcnt tsc_deadline_timer aes xsave avx f16c rdrand lahf_lm ida arat epb xsaveopt pln pts dtherm tpr_shadow vnmi flexpriority ept vpid fsgsbase smep erms
bogomips	: 6385.37
clflush size	: 64
cache_alignment	: 64
address sizes	: 36 bits physical, 48 bits virtual
power management:

processor	: 1
vendor_id	: GenuineIntel
cpu family	: 6
model		: 58
model name	: Intel(R) Core(TM) i5-3470 CPU @ 3.20GHz
stepping	: 9
microcode	: 0x19
cpu MHz		: 2500.000
cache size	: 6144 KB
physical id	: 0
siblings	: 4
core id		: 1
cpu cores	: 4
apicid		: 2
initial apicid	: 2
fpu		: yes
fpu_exception	: yes
cpuid level	: 13
wp		: yes
flags		: fpu vme de pse tsc msr pae mce cx8 apic sep mtrr pge mca cmov pat pse36 clflush dts acpi mmx fxsr sse sse2 ss ht tm pbe syscall nx rdtscp lm constant_tsc arch_perfmon pebs bts rep_good nopl xtopology nonstop_tsc aperfmperf eagerfpu pni pclmulqdq dtes64 monitor ds_cpl vmx smx est tm2 ssse3 cx16 xtpr pdcm pcid sse4_1 sse4_2 x2apic popcnt tsc_deadline_timer aes xsave avx f16c rdrand lahf_lm ida arat epb xsaveopt pln pts dtherm tpr_shadow vnmi flexpriority ept vpid fsgsbase smep erms
bogomips	: 6385.37
clflush size	: 64
cache_alignment	: 64
address sizes	: 36 bits physical, 48 bits virtual
power management:

processor	: 2
vendor_id	: GenuineIntel
cpu family	: 6
model		: 58
model name	: Intel(R) Core(TM) i5-3470 CPU @ 3.20GHz
stepping	: 9
microcode	: 0x19
cpu MHz		: 3201.000
cache size	: 6144 KB
physical id	: 0
siblings	: 4
core id		: 2
cpu cores	: 4
apicid		: 4
initial apicid	: 4
fpu		: yes
fpu_exception	: yes
cpuid level	: 13
wp		: yes
flags		: fpu vme de pse tsc msr pae mce cx8 apic sep mtrr pge mca cmov pat pse36 clflush dts acpi mmx fxsr sse sse2 ss ht tm pbe syscall nx rdtscp lm constant_tsc arch_perfmon pebs bts rep_good nopl xtopology nonstop_tsc aperfmperf eagerfpu pni pclmulqdq dtes64 monitor ds_cpl vmx smx est tm2 ssse3 cx16 xtpr pdcm pcid sse4_1 sse4_2 x2apic popcnt tsc_deadline_timer aes xsave avx f16c rdrand lahf_lm ida arat epb xsaveopt pln pts dtherm tpr_shadow vnmi flexpriority ept vpid fsgsbase smep erms
bogomips	: 6385.37
clflush size	: 64
cache_alignment	: 64
address sizes	: 36 bits physical, 48 bits virtual
power management:

processor	: 3
vendor_id	: GenuineIntel
cpu family	: 6
model		: 58
model name	: Intel(R) Core(TM) i5-3470 CPU @ 3.20GHz
stepping	: 9
microcode	: 0x19
cpu MHz		: 3201.000
cache size	: 6144 KB
physical id	: 0
siblings	: 4
core id		: 3
cpu cores	: 4
apicid		: 6
initial apicid	: 6
fpu		: yes
fpu_exception	: yes
cpuid level	: 13
wp		: yes
flags		: fpu vme de pse tsc msr pae mce cx8 apic sep mtrr pge mca cmov pat pse36 clflush dts acpi mmx fxsr sse sse2 ss ht tm pbe syscall nx rdtscp lm constant_tsc arch_perfmon pebs bts rep_good nopl xtopology nonstop_tsc aperfmperf eagerfpu pni pclmulqdq dtes64 monitor ds_cpl vmx smx est tm2 ssse3 cx16 xtpr pdcm pcid sse4_1 sse4_2 x2apic popcnt tsc_deadline_timer aes xsave avx f16c rdrand lahf_lm ida arat epb xsaveopt pln pts dtherm tpr_shadow vnmi flexpriority ept vpid fsgsbase smep erms
bogomips	: 6385.37
clflush size	: 64
cache_alignment	: 64
address sizes	: 36 bits physical, 48 bits virtual
power management:



Memory: 4k page, physical 8060072k(762532k free), swap 8270844k(8270692k free)

vm_info: Java HotSpot(TM) 64-Bit Server VM (24.45-b08) for linux-amd64 JRE (1.7.0_45-b18), built on Oct  8 2013 05:44:25 by "java_re" with gcc 4.3.0 20080428 (Red Hat 4.3.0-8)

time: Mon Jan  6 20:36:12 2014
elapsed time: 30478 seconds

